-1.0914043169709515
-1.076704322840896
-1.0135929915288755
-1.0620474803429734
-1.0866257716900218
-1.0002232901163028
-1.0710120229098279
-1.044052032000156
-1.0135143377026212
-1.0185787210383628
-1.03216626736891
-1.0618250930246957
-1.0072401688009278
-0.8380950409278345
-1.0228875906077284
-0.9268475684993844
-1.1023172454341081
-1.0129561653584185
-1.029595974449358
-0.9857477300597002
-0.7808487458341137
-0.9788151942979729
-0.9167075975586312
-1.0017537613718133
-1.030543541146087
-1.140665277126412
-1.1185045893223609
-1.0826253906603656
-0.963538002587777
-1.0790573057499468
-1.0004394180837055
-0.9927318897691282
-0.7700345190119701
-0.8732361784844554
-1.0035795401992593
-1.0267496440258
-1.0314505370955307
-1.0483195151843767
-0.9719736331540707
-1.055338584271394
-1.0004468282783758
-0.8517326908319834
-0.9005681185850545
-0.9616102620480205
-0.99628823599527
-1.0501707524721782
-1.0631089098956517
-0.9162140278075607
-1.0383540144149142
-0.9989296669931214
-1.0387861003407237
-0.9239863984800373
-1.0082757414268997
-0.9820905517196524
-1.0864059988250214
-1.0354188774873243
-1.036040352524064
-1.063060016319832
-0.9060817619188958
-1.0332503315394233
0.4453503195978671
-0.9699695396824067
-1.0500308332249166
-1.0881006709102572
-0.9671100150714574
-1.0656168990751083
-1.1025508849381715
-1.0598333089380731
-1.0213541076298103
-1.0997734954787948
-1.0363011529647328
-0.8955653500227405
-0.9970185880274078
-0.9273686040207094
-0.99729141314867
-0.9890097053591778
-1.0811773104530142
-1.0290415814343383
-1.0992750241062692
-1.0275754959836552
-1.0226727329736198
-1.0465653640885857
-1.136407872161103
-1.052479527495548
-0.9241136440488696
-1.0364142381932746
-1.0290355870807364
-1.0407678555883881
-1.023650169042341
-1.012597482877046
-0.9742980749461121
-1.0159852174707413
-0.9628049987488938
-0.9554114971251889
-0.9485852170535929
-1.027943526990254
-1.0419989342513118
-1.0169827703319312
-0.9950434590880686
-1.0580198356330417
-1.058715492972255
-1.0738774671725755
-0.8803104978869142
-0.99985275888794
-0.99985275888794
-0.878946091715223
-0.99985275888794
-1.053953123978899
-1.0476572932048653
-0.9907616043535528
-1.0492648201627413
-1.0069375438375001
-1.0151303939822496
-1.0003562537358497
-1.0607247271594207
-1.0562099565303114
-1.0787141836867908
-1.1073435460438597
-1.0656461358791662
-1.0010292979335433
-1.057123060646988
-1.0109287004498015
-0.9659013896271892
-0.9444194064799858
-1.1079978432428175
-1.062859778765253
-1.1155576033159105
-1.0122721588798511
-1.0698624428691526
-1.0605088685477024
-1.0916586832463475
-1.062824224752775
-1.0798179916926
-1.0779266809755725
-0.999995741281879
-1.0532116805433076
-1.0302275812102588
-1.0470031307277088
-1.072566637418671
-1.0706058783049617
-1.066750709534871
-1.0270443410837122
-1.0486090180001872
-1.0005464561318103
-1.0519538511328514
-1.048495677931332
-1.0424707054222628
-1.0411187955274241
-1.050377216337571
-0.9998740296654774
-1.0120591811123465
-1.0111826798740147
-0.694155126726185
-1.0238374406664126
-0.9866123642598487
-1.0099062232396685
-1.0214501208783306
-1.0309827157937081
-1.0208664917953905
-1.1384626112709824
-0.9703877648967731
-1.0218131661901813
-0.9922866099114581
-1.0260144358560543
-1.0793658406843631
-1.0544090902296006
-1.0111932229657254
-0.9339531192654916
-1.0151321252886139
-0.9990523890301802
-0.995636710475557
-1.0668218652028494
-1.0339051767282912
-0.9768893370216689
-1.0306410070114784
-1.0388039747220967
-1.0456541209272414
-0.6275967552972641
-1.0335392538126453
-0.9430662028596691
-0.48007046302036716
-1.0309706855854839
-1.0195171570490744
-1.0040170809438023
-1.0000701883692316
-1.0987722484528812
-1.0408826934268771
-1.0555801631421131
-1.119507570662377
-1.0673106201514095
-1.0042804319691119
-0.9952919608827477
-0.9776767354362406
-1.0592447561218141
-1.0115314382412113
-1.071945029805368
-1.085591144215245
0.41642502168902495
-0.99985275888794
-1.0640524435530987
-0.9588580627892097
-0.9652392936639305
-0.9464879196849332
-0.885020425397099
-1.0831008752992597
-0.9925010975857314
-1.0752922850788775
-1.0049082714601083
-0.9143753883714733
-1.00645541927468
-1.0002107443619548
-1.0728409506313947
-1.003998241912754
-1.0283441624900418
-0.9501706130226505
-1.0265133998074738
-1.078933975789496
-1.0734194101162648
-0.9509970114535703
-0.9628475680484666
-1.0291115078453585
-1.0853679430304939
-0.9324089854151987
-0.99985275888794
-1.0245681151288686
-0.9999967279201316
-0.9999666250632422
-1.0228975307694
-0.9719513070229516
-1.0533629462675334
-1.0538753099175233
-1.0940318113965006
-1.0836902701895292
-0.9758125564072256
-1.0007527887259038
-1.014780076205628
-0.9674233355681134
-0.9680160180465915
-0.99850883927518
-1.0468313512178336
-1.031431040308864
-1.0382462022553691
-1.0966753412626407
-1.0552687161073266
-1.0609771304055653
-0.9957299657803671
-0.9794185921748029
-1.0437121430915564
-0.9998340768398252
-0.99985275888794
-0.9440220715796658
-1.063390849441266
-1.070002524998918
-0.9029201253126393
-0.9162607985795651
-1.0672409337241737
-0.8789683313290716
-1.0024277714098293
-1.0339241704469861
-1.0518965800505256
-0.9763556328070775
-1.01074022068005
-0.9602514240803112
-0.975214985919669
-1.0464841331371797
-1.0089119057824754
-1.0021923524051908
-1.031573644761027
-1.0071917300342268
-0.9765302015741807
-0.9943172450893991
-1.0086436813238717
-0.9762594860251744
-1.0669221904461261
-1.1377968279305146
-1.0505327731029177
-1.087221027260993
-0.99985275888794
-1.0659598994115487
-1.1172881972446131
-0.8433520219038434
-1.0004192854145577
-1.0258159503659368
-0.9672031050842976
-1.0203693208187472
-1.0101975265187542
-1.0094830773076537
-1.0290128585683698
-1.0166027832490596
-1.0469365959351769
-1.041485115717692
-0.9585946622657995
-0.9917673412017366
-0.99985275888794
-0.9607465398191188
-1.0278856980869269
-1.1397463068134686
-1.03067854968246
-1.0569557011075243
-1.0346631123400336
-0.9718099354120586
-0.9999476399374098
-1.0027948214999731
-1.0961853944124378
-0.9513122592731074
-1.0162407039660282
-0.9941772973710175
-1.0126601448217987
-0.8718384085166562
-0.953687881899826
-1.0004192854145577
-1.0428174878151166
-1.0640094289529127
-1.0022821704496943
-0.9830129798017309
-0.8570505530754078
-1.0575595193277092
-0.9557248979307703
-1.0302067654042721
-0.9581648734119526
-1.0000281839898593
-1.033478297180051
-1.0501024017401024
-0.9114438895151326
-0.9921912575644882
-0.945482925821484
-1.0819025743634838
-1.0389739648560994
-0.9158845465802197
-0.9926191953786673
-0.9992823164193951
-1.0712845826303354
-0.9065110252614608
-1.0127620964300925
-1.096893443940826
-0.9883753603493515
-1.0646269317357688
-1.020898588262293
-1.0966692138543868
-0.924430210328025
-1.033951594048169
-0.9966772614985598
-0.9964565653937624
-1.0597111859994528
-1.0807847628742917
-1.0310026001758594
-0.9816049314900954
-0.998957878911877
-1.007867404092044
-0.9965597159443381
-1.005540373533566
-1.0315315454032286
-0.9774352149953689
-1.0478547179407751
-1.0774300002157942
-1.05320969195716
-1.0749778606231268
-1.0847356236056138
-1.0256209233360156
-0.9340816427460469
-0.99985275888794
-0.9149208503571726
-0.9031294984869443
-1.0810427177253723
-0.8883354325403356
-1.0308855739514904
-0.9660697541675793
-0.9030527951792878
-0.920868749004071
-0.9997425012610769
-1.0209863366657577
-0.9610171143766415
-1.0381746328697874
-1.0378705776033301
-1.028650759589516
-0.9377784573773961
-1.0114865148577126
-0.99985275888794
-1.0498155966367908
-0.9530110796315066
-0.9134756020655674
-1.013854613609897
-1.0515272124207535
-0.99985275888794
-1.018785473471065
-1.0371500367823978
-1.0959790743076934
-1.0553348632805974
-0.9290429088116824
-0.988594694009112
-1.0515356046348896
-1.0346065149567345
-1.0419521710744528
-1.0470056610955094
-1.0003560746635387
-0.8903155981111657
-0.9940806637387378
-1.0784642911736786
-1.0156975244063
-1.0541004539078898
-1.0865743696414067
-1.0642116204458658
-0.993785368876609
-1.0324346440329424
-1.012298471904591
-1.0377583092084994
-1.0662627644353957
-0.9140148509434025
-0.9794624122420659
-0.8646527933061438
-1.0211432307937156
-1.0165389914859921
-0.9652451433289417
-0.7793031074758442
-0.9124332450026067
-1.0362181643024648
-1.1139349017882254
-0.9488237772270175
-1.0419517538261602
-1.0704529747351152
-1.083553429558933
-1.0103212805411446
-1.0683251767258484
-0.9671100150714574
-1.0523857958541312
-0.9702814830054278
-0.9430602155609911
-0.9810038794396438
-1.0387717564700978
-1.0251388477578218
-0.988852348108472
-1.0954631950552443
-1.0357589074273548
-0.9988774443677263
-1.027431311385813
-0.9664387939980235
-1.0578293363124218
-1.0067805155244467
-1.0317320614959753
-1.0392679091927675
-1.0549614762965551
-1.0162967148180369
-0.9497849237900995
-0.932066563414388
-0.9911622818603169
-0.9747731121491554
-1.1009680524421388
-1.0500633109181012
-1.0413263993250728
-0.9169008854488788
-1.060156883216188
-0.9464189874108925
-1.0196667498220082
-1.0273191087019946
-0.99985275888794
-0.9970306063959973
-0.945945582557228
-0.8757012150538186
-1.0375802123058488
-1.0298585274342098
-1.0306412525312523
-1.0652260600879442
-1.0112944254101408
-0.9380636708343928
-1.0765130825955795
-1.0436672359406491
-1.0203524241480297
-1.0360907811148365
-1.027442399353362
-1.0730542410772195
-1.038632904663452
-1.033371164749041
-0.9697926061894637
-0.9558350209968915
-0.9857858912724782
-1.0973509361416236
-0.9280638373935868
-1.0283285364474704
-1.0532771355028352
-0.9988140036355901
-0.9227216047515814
-1.0038485493171472
-1.0004192854145577
-1.0082226892113173
-0.9824989465083738
-1.073299004129152
-0.9625213811735532
-1.0474025939001361
-1.0861513892974297
-1.0340467359422272
-0.8808579049856247
-1.1123342171809016
-1.0085642745136083
-0.9396468150912394
-1.0566285903641213
-1.0155733771709377
-1.0735418196955242
-1.0242972804900492
-1.08892599208959
-0.995930499668896
-0.8816632889368015
-0.8836560192290671
-0.9878092695346574
-0.933675196869191
-1.0517120539898457
-1.0320526637216552
-0.9718216691959044
-0.8603414445210661
-1.0019423505177998
-0.9934986814799114
-1.007994682413397
-1.032630478013418
-1.005407603232433
-1.0735073269867377
-1.053527855204755
-0.9841200481073834
-1.090754797654168
-1.01615058334697
-0.9212637563982942
-0.8801120854865958
-1.0904705095590335
-1.07087836242459
-0.9911367051316122
-1.0266467968075115
-0.99985275888794
-0.8567093531285814
-0.99985275888794
-0.99985275888794
-1.0150654382724786
-0.9916724037279779
-0.9406124611440467
-0.9626198212141923
-0.9798904316716159
-1.0306672847338778
-0.9335169982706046
-0.9381116538322608
-1.131404091793593
-0.99985275888794
-0.9834636631459
-1.0303508609997607
-0.8994316712816538
-0.8280100990887078
-1.0376974594372022
-1.0004192854145577
-0.9801795787781835
-1.070439866355699
-0.99985275888794
-1.0393790962331
-1.0010066163351707
-0.9231291950896817
-1.0007901213199342
-0.9941955875228936
-0.99985275888794
-0.9753927069699053
-1.0937579394975756
-1.0576798995010663
-0.9590368807668928
-1.0409170794729974
-1.102264090758855
-1.099071502825506
-0.9336202256032664
-0.9415394563916649
-0.9598913791293027
-0.9958159635541888
-1.0172379798087547
-1.0344248894224588
-1.0271723616061896
-1.077131994944802
-0.9983186304380351
-0.985533741811571
-1.0333555031536839
-0.9951730839431181
-0.9914442299747308
-0.97192362994685
-1.037316752586249
-0.9581010151628631
-0.9687115238521875
-0.99985275888794
-0.94679958152752
-0.9848527129071659
-1.0370403379267663
-0.9824321080154699
-0.99985275888794
-1.0348754193187966
-1.076818156996985
-0.99985275888794
-1.0180746791097581
-0.9470703628180713
-1.1201291089208179
-1.0501036204938718
-0.9305917540466844
-0.9761125527629979
-0.9782420786473719
-0.8930446458257246
-1.0138819029321968
-0.9633758070986252
-0.9581020336469577
-1.0032620449294074
-1.0200874668408606
-1.0464104499375009
-1.0137933539555148
-0.9959202704405964
-1.0203266770583785
-1.0040229424789453
-1.0532794199551287
-1.0411689712647139
-1.028924755682893
-1.076967534739092
-0.9959049007325461
-1.0099115783378418
-0.8634238821882526
-0.8787711645426872
-0.9634280362088665
-1.0143683112354578
-1.0122943528707786
-1.0588307277909859
-0.9980372227366205
-1.058285311563986
-1.1310851710477547
-1.0147500265241647
-0.9578087957826972
-1.0910880881330844
-0.9473587298209791
-1.0146050046985282
-1.0468071637184058
-1.0228003632765963
-1.1084915142079879
-1.0077216109799867
-0.9950896781964318
-0.9749287132304544
-1.067004923502831
-1.1033025499678653
-1.036143612192783
-1.011931704310463
-1.0136190889758352
-0.9947787023346624
-1.0094077769637055
-0.9847052208006688
-1.0374730354644277
-0.91700691975584
-0.961390656133835
-0.8790982825333145
-1.080901937986507
-0.9231336091414687
-1.002084191926657
-1.015096258877749
-1.042346452018662
-0.8742372984305897
-1.039885616420187
-0.9712889166882639
-1.126948694745473
-0.9519565443550989
-1.0148570879824939
-0.9922195531557382
-0.9751856365389494
-1.0133428867240521
-1.0062846144254989
-0.9430683357747893
-0.9505003995590349
-0.9311411026931475
-1.0173090250156391
-1.0928013580351348
-1.108041451618966
-1.013361203976698
-0.9363804177123387
-1.053694404926594
-1.1360801759445929
-1.0500074536763866
-0.952890671944996
-1.0833281400731805
-1.0239313191763806
-1.064326538346796
-1.073613298758299
-1.0415789909167628
-0.8848087305047717
-0.9938874092689806
-1.066656089743625
-1.0339435941637904
-1.0719661684298487
-0.9354481678516959
-0.9599814519053256
-1.0602002954187006
-0.9901889150994836
-1.062625569751094
-0.9877628898576429
-0.9836855561589272
-1.0361982207149352
-0.9524054142032793
-1.0797677229537093
-0.99985275888794
-1.001773750823076
-1.0291350306128924
-1.0516574912096266
-1.0534865600621488
-0.9957089794362304
-1.1417351380874543
-1.0884191292291039
-1.0365331759521785
-1.0388137018385712
-1.0046233192442258
-0.8899107283001976
-1.0647667268368972
-1.0136081155192036
-0.9598885066622507
-1.0024414623391682
-1.030449820340027
-1.034879952003577
-1.0258558187050077
-1.0438556609971117
-0.9830755793348553
-0.9790703893454428
-1.0304202385058776
-0.9789648302792249
-1.0859412083514268
-1.0470571855447557
-0.985787448487127
-1.014100528291947
-1.0004192854145577
-1.0824071753246243
-0.9926124065198718
-1.0524009697954693
-1.053722572510373
-1.0086389536460465
-0.9931481163079497
-0.9543488266029335
-0.9722587563308558
-1.0349951218370466
-0.9334095647964689
-1.0048715373233852
-1.0500054706487754
-1.0489287897426012
-1.0193621601361698
-1.0135849312964968
-0.9996498253488265
-1.0272257664455662
-1.0688179135317297
-1.0496667453583186
-0.985574317300598
-1.0004192854145577
-1.0444788825195785
-1.0997759318680933
-0.8659944246782851
-1.0154129968189818
-0.9763305318404845
-1.0005184258137587
-0.9872313249201027
-1.0256525594197825
-0.9754897956711159
-1.083755779379423
-0.9648685439062228
-1.0049097714609552
-1.0512156459786053
-1.0131960470900538
-0.9821619393414732
-0.9410656327462069
-0.9547705835786776
-1.0594678998853573
-1.0328642543399207
-1.0383639263677964
-1.0196868794791147
-1.0132898836514475
-1.1102735992013624
-0.9475261211217085
-0.99985275888794
-0.99985275888794
-1.0004192854145577
-1.0289804323510134
-1.0054437228809536
-1.0663527302930227
-1.0064785461413266
-1.0952383463334638
-0.9622632816502606
-1.0380416671135877
-1.00935432951918
-0.9710268136752268
-0.9932336442250778
-0.9917057177955169
-0.9904456294491345
-1.012247346804496
-1.010117092309489
-0.99985275888794
-1.0130187371502317
-0.980514638709493
-0.9819197681100763
-1.0517207523134156
-1.0219597476627151
-1.0165450789599584
-1.0401606011781854
-0.9993994071692536
-0.9965074490408149
-1.0091710246118115
-1.0707790249122948
-1.0343962262945476
-0.9996683029922173
-0.9674151380577961
-0.9793385084513986
-1.0541744019351404
-1.0148831331334893
-0.9412034202502207
-1.045933979043707
-1.0151538240929479
-0.9796975332118043
-1.041257853575332
-0.7354459121973878
-1.0004192854145577
-1.059333685709607
-1.031978603773664
-0.99985275888794
-0.9392556549746583
-1.061306741417797
-0.99431158613731
-1.0576588921538508
-1.085834419062638
-1.1155058516919985
-0.9358244775402302
-1.0166134718800546
-1.009344804280925
-1.024278513209444
-0.9136457546884212
-0.9650367834494978
-0.99985275888794
-1.029427684686627
-0.9501578324123927
-0.9505854026569065
-1.0403307732281197
-1.0188657607139913
-1.0165943196122338
-1.000378386431564
-1.0102635471606918
-0.9088593813623478
-0.9796064298306246
-1.0688296491274252
-1.063792048314541
-1.0340011646654186
-0.99985275888794
-0.9939050296165834
-0.8449281329923067
-0.9708347541813982
-0.9857531729649214
-1.0140638192246625
-1.0449472717947745
-1.0622714137661462
-1.0427740857584198
-0.9935467398291205
-1.0354547172064177
-1.051432903541125
-0.9708547610347049
-0.9994835229506989
-1.053649908843222
-1.070977963671626
-1.044310349326414
-0.9199273486107322
-1.0303774495017004
-1.012366887467995
-1.0729673739805992
-0.9805699311337868
-0.9915445576738668
-1.014770931191833
-0.9987559116772826
-1.0378722818403772
-1.0762095211405673
-0.8574587772476666
-0.9089005163111475
-1.020119391260867
-0.8531687036020048
-1.0444095679546557
-0.9596435119112763
-0.9004903274559342
-1.0086724156350093
-1.0088529050712154
-1.050751898845154
-1.0750498935365607
-0.9668642118598109
-1.029642598193867
-0.9981308266349854
-1.0146483141715947
-0.9933506937502399
-1.0532162749487621
-1.004585056303248
-1.0553559540082786
-1.0863338237658031
-1.0321331227646446
-0.9981030258262429
-1.0859709203992094
-1.004652429731228
-1.074537841651789
-1.0521561049989012
-1.0019235010075893
-0.9772759065144591
-1.0141218221452186
-1.0775635569686832
-1.0466829800633404
-0.9976660103968809
-1.0321083057307172
-1.0024628488137701
-1.0020438855419984
-1.0017277106137046
-1.0414222451829582
-1.0361950325305704
-0.8888034212589347
-1.0048049800754542
-0.9512298351089722
-0.99985275888794
-1.0563894532721667
-1.0004192854145577
-0.9733462241552804
-0.9806870355419695
-1.032856058435174
-0.98622660697297
-1.0882631725823175
-1.006029439496506
-0.9628959506510489
-1.0127396253913228
-1.0505548663977866
-1.0919460559883376
-1.0472153472388264
-0.9663181124445284
-1.0791804692747367
-1.045342600655868
-1.0214920124043747
-0.9776365763338832
-0.8412211960552213
-0.9837966434100759
-0.9922051266884724
-1.0693002058311403
-1.041834864002581
-1.0502325041266103
-1.0633132935090666
-0.991395826337268
-1.0288780120405816
-1.0405615770009682
-1.036040444247504
-1.1165899961301662
-0.9442587041816256
-0.9600806370522782
-0.9946106207568542
-0.9670590023659069
-0.9759457684120905
-1.0818232564679442
-1.0065569256613096
-0.996892345968206
-1.039720176819337
-1.053622952942456
-0.9912397400695326
-0.9227712924775129
-0.9997353488995845
-0.9310550427509505
-0.9814740576082643
-0.9935181083205605
-1.0634693357003493
-0.9766252197911974
-0.9984938833431553
-1.0892951448300947
-1.0056254787584447
-0.9953484339359412
-1.0627545308037227
-1.0271099227486045
-1.041015847578604
-0.9978245281269554
-0.9817152615612494
-1.076214231483333
-0.9995568757830458
-1.0441565101656185
-0.9981262727614572
-1.0274128919132488
-1.0826460915913445
-0.907299057508536
-1.040016894778455
-0.9994915958396017
-1.0093532587662921
-0.9208573631290965
-0.9907860412133711
-1.0574723847254108
-1.0475121938196148
-0.9744590540334168
-1.0711147531909184
-1.0918065119112712
-1.0784039058875645
-1.0125679806926031
-1.1030397016023685
-1.0563867882155693
-1.067857141609522
-1.1257941956696829
-0.9990159687689895
-1.1311392325162912
-1.0113554945099454
-1.023476176819329
-0.9959602478924182
-1.012699135982922
-0.9794722378449586
-1.0026480045520805
-1.0783753092094908
-1.0363531572714169
-0.9723895072056338
-1.043177418551867
-0.9748618690781302
-0.99985275888794
-0.9736666038091794
-1.0173290725796
-0.959961341827379
-0.9908839229583539
-1.0987641428671608
-1.04725326275349
-0.9732032160961901
-0.959072584070646
-0.9872680941137322
-1.0017092221774584
-0.9749262511504615
-1.0032909316409078
-1.0850079739926033
-1.044406690124038
-1.0397028020706218
-1.028772872982029
-0.9675763764017555
-0.9871070552596544
-1.0367747539842875
-0.8712282641640606
-1.0208233108947293
-1.1541589551661253
-0.9654989120673282
-1.0605917035903485
-0.8736774714735621
-0.9958837248638898
-1.039904322108229
-0.9966034227349877
-1.0054554844401495
-1.0178608588543236
-1.0567799978319619
-0.9684414029994025
-1.0668495785588326
-1.0584554790129759
-1.0138423035498159
-1.0800579877901237
-0.9441039796184704
-0.9934382412907107
-0.9675332725937301
-1.0581436387333734
-1.0441686457840917
-1.0613954695337589
-1.0011109478483944
-1.0301272673756308
-1.0512294174215013
-1.004949636122617
-0.8568041747223288
-1.1166528172173906
-1.001834133036941
-1.019934145189589
-0.8752722776906582
-1.0714607561689466
-1.0801098201758519
-1.054117431730161
-1.0177504034072673
-1.007992395364635
-1.0634999092593855
-1.0722269739592076
-1.0081970572727523
-0.9961585050220316
-0.9499013181781247
-1.0310563331665201
-1.0790713598093638
-0.8966672506771319
-1.0595827804497808
-1.1574841119490138
-1.0681230412237985
-1.035923861942198
-1.0407510351457467
-1.0852354124569201
-1.0992276993371697
-0.9784871779444979
-0.9852321742738986
-1.0221378754363073
-1.0919680373776188
-1.1205981280928676
-1.0000906981386608
-1.056018814691089
-1.122303847035
-1.0070275924667396
-1.0537954927579547
-1.0417339243258907
-1.0840081512360373
-1.0491981979337612
-1.0592447561218141
-1.0396379846085426
-0.9831275296532015
-1.037675507573956
-1.0202630737726304
-0.920845155394473
-1.066725206290548
-1.0835942294375387
-1.0135117737147419
-0.9513615760568273
-1.0378748544419762
-0.9895975062568654
-1.021237986189203
-1.0249357190385404
-0.9915551436546571
-1.1239185754978798
-1.0274222814466663
-1.0368292019389627
-0.9916335801158094
-0.9660285031680744
-1.071833207861475
-1.0321394654919878
-1.0732201029918789
-0.9744292795091045
-1.0661232828341698
-1.0140730872415078
-0.8979768934377186
-0.9416364065934899
-1.0152921687531613
-1.035714879914806
-0.9918302745938473
-0.9056779344463903
-0.8874768827251334
-0.9845489995481645
-1.024849614605444
-0.9467849288591375
-0.9546637695087827
-0.9460241339931952
-1.0371880760116357
-0.9312328625309548
-0.9277077068042335
-1.0035662418633677
-1.009729132490027
-1.0106368727841557
-1.0783913390020372
-1.1143130237964614
-1.0205431486221048
-0.9515155688293986
-1.0475710244535996
-1.0392592720997267
-1.0973618097073436
-0.9761004295878507
-1.0261958491752883
-1.062745970323959
-1.0422031185057363
-0.9849520701571048
-0.9282367220412917
-1.0298830510287407
-1.019037066106196
-1.071953396381163
-0.99985275888794
-1.0142628549063264
-1.019777201442822
-1.0952828297055104
-1.0148886230415943
-1.030097900168488
-1.0719079455743925
-1.0200923226283258
-1.0006260647809617
-0.9356156715267571
-1.0645335371008724
-1.0227182160754205
-1.0457228759441786
-1.0590361174629235
-1.0457817265502154
-1.0402629535117618
-0.99985275888794
-0.99985275888794
-1.0500110991612843
-1.0418195982890928
-1.0199963502586653
-1.0343767189093773
-1.0543665600267023
-1.0115871420810707
-0.990074039009832
-0.9095210493621039
-0.8649297612133057
-1.0216982419847733
-0.9372802877035321
-0.9765716946617188
-1.055964186476489
-0.9623559879125401
-0.99985275888794
-1.0462791341231803
-1.0694397142182042
-1.0335272441731584
-1.0303569589442347
-0.991766403244941
-1.0470217118667497
-1.0292328284371288
-1.0236314158835833
-1.0725595370357317
-0.9353981808596076
-0.9090634140305728
-1.079878280466771
-1.015500976553863
-1.063629830736159
-1.066903198070685
-0.978361463570825
-1.0130451688993807
-1.0051742146527327
-0.939940700126744
-1.0289735319589859
-0.842731188932965
-1.0525153428505105
-0.9790062147071716
-0.9997633290040082
-0.9986758288129916
-1.0703138829436376
-1.0620532212756069
-0.99985275888794
-1.0784179580336133
-1.0269285109764172
-1.0534384279855
-1.0991984143405942
-1.0812850592520231
-0.9842129013465373
-0.9421422338571139
-0.937852108443824
-1.0088433594208004
-0.8990057743956036
-1.0295401106543223
-1.0831200108085108
-1.0043173292175047
-1.0599431438378706
-0.9926519634359913
-0.8809444380529157
-0.913818813480975
-1.0264732135508594
-0.9835673112387685
-1.0865821780531093
-0.9889899242630664
-0.9738861602533533
-1.0262538251932094
-1.0032490377370236
-1.032901540781616
-0.955652935104207
-1.0565269724569875
-1.0579954852895266
-1.070141899434951
-1.061536118795149
-0.9731577174262728
-1.0110825150557257
-1.0401211019478656
-1.0691544865354767
-1.0339598441182463
-0.9888935637125613
-0.9082526400407184
-0.9664237188890037
-1.0185369522628234
-1.017236210954703
-1.012519954679937
-0.9936395013763513
-1.0021676984442545
-1.040523859193268
-0.9598364994626721
-1.0095398511009352
-1.0691020178848682
-1.0915743219585023
-1.0372109149711826
-1.0736664766625976
-1.0628188198939208
-1.0523174745397794
-1.1158481910862177
-0.9236451270622522
-0.96683615875445
-0.9418442252175844
-0.975774014280825
-0.9922841832174695
-1.0614462508324056
-0.9584243531619113
-1.0305966811506646
-1.0068187185112802
-1.0200194932900022
-0.973608888000129
-1.056444962314017
-1.0757513748432384
-1.0831168079990017
-0.9823534679025758
-0.9859026648215485
-1.0025710547786275
-1.0359672519555547
-1.0218256963076833
-1.0053706977707293
-1.025908271068695
-1.0081169469175935
-1.0206027751047897
-1.008549074156821
-1.0486346707512038
-1.0198311197686454
-0.8798419363395982
-0.8965516614471511
-1.060804591187726
-0.9982871755874325
-0.9297335972353293
-1.0231822539871396
-1.070436137309469
-1.0247900816817521
-1.0521707182075775
-1.0297871758100956
-0.9742754266395587
-1.0119986867587576
-1.0725789593309019
-1.0940573144150723
-0.9897431287461302
-0.9266512056952726
-1.0646271447774183
-1.0094383846227755
-0.9836906186975951
-0.9979527064254052
-1.0551789324371548
-1.0061009068172289
-0.9750130974226099
-0.9871679901253341
-0.9968530067932541
-0.8588608746727489
-1.0992809066097295
-1.048406119034308
-1.0454189150352322
-1.0583013863981972
-1.0533094512624352
-1.0133555526398133
-0.9148899370473149
-0.99985275888794
-0.986749820843621
-0.8827600755143766
-0.9966000483817183
-1.0295082652348504
-1.0429984003192865
-0.9961467945995237
-1.007255130398357
-0.9928140289871854
-1.0222424177171343
-0.99985275888794
-1.0740030926195367
-0.9632252292069251
-1.0001216207481143
-1.11057430654745
-1.0458094602714414
-1.0930911215455523
-1.0958005436130323
-0.9858532862773213
-1.1008117181501658
-0.9667632916445352
-1.0326370655990995
-1.090711013927589
-0.9928465352577917
-1.0909845279014445
-1.0482273163051723
-1.0981362828039183
-1.1029650071382646
-1.0269005408957554
-1.0192878169555977
-1.0359473958412724
-0.9731635475606789
-1.0487440402056936
-1.0890644353599408
-1.0260821405327392
-1.0040777891453403
-1.0645891120945754
-0.8958206128400138
-0.9607304549170648
-1.0595263445036436
-0.9208410514350298
-0.9887243935574997
-0.9210781454556303
-0.9995750920826243
-1.040308011654812
-0.8855006246561521
-0.7980957557216355
-1.027474863658921
-0.9711124402946008
-1.0444447832369061
-0.9383606749675104
-1.0207035962186106
-1.0388586674257154
-0.9541538148431459
-1.00691328200457
-1.0536167188813352
-1.017643477972854
-1.0056455025852713
-1.0230453931352694
-1.0390089587480884
-1.0348641804335452
-1.0868050900150683
-1.0829263481168443
-1.0346763511782195
-1.0365431570621775
-1.0417518151428637
-1.090770358823581
-1.0111319035368411
-1.0333443318867783
-1.059484321523747
-1.0562909868555352
-0.9773700452986455
-1.0229735470558348
-0.962012128987828
-1.0711792320687161
-1.1014453069514618
-1.0363553849665474
-1.0411897973574649
-1.0635342750135461
-1.0054190812797432
-1.0011019292065249
-1.0284308013454158
-1.029757390762953
-1.003012080386009
-1.006189804107887
-1.0853440247840331
-0.9589913350280703
-1.0328283345926783
-1.0813108935543418
-0.9846745817541618
-0.9333842105238882
-0.9824711372259789
-1.009437365965108
-0.9371710810557586
-0.9849210818580966
-1.0479507730011384
-0.9508129466852631
-0.9831679982324388
-1.0047443665830338
-0.9641964478743771
-1.0390474207825173
-1.0142897787298526
-1.0852784453333975
-0.9935015077025292
-0.9672135777961309
-0.982113026920783
-1.0193614029740306
-0.9701516451130627
-1.0738350540984474
-1.0352268662255397
-1.0640146583946506
-1.0532469545142158
-1.027415240279976
-0.9919770373697883
-0.9647145490602602
-1.0677054705528235
-0.99985275888794
-0.99985275888794
-1.011583273405234
-1.0380960162157922
-0.975700897110063
-1.0367730508306188
-1.0226107522476908
-1.0211464702683148
-1.0105546850651517
-1.0260199910215302
-1.026824917055998
-1.0289219844521682
-1.0829424814866104
-1.0264578223930494
-1.043005911236391
-1.0028955362622096
-1.07069140222833
-1.1127678642833339
-1.0827915379313584
-1.0755538757972847
-0.989877444895317
-0.9156509053759246
-0.99985275888794
-0.9781241183218686
-1.0337019177638116
-0.99985275888794
-1.0212241998637444
-0.9519983744327802
-1.0114517949592756
-0.9924482904782954
-1.0968220600751122
-1.0391959692875616
-1.0078590705607393
-1.0631579012751766
-1.0766044213057024
-0.962700099151298
-1.0794269771531457
-1.0371584611820277
-0.9100752100023973
-1.0850587855411395
-1.0799379551535535
-1.07875820905714
-1.0384288409101015
-0.9941279204660292
-1.019223883801232
-0.9375280917475693
-0.9273291729785287
-1.0967244845024866
-1.0839461510896693
-1.0099121370746054
-0.9675177373914747
-1.0570921258652888
-1.0102717049146843
-0.9479841624679359
-1.0266794798493395
-0.95295310748026
-1.037210673005878
-1.006214199666299
-1.111647802042645
-0.9687390453271245
-0.9523351809124375
-1.0060553702998252
-1.1373071847553848
-1.1418973745240004
-0.9494287174523808
-1.1556954465407843
-0.9869428316834171
-1.0205304300010407
-0.9763631236168163
-1.030763204321199
-1.034734559480439
-1.0442074131419783
-1.1048821523341268
-0.99985275888794
-1.039066200012316
-1.0124596554280427
-1.0637137242767103
-1.01545761137189
-1.0895000331567062
-0.9765047755481175
-0.9768325440296041
-0.9941198458967586
-1.038550423050494
-0.9784282217583006
-0.9764235097362202
-1.0718428163883291
-0.9837920598789973
-1.0453981628743934
-0.9850182708422687
-0.9931713229892155
-1.0552436826609208
-1.0303428738473364
-0.9377123751589815
-0.9459662219238762
-1.0994677544642875
-1.0096907288116639
-1.046195494672181
-1.0933650062447058
-1.0877235723051701
-1.045667691578127
-1.0097425675298242
-1.002101494683252
-1.0557560307026574
-1.0829592367749772
-0.9575246857582608
-0.9364464443740012
-1.0446934729177142
-1.0661878970157819
-1.049751917783637
-1.0407819560399547
-0.9785888814591761
-1.0107239539200474
-1.0017312608515472
-0.9152508148859482
-0.9909407950320476
-1.0584226903940654
-1.0428716342091287
-0.99985275888794
-1.0282154054612052
-1.0214640733198048
-0.88898977493116
-1.0314138287618164
-1.0309657639890975
-1.0160503025912053
-1.0013207008874323
-1.048229662868021
-1.0175949492582
-1.0668378842307509
-1.0297569390958308
-1.0427357339113223
-1.0654968856291391
-0.9804836609325291
-1.0331885239127478
-0.9980161971850405
-0.9490666986850217
-1.0345073215041478
-1.0890535221313329
-1.1022961250489525
-1.024661300824652
-1.0702818339741196
-0.999496829821505
-1.0288033900605003
-1.026110863468104
-0.9929083824343063
-1.075207009915188
-1.071487453077401
-0.9957108704563266
-1.0970732804095709
-0.9942314432322716
-1.0080473014275975
-1.1144630037134349
-1.0128792651704386
-1.0445521099529287
-1.028236651514648
-0.9619443622269059
-1.1009982168981367
-1.0383395880642887
-1.0825636659287916
-0.9875805262991662
-1.0981056576111354
-1.07837400647225
-1.1187618644677442
-1.0108356757415184
-1.0792599901727888
-0.9988462071262029
-1.0151749258688885
-1.067102549328187
-1.0192428427165083
-1.0314536058341888
-1.011973773091728
-1.0124058177680744
-1.072930765098094
-1.0280027483400433
-0.9738572169023527
-0.9671680349820199
-1.0112987784429313
-1.0108191771525634
-0.936114937145532
-1.0104497704516164
-1.0024719437929739
-1.004835062569827
-0.9426504752623611
-0.9327415323162699
-0.9220252945777988
-0.9778715476236151
-0.9585203911648102
-0.9744029609751601
-1.0052135120601298
-1.1412107574162778
-1.0246467965514596
-0.9638608181780238
-0.9816080068301186
-1.0463042804095193
-1.0293209921282194
-1.1135684298403123
-0.9510032878125392
-1.0004819469176167
-1.0794584534297416
-0.980718350370787
-0.956701420574285
-1.0458411472862505
-0.99985275888794
-0.9741611653716746
-1.0702009317133552
-0.9960243029322795
-0.9605294806661508
-0.990314786049093
-0.9661484046603565
0.0952125620926979
-1.0734943727073247
-1.110434541383733
-1.0396144045867113
-1.0292028268917688
-0.9769258648189721
-1.0675060854301246
-0.9845675421519893
-1.0553400645826403
-1.0004192854145577
-0.9915335975206951
-0.964785331768474
-0.9842502419833374
-0.9724726337841125
-1.061984694583778
-0.9615050399023726
-1.0229006310720499
-0.9969057702596236
-0.9987303563038493
-1.0147040874641273
-1.0562855056798526
-0.9820460276005669
-1.0923886779075858
-0.99985275888794
-0.99985275888794
-0.990774444496799
-1.041979178748228
-1.0113307593752197
-1.0505013051948733
-1.082646406760851
-0.9450303808455403
-1.004039372455948
-0.9742969039174835
-1.0156293687528004
-0.99985275888794
-1.0276787662260198
-0.9902850408598992
-1.0611933484002298
-0.9488051804264586
-0.99985275888794
-0.9879807033294347
-1.016428734524429
-0.8668145647741241
-0.9609878517062949
-1.0661045737399415
-0.9672851717727908
-0.8747594405001937
-0.9680039228732118
-0.7391411721931115
-0.8837721811429295
-0.9117687202699971
-0.9399220731777638
-1.0141221429351863
-1.007855384182161
-0.9780592552477118
-1.0143654014162664
-1.0252260028879092
-1.0847539598331362
-1.033559700878671
-1.111390642085934
-1.0624665040960113
