0.06946571981879823
-0.7256256251538681
-1.0045771522318017
-0.8034500784425073
-0.7009653507451931
-1.0207974068004022
-1.0174309679484579
-0.9974545510985925
-1.1318442662990664
-1.2781422750834586
-1.241231609324064
-1.0845245034233666
-1.130284636507093
-1.0379221078959555
-0.9417193219006427
-1.2123466696672116
-1.0962132154582365
-1.0429669776580845
-0.2585230565168245
-0.6258510267819744
-1.2052220437574186
-1.239021601186554
-1.1322708186548356
-1.1574213524907573
-0.5263491414432904
-0.22215571578702809
0.09889168104602741
-0.387130507731669
-1.1860409501047435
-1.1742092370806045
-0.937148379139528
-1.103354609480877
-1.1052403978363314
-1.1146259068032847
-1.107515861535128
-1.259595526032513
-1.3323260227648746
-1.1332051015996054
-1.0373335155204693
-0.9813046467381511
-0.9303856791928077
-1.1358777446153256
-1.1385179673725863
-1.1470089384158701
-1.1750603944309639
-1.37595231274043
-0.9594890607480181
-1.1305860522101157
-0.7076172977424577
-0.8244537854254996
-0.6608111838003532
-1.1526110946111097
-1.134757226816418
-1.0846629608458127
-0.831686559747894
-1.3113757865694176
-1.2713873858577163
-1.273834323307766
-1.2408539214665244
-1.1457406599934514
-1.2225904393143994
-0.9998899586508103
-1.230766794972536
-1.2304799727838152
-1.0447148665232855
-0.9369667852003497
-1.2085481679158878
-1.1018988090444028
-0.9841965335797993
-1.3245268677683992
-1.0512975216640164
-1.1466802298669831
-1.1617523682403634
-0.8979002298419387
-1.1129745653623382
-1.1375471386589047
-1.3604062608031615
-1.0871586937828996
-1.230916269416719
-0.8645021566211735
-0.7760291689915073
-1.0048395674423602
-0.648195023606916
-1.0292147255847137
-1.1829363306639937
-1.0511791522847316
-1.2103753530861956
-0.8930340165276308
-1.1723878979869549
-1.1065998272161388
-1.0890865918983317
-1.0201408404387875
-1.2280960860956114
-1.04406329984729
-1.1462647853638566
-1.3404893405741727
-1.1637051897868451
-1.1415484239360887
-0.8983258790872226
-1.1238437627898787
-1.2853318194473644
-1.1961237841742243
-1.1470875586500866
-1.1242306716123942
-1.1242306716123942
-1.043528204707151
-1.1242306716123942
-0.36521972395041746
-1.094817942289688
-1.025075173041324
-1.1070277726224844
-1.0122550090438034
0.9150004496696056
-0.22363255812226246
-0.1870348165716471
-0.9225755141428214
-0.20831151628209466
-0.6741967143967242
-1.0010889224501236
-1.1193039019545812
-1.0957146119883912
-1.0295463602430903
-1.2877799607573046
-1.2592050504552066
-1.3167993085560128
-1.0086250493144577
-0.4111677792469808
-0.7722284650319939
1.0000282608655273
0.1528889449298143
0.5737492211498569
0.983662025999529
-1.0407989968178768
-1.0980981573884814
-1.2082671788592785
-0.9533864346378913
0.5820208162301541
0.7256467152177724
1.0003335711284524
0.6171519235536429
0.9989263254577829
0.47369881866772046
-1.0115581765844492
-1.1715893963636723
-0.626425469109839
-1.0213702816896992
-1.173682426634108
-1.2054396221141834
0.3131168630468708
0.4763093919873427
-1.1446937571998324
-1.088902008242847
-1.0782834898517262
-1.2558531761770504
-1.173521307138449
-1.1294350641910922
-1.1162604654055557
-1.0910061929588797
-0.8576818463396603
-1.0668847915791917
-1.0912981931066894
-1.020829977495053
-1.044448267309618
-1.4447642790317001
-0.855173858014135
-0.8652243339209014
-1.0637528401458745
-1.072000747247627
-1.0869332817588646
0.7652107864402125
-1.0941872568737154
-1.2206111479046324
-1.191066293862069
-0.9196593356856879
-1.0612558367675078
-1.1232187887861431
-1.0839283571812846
-1.0057254116402434
-1.2081917621908822
-1.3574261489890898
-1.1366935129474491
-1.1238953011782908
-1.2217228832799698
-1.2813195160655784
-1.356495540031013
-1.2233711430864254
-1.1090872290914673
-0.9895185945458477
-1.3728412532163476
-0.9995473335323225
-1.3517802922000273
-1.1270052289466561
-1.0961130139557647
-1.1117452128968708
-0.8561845684301762
-1.1673986259892812
-1.226660481506132
-1.125009016128264
-1.1242306716123942
-0.9659216301298497
-1.3651971944090522
-1.1655857223873014
-1.2607513970175632
-1.1625372385970691
-1.3110187344909445
-1.1306626293633153
-1.2087283418600432
-1.0311542943770424
-1.1639029388022548
-1.0944737356664536
-1.0866081314795935
-1.4043991301602659
-1.1270913397593278
-1.3220343256933993
-1.0507369790149428
-1.1390212987307227
-1.0255554565573455
-1.1380093425151028
-1.171930432979106
-1.269629872742183
-1.087093063486313
-1.1377491482896382
-1.0778045217107126
-1.1242306716123942
-0.06945899230004149
0.41861486718212126
0.05963235868501027
-0.5760584776465949
-0.9178126032179978
-1.3810369856137295
-1.1331995388500269
-1.1960854093564834
-0.9010925744283452
-1.3637969832757593
-1.2848460515261435
-1.3598122890482274
-0.8811759261968821
-0.9726765846321542
-1.1859804798134814
-1.2422700792926546
-0.2515459746421347
-1.160903953213715
-1.1569754833712789
-1.0358441236622384
-1.294683681994039
-1.029047382921601
-1.024087984158544
-1.1550725986095967
-1.1134138522772132
-1.1242306716123942
-1.091119436189495
-1.3323067903713364
-1.2884973151818166
-1.0069901217404988
-0.8773724361876645
-1.3785405181193866
-1.1164317015854839
-1.2192808099386647
-1.0572655553996895
-1.1839414491431208
-1.299439825208713
-1.1411423644362657
-1.047926860882948
-1.2075612415146018
-1.431161490063585
-1.2736753810697277
-1.0026383865416373
-1.174190786423357
-1.0680731032935153
-1.0101447642995107
-1.037418224384508
-1.1497027832604076
-1.021781769360655
-1.070279913362324
-1.3886074464592792
-1.2151467462326009
-1.3847116116708018
-1.1242306716123942
-1.2855396057682835
-1.3048956646312195
-1.1898685507472022
-1.0004374604383741
-1.236318573113016
-0.9594738685447917
-1.1635189242184374
-1.0166008476236106
-1.0837826874568388
-1.1430400965607268
-1.0882214212780996
-1.0785525878253905
-1.2500657158411759
-1.026099554319129
-1.04128088913123
-1.1242306716123942
-1.1776560206403737
-0.9651039048593801
-1.2435652183494343
-0.9819088755450063
-0.9436359915360153
-0.8582183005319869
-1.164981585947102
-0.32391317922103724
-1.1103429080439362
-1.1753575832018996
-1.1181799261876861
-1.1325834816436562
-0.9726692943549676
-1.137822067343894
-1.0954709284604849
-1.1089024199964108
-1.0004374604383741
-1.1090442893712422
-1.1815566156719937
-1.1952730122389401
-1.1182931621330048
-1.214206554993138
-0.8425817644309315
-1.1841172074828226
-0.9966149517215397
-1.150290203304607
-1.2195588200779697
-1.230064173337273
-0.7956859649864755
-1.2496318272188909
-1.1882403793244225
-1.1940532847809284
-1.3733079951460758
-1.2083001775634612
-1.1131583488741552
-0.9729785235942603
-1.2994026316352523
-0.9140193409568442
-1.2614776656045026
-1.2202293196951641
-1.2723566048795438
-0.8142564008288729
-1.1648200623519904
-0.8043685092523074
-1.0783839917243874
-1.3363257650402969
-1.2749215410321828
-1.0172910577111223
-1.0205765979604833
-1.3572474940986916
-1.094826298994066
-0.9600870994502577
-1.1359321982035193
-1.0825554344926527
-1.3139062953346674
-1.3077326692189073
-1.0602504925573832
-1.0574100351140723
-0.9665993008075688
-1.277763799760296
-1.2911388934162091
-1.2928930662467986
-0.8386866306817236
-0.8355174559758
-1.3514202196260883
-1.1864741466346866
-1.1242306716123942
-1.1258733494914972
-1.1675717622904305
-1.0431510093676064
-0.842731274991658
-1.0787531902306668
-1.1487618369637542
-1.1053632847462034
-1.197990978236561
-1.27700288249212
-1.272578104745681
-1.331845840327153
-1.1120043519201777
-1.0818403074339389
-0.9760086949490279
-1.1528597974192198
-1.0576184926817445
-1.1242306716123942
-1.358219844177747
-1.1560331382615692
-1.2533703347150087
-1.2613384623480295
-1.1578774726079017
-1.1242306716123942
-1.2324988012925595
-1.2076063397184171
-1.3392636317190543
-1.2264424609739468
-1.0264423146710002
-1.043782255203973
-1.0606988537110205
-1.1985916777165626
-0.9608256219777249
-1.2476781785754345
-1.0820445712945281
-1.0715139940017722
-1.4145445971346864
-1.3858718672874502
-1.1256701479136306
-1.22083521205655
-1.0336683321902151
-1.2694565348204645
-1.1712810912743867
-1.1135596865814816
-1.1545901466933461
-0.9524986077118316
-0.7149717648163518
-1.366246129371014
-1.0217735286513898
-0.9636224081247221
-1.0939014120992447
-1.1777706586019363
-1.460489115305267
-1.2035929860816093
-1.1318485309871196
-1.3235293766763596
-1.244023111880381
-1.165588817159394
-1.139856561517584
-1.1665332874318084
-1.0444979124202114
-1.2745999397559529
-1.060375003538462
-1.0447148665232855
-0.9199520882993293
-1.0278588084632125
-0.9993203904079135
-1.1931787852824287
-1.4305806336910218
-1.2621863566197242
-1.1323107117953342
-1.2698537306896083
-0.9881849682079076
-1.3145406604998737
-1.0016605750920768
-1.032704675226722
-1.06697408343607
-0.7452425271995801
-1.129183185372065
-1.2029202841086764
-1.3357486726267052
-1.3982794174845958
-1.0451261457955354
-1.1360438086649636
-1.0819867734772686
-1.1771812775191024
-1.3208686984159237
-1.1321340583686261
-1.104169661211
-0.9946924105557573
-1.1376244920934173
-0.9940303052439283
-1.2232999526235993
-1.1307956864882982
-1.1242306716123942
-1.2835574177587643
-1.1283645470590409
-1.0775036243480223
-1.1580485198084336
-0.9401177419065392
-1.0463953979766583
-0.9655160343154168
-1.1312533227081203
-0.9495202348621644
-1.137362976440183
-1.2194642840222814
-1.1764520865567882
-0.9921947820178626
-1.1542528011402207
-0.9999111748642323
-1.059944404380844
-1.3917381100234016
-1.029527554867881
-1.0832109603050872
-1.1485693264686254
-1.0357807474817535
-1.1840876767768136
-1.1969730660660087
-1.1423076734328417
-1.1100102819989293
-1.1967202315516623
-0.6287198443615825
-1.0004374604383741
-1.1229352084102204
-1.0751128180597984
-0.15171331774225283
-1.1624278318941195
-1.175964380092525
-1.1026821238543134
-0.7117118690891695
-0.995674769384707
-1.0303715178723873
-1.3139701930537746
-1.2283340836256977
-0.9686147072313385
-1.2523141663702013
-1.0836126529535037
-1.1157733598470443
-1.1772706890566278
-1.1983377598655067
-1.1103416353845088
-1.1090614800638163
-1.0135070050233446
-1.2947382433574235
-1.285940306034303
-1.0807730858822358
-1.1090567257981532
-1.1263865020165313
-1.224981449052551
-1.1171294599880333
-1.0590998068529358
-1.0886910209797138
-1.0090536490877997
-1.3673706863017119
-1.0785937261168674
-0.6210900067277474
-1.111935283267211
-1.0594605847071046
-1.0855518461447469
-1.136827966380468
-1.2590968090965522
-1.2391486270057295
-1.0252516897059043
-1.136855331219576
-1.1242306716123942
-1.1503050922014375
-1.1242306716123942
-1.1242306716123942
-1.3905758105108803
-1.0150634407410772
-1.106881487071677
-1.0301042387887447
-0.93968876097986
-1.1344975217657498
-1.032965156284933
-1.2349638340146927
-0.9841542721596827
-1.1242306716123942
-1.0217804636643137
-0.9290620817580286
-1.1941377719736175
-1.0961414934725693
-1.0447988468833873
-1.0004374604383741
-1.1003610162607917
-1.1993333893331015
-1.1242306716123942
-1.215432042572274
-1.241532826144335
-1.113837059465943
-1.1201351816251517
-1.0783230001665696
-1.1242306716123942
-1.179204574247688
-1.0680304845511517
-0.9570719028869767
-1.1569935587180886
-1.304006021328609
-1.0832969448404839
-1.206213507336739
-1.0457795567767452
-1.1245480575882487
-0.9813880236903616
-1.1624382736427195
-1.1163765626480697
-1.0377053936370728
-1.112403102241443
-1.1428093550112925
-1.147824617211163
-1.1559405261231168
-1.124171735228137
-1.23086290221459
-0.7734712432581554
-1.0153279111033426
-1.0804924308976034
-1.159292225596927
-0.9775583511840081
-1.1242306716123942
-1.1861396132415438
-1.1504990060617337
-1.1005082307205925
-1.099332570268798
-1.1242306716123942
-0.520915227580845
-1.2387955381095903
-1.1242306716123942
-1.1218622437380572
-1.2539679619580812
-1.3260340023391413
-1.2836955702750341
-1.2533031026594255
-0.8905573628438516
-1.145540433887265
-1.1496016902131196
-1.2040588305141722
-0.9205027976351252
-1.2065073202571595
-1.1033794362342526
-1.2313553072201828
-1.0684735964964536
-1.2290510000126709
-1.1281544661951302
-1.416198291701047
-1.0849468864239502
-0.9828519958762048
-1.3371718851392136
-1.2190071394491035
-1.0759763836108975
-1.3067535558086254
-1.3326650356445962
-1.2350029618382155
-1.2595602645788144
-0.9254350504212226
-1.1362451106516587
-0.9640393825049163
-1.2995933718726598
-1.265319403120297
-0.9541115968139894
-1.2393400000179673
-1.0328476701293148
-1.107084091279715
-1.2516439484252235
-1.1482456196289987
-0.3412114461209059
-1.2592163054402081
-1.1277108480114175
-1.3945277904142115
-1.1151594240604201
-1.2068926217348221
-1.1814300586666726
-1.1397623775853165
-1.1864507621641256
-1.2204015231252319
-1.1737420747470173
-1.0906272343938122
-0.7325394521128845
-1.255926423836654
-1.0874899324440888
-1.1275084921065477
-0.9976008259634983
-1.2680201852788704
-1.085224931165295
-1.0253268023535556
-1.0860196143427072
-1.0804222979799518
-1.0110569230713768
-1.0241855420369532
-1.1206453321702528
-1.2732268751659228
-1.169914561208247
-1.1132913461252278
-0.8765729835594679
-1.0212519131110351
-1.0994250861295911
-1.1202312638042997
-1.1221220306129638
-1.248465460730005
-1.108896027851685
-0.9528614058821813
-1.2072938597011817
-1.0480762088940943
-1.0999790584035032
-1.3400642004715695
-1.1567956093003666
-1.1441988120140156
-0.504311636490905
-0.9307937621274686
-1.0473985414824374
-1.3192604860582948
-0.9548104161176421
-0.8760945642550366
-0.9912940041274846
-1.1504384159013665
-1.125719202406565
-1.3124448125424515
-1.3335857921212868
-1.4686077934631698
-1.2441639095960904
-0.868920083698818
-1.0201821288599766
-1.1918649585561565
-1.0514368343568996
-0.9164373764556707
-0.956163395938119
-0.9107546092329635
-1.1923802982851783
-1.0842843524670556
-1.0339496162935546
-0.8234954460335806
-1.1242306716123942
-1.1102573848635917
-1.256353297651922
-1.2090528973352006
-1.0237566629336268
-1.1552931623415714
-1.4041943653347693
-1.3760637870454842
-1.2892047443162333
-1.0419546314126
-1.2283339262634194
-1.0804294097848288
-1.3085195439719597
-1.169403842628947
-0.744798611754127
-1.1248638279397727
-1.0693605313426762
-1.1087112849744825
-0.9973512994416546
-1.2649144321543386
-1.2576214557577012
-1.168164973064594
-0.5178571196209517
-0.5492571245066579
-1.237590519572307
-1.0941788923143159
-1.1571182176224821
-0.9501989202896751
-1.0004374604383741
-1.1931916725550067
-1.2531232100096243
-1.0328169643934584
-1.1393016660690254
-1.1464424714662227
-1.1149979849807694
-1.040334923639525
-1.1515932034154117
-0.9570787617071137
-1.1418174893543496
-0.9803252879337176
-0.6006249895397081
-0.7830421219003438
-1.1219510153940817
-1.0802662428503884
-1.3656792590088451
-1.122217340678234
-1.1703399493440998
-1.298633344399986
-1.1521194788405626
-1.0004374604383741
-1.175987221822368
-1.216418797144669
-1.195120884107191
-1.0412209473028062
-0.8680691528937978
-1.0650362933232507
-0.8997149126938956
-0.98648183077558
-1.119980114289181
-0.5275753114131532
-1.113542338999025
-1.1385128186252067
-0.6498886303148865
-1.1339236161466377
-1.135949181928777
-1.028539493730543
-1.261108150775305
-1.316133239802146
-1.531204372398626
-1.246941955244279
-1.3340605546000017
-1.1952033748071316
-1.0565787074168234
-1.2480242473096532
-1.1242306716123942
-1.1242306716123942
-1.0004374604383741
-1.2022981180667098
-1.1332616764444206
-1.1399023878525931
-1.1723077119847212
-1.1064398809118134
-1.0564923909205606
-1.3870311633422001
-1.0832460528848504
-1.138546734857766
-1.147154051232895
-1.1329391116267915
-1.0547301476227193
-1.1567961595072456
-0.9500902437507748
-1.1242306716123942
-1.1200584913030964
-1.09378485394948
-1.1186335643269585
-1.0481680976009962
-1.1977599341736367
-1.1925308168671624
-1.2130267542473747
-1.2407392009534979
-1.2561462475361904
-1.3146864485028136
-1.0591519341925333
-1.470187577958773
-1.2628464035514184
-1.3401348387541698
-1.2127689390977923
-1.2262071907055343
-1.1900234730894135
-1.1201509431973713
-1.4011836827512298
-1.0944520821771513
-1.0859666420833018
-1.1126286056342007
-1.166115059618675
-1.0004374604383741
-1.0554031763987424
-0.7493009066422096
-1.1242306716123942
-1.1199749787048248
-1.1952191247326664
-1.105179236786999
-0.8965967896692917
-1.5159436528324388
-0.8954285917778874
-1.1507101555236627
-1.2255542558115704
-1.0798332239566255
-1.2177228241187732
-1.268420006564752
-1.056097387486779
-1.1242306716123942
0.5500956915771815
-1.202201455159489
-1.2139387580579126
-1.3815043230849102
-0.9160740818825561
-1.1866620215032095
-1.0676970234494876
-1.2294767532673319
-1.180554835726476
-1.1935467869098786
-1.328986628375566
-0.9274744015940466
-0.5745803521791045
-1.1242306716123942
-0.5724395466070804
-1.1298885507607883
-1.3139138185164703
-1.1241060778737104
-1.1244508337239632
-1.2436001510175652
-0.37753006822366897
-1.0523347163803511
-0.31749653301509395
-0.4956387509199669
-1.1112852827377724
-1.2095318042811443
-1.1066180822851124
-1.3191132515608137
-1.1099432925348685
-1.2621304868915655
-1.0870796092059887
-1.2396014702791849
-1.3175400490804947
-1.0752888807246481
-1.3217502000066905
-1.187994669480348
-1.1392074050333216
-1.1049733517793872
-1.3282992624100682
-1.0501887225642816
-1.254036897203195
-1.0988814295301317
-1.1836695728047242
-1.1486132204735315
-1.1145654087131869
-1.295693307161709
-0.8320275363873836
-1.041267584220326
-1.2137838481490073
-1.4370458953810483
-1.0288911548135888
-1.1628511272941136
-1.1433823924033861
-0.9272267398448742
-1.034171414436606
-1.1185776405681471
-1.088208928580997
-1.0806089183415533
-1.2152847223832213
-1.1876556906507227
-1.145544271014784
-1.101650480083582
-1.256977928316766
-1.1372498967174467
-1.0606053516842917
-1.4103638340668792
-1.1361949974678138
-0.480678140288178
-1.135678635223445
-1.3140742259600464
-1.2684680635355396
-1.0375201820618016
-1.267354488318956
-0.9118123230486826
-1.2187626068313278
-0.9626549396668143
-1.2738428728085884
-1.4509794140627013
-1.0848532866268248
-1.1744447301088599
-1.1063545696061483
-1.1242306716123942
-1.2451445388002704
-1.0004374604383741
-1.038251671762488
-1.1049510777764424
-1.3293731026912583
-0.9406962202243628
-1.3196791757122288
-1.1662462437052388
-1.3557274477687664
-1.2166590898209844
-0.8987515373241295
-0.9137534757916799
-1.1930559087857535
-1.1760783471931662
-1.2193539953779284
-1.1917201576926795
-1.1727102509628573
-1.4168856527047673
-1.1214689730792822
-1.1402588391649418
-1.1354221117585674
-1.2118364174997642
-1.3726007718473796
-0.43888277636768624
-1.3330055892788957
-1.151197208678542
-0.7268034038192339
-0.9470464876986
-1.2672313573317964
-1.3452430394428136
-1.0581711745482418
-1.222826009135204
-0.7114352927906927
-1.227474074428033
-1.0322308172898105
-1.3038739646492221
-0.9324807694102982
-1.1351124693709735
-1.0349940520922
-1.0048064662037035
-1.435881341116136
-1.2539438799156253
-1.2868464410043623
-1.0557531099903334
-1.0124433747634534
-1.2481544574103962
-0.6725024991519014
-1.043195080472912
-1.1088187813595982
-1.217459842995717
-0.7867397091489723
-1.0991457293770694
-0.9737797673227557
-0.4273138878585616
-1.0865557744483074
-1.0154145007944988
-0.904191226671095
-0.42411727650460784
-0.7601785419336495
-1.4010721089984373
-1.0904847356439364
-1.078946309543244
-1.4190886117556194
-1.193181509354747
-0.663353152726464
-0.9846853921561822
-1.073811971297716
-1.0412904216099537
-1.1343597463372463
-1.2418835077348997
-0.8790705734616396
-1.1267715355004626
-1.228307035154377
-0.9320655261124842
-1.3007910485088365
-1.034991882381544
-0.5937959278520534
-1.304177582793239
-1.189413735304108
-1.1601617363729528
-1.0819442604855354
-1.1944238583111382
-1.2392887163132231
-1.2804758282880275
-1.0980158392441703
-1.115924798486959
-1.0493327406301498
-1.0065361356485016
-1.0770355329167505
-1.2938615503901933
-1.137801366759934
-1.1035435322514648
-1.0776762812411373
-1.1242306716123942
-1.1817737858492015
-1.1513548885470688
-1.0301223326452176
-1.1833522274420207
-1.196118153608629
-1.1685053345274998
-1.0884936406870207
-1.0778517645956076
-1.0938912601881134
-1.0267603171128554
-1.1013619225142595
-0.9935886124162084
-1.0871032153579148
-1.2548390633891862
-1.1031137112381402
-1.0578636966426962
-1.136006786010015
-1.1669321459221533
-0.8683065542511513
-1.3289950602828309
-1.0432851178470304
-1.1671556311965472
-1.2938098524985568
-1.1379770798748403
-1.0484732883627093
-1.0449771736632023
-1.3868025075006505
-1.1462715964687815
-1.166114822856672
-1.3084355289912626
-1.0425829127527741
-1.1663314151094097
-1.10671259752476
-1.2328513133974774
-1.0764819135355077
-1.4992949714946322
-0.99860213285267
-1.0819890899809739
0.18624592084671487
-1.3126715298849092
-1.4076496264490392
-1.225140505572804
-1.121973147571569
-0.9956389051845997
-1.1502502841965105
-1.17000686718663
-1.1347371921191813
-0.9237758806770531
-1.2630320723390254
-1.131350275607893
-0.9677330691578698
-1.304683094802099
-0.948565640867418
-1.0327345683604894
-1.1466888179265622
-1.2190625109666837
-1.2182754315560187
-1.1202088142021744
-1.19568531181149
-1.2112580199068852
-1.0583641700743742
-1.0685849927214484
-0.9201891332362502
-1.1126533106859315
-1.0499161627724172
-1.415286597449732
-1.1261201974631005
-1.0333283943936729
-1.0478061115676052
-1.2487974032268667
-1.3012853807564833
-1.063031652888334
-1.1967773921382951
-1.0368584554809674
-1.287476261298981
-1.1389975617745647
-1.179292434049389
-1.3741325148118704
-1.3231971603112718
-1.1219885707957316
-1.1400384034934938
-0.9846616366020872
-1.123894099368951
-0.9657352854454508
-1.1117452128968708
-1.0462706492309588
-1.169197523285654
-0.8885320208676388
-1.345437415838203
-0.963545072455593
-1.2451105253046357
-1.2125579575951484
-0.6529172435616744
-1.1762667011707935
-1.2207232932191645
-1.0611123382352
-1.2018654334857208
-1.241677469487065
-1.1991453400393204
-1.2822925330204495
-1.2304009323983194
-1.2670640635863222
-0.9594445042743591
-1.097221364973514
-0.9792453298942234
-1.1374403806157924
-0.8262214321615939
-1.1510166076094004
-1.2331280556938626
-0.9363388086327398
-1.1171730583702089
-1.1248566624835818
-1.170155789213082
-0.919530703478555
-0.9208636237359883
-1.1414015866297238
-1.0436359341571542
-1.153730920026323
-1.2157558238734159
-1.1116263982798273
-1.1416262229753713
-1.0248419997914122
-1.0584770141295743
-1.0848661104732535
-1.1527439935730175
-1.108404617617481
-1.1910172274449888
-1.2528794251571251
-1.172253020889892
-1.113835614932802
-1.0713048383799408
-1.0677799645244845
-1.230467112702712
-1.1323766366374282
-1.2614559101512426
-1.2459705968033257
-0.9592910658227081
-1.0702194606273956
-1.1968598503609549
-1.07907513383444
-1.03103604605563
-1.2366603825047855
-1.0541477482245631
-1.1238432211639013
-1.1242306716123942
-1.0240481396451853
-1.1407640523040348
-0.5509503202801616
-1.1453743981213427
-0.7175705193497395
-0.9024643718759366
-1.0931212871558036
-1.0137771155475865
-1.1550500546597742
-1.278957388793823
-1.2576195428657724
-1.1860415412238283
-1.2291898780275472
-1.1714497833460285
-1.3948819889591866
-1.1242306716123942
-1.1242306716123942
-1.0046948891263436
-1.0146552662839317
-1.0012219316719215
-1.089379324905202
-1.589412006241385
-1.1087819578381006
-1.169073617445245
-1.1172628807464768
-1.1438342555822656
-1.308169361662149
-1.0766519039671132
-1.1705193411546873
-1.1604365205392297
-1.1052488838852814
-1.1242306716123942
-1.0535918911558393
-1.1157881648148864
-1.2497781205812464
-1.1970199040409262
-1.2954917629431164
-1.329975668683787
-1.227578345634188
-1.2624378606139106
-1.095233803498746
-1.2362744727600954
-1.0666534043115083
-1.3066579808594814
-0.9898425442165563
-1.1994263309115971
-1.0717583779373805
-1.0214882944772978
-1.0959235190694738
-1.391725763407
-1.119000195785059
-0.8097097779039215
-1.0843611038877388
-1.0778947816015845
-1.1729303193388934
-1.236461973132904
-1.1385069289801937
-1.2391948760970457
-1.2245177843241515
-1.1242306716123942
-1.045799575417367
-1.1623907897043952
-1.1223386878775816
-1.161856094368415
-1.056302270401618
-1.1813211463617095
-1.1282869269114086
-1.0623129860186555
-0.9985504681793704
-0.9066954111423077
-1.1236761498226047
-0.9373281613604122
-1.0835475661645209
-0.9458934726332184
-1.0669795259314665
-1.10146936968763
-1.2101471302324711
-0.5214280034152512
-1.3610429798411057
-1.1588304422309994
-0.20332662027119808
-1.1967959800093462
-1.1205696385939872
-1.117656232607152
-1.138508729312402
-1.0951499059981478
-1.1299580548444177
-1.3249958419804313
-1.3296705935127235
-1.1591625914772528
-1.058869450655488
-1.2735853659066316
-1.059608937413573
-1.1396908553861937
-1.035478707883824
-1.1260543699323076
-1.1529262288661357
-1.0521909328828107
-1.1306062877183412
-1.034395952141932
-1.1318685646135047
-1.034035238245669
-1.243495988032677
-0.9889368655807026
-0.9388081235588888
-1.2133121242921154
-0.9952263668067285
-1.1527479520306052
-1.2755478719717792
-1.0603589412055392
-1.1046304522244856
-0.947359753028829
-1.1043652020228099
-0.6993243333608472
-1.1175119165707474
-1.0285727548639394
-1.0947498949244625
-1.1748642200827497
-1.1598745718467443
-1.1172684385581464
-1.0761371740411632
-1.1213508758227406
-1.1048180623333628
-1.006057553386919
-1.3156254811262704
-0.9993355328518214
-1.065426670096566
-0.8382982926832526
-0.9811707721116251
0.524580255834636
-1.4285256912232107
-1.1216522030641827
-1.0331454896336587
-0.9858924066936938
-1.1946573346632576
-1.109923463287526
-1.1812914915775679
-0.9588490209132429
-1.2951546037989536
-1.2092312138661483
-0.8865252670169406
-1.2153403561060638
-1.4636013736553677
-1.096147058856708
-1.0230286602641014
-1.0823712943044408
-1.1244424425532962
-1.3097919400128355
-1.0614093871645889
-1.13278613857232
-1.0575036490149625
-1.1104195864530904
-1.0927092775845588
-1.2122349375156938
-1.1650870137129459
-1.2707981768512222
-1.1221261358844494
-0.9915852893052783
-1.1166730263962534
-1.1106840298243137
-1.102775671048107
-1.1438796325629434
-1.1127685800547722
-1.2343748192333364
-1.0586927838061235
-1.1983330255734375
-1.0384856293944535
-0.929737188544541
-0.9036165106923204
-1.1214824185755548
-1.0401238141687446
-1.2406393988763937
-1.1242306716123942
-1.2048488425948105
-1.0403362814258754
-1.2701103693203966
-1.2281130040801875
-1.2777673720033422
-0.790707456766035
-1.1720091694055665
-1.112521877880836
-1.0456122422904333
-1.1242306716123942
-1.1758375910303043
-1.3056953708756178
-1.1030199093672388
-0.7974257155989419
-1.255068458965087
-0.4252385518752072
-1.0541850734845202
-1.2751534031106357
-1.1709555429715288
-0.9572540641703724
-1.132247863678504
-1.4894480438855657
-1.209234486673671
-1.2770889026992318
-1.3663648175603378
-0.12546036897876034
-0.8458061965046486
-1.1023816515861165
-1.3783457159983723
-1.0532344301830225
-1.2345265839795683
-1.241662302914786
-0.7025279736219855
-1.11213982431232
-1.2985253839154038
-0.9979960653395982
-1.2162177559082359
-1.252780998483567
-1.0464990138412031
-1.2192466454365236
-0.9464641691590447
-1.1362414582746885
-1.2285766251564185
-1.1850935269786755
-1.2649518268074886
-1.0218896058248146
-1.2430122521780151
-1.050356593804236
-1.0137478246149583
-1.076010081584388
-1.333990675559714
-1.0226889736436384
-0.9879267664237561
-1.4308455215471418
-0.9395223561125217
-1.1111900236757901
-1.0752058993892204
-1.232687705605866
-1.1535717637711813
-1.4137688941457893
-1.37032854638572
-1.4834301229859694
-1.1787081850652346
-0.9462518590190654
-1.3335142506107398
-1.2989881748264243
-1.269463921171297
-1.4179420223189318
-1.3364512860376554
-1.0682518641153937
-0.9963354219494129
-1.4194717407482669
-1.1339770225361006
-1.191992912739216
-1.0955519636350604
-1.1244066893845484
-1.2408718560936685
-0.9072217918743117
-1.1278414322824462
-1.1589054089857616
-1.1269511727894084
-0.9614341048443293
-0.6763671835999634
-1.1220709020926798
-1.3349659868920836
-1.0406884590830976
-1.1722782843049995
-1.0326676039190221
-1.129339235289011
-1.2821908570209766
-1.1903179494310345
-1.1582600596200707
-1.1871801001914575
-1.208898022167178
-0.9346429008189445
-1.17693851817562
-1.1207623939847178
-1.18617292736658
-1.137318153659896
-1.1854220535205178
-0.6679160935567837
-1.19843843663757
-1.1208547867696164
-1.2004246067288946
-1.0798793120607009
-1.2384063790752808
-1.2383258443397658
-1.0002621230418915
-1.1381944620433204
-1.0712512677955854
-1.027110282135194
-1.1115776141102176
-1.1908923806046174
-1.1034184917169034
-0.7929153075821507
-1.1242306716123942
-1.1242306716123942
-1.2571289959148184
-1.1184146910470658
-1.2718379430182343
-0.9691532966740617
-1.028688586965375
-1.1273320627899541
-1.0664313152748255
-1.064366988418414
-1.224696810521664
-1.0482464097272062
-1.2613089999696365
-1.082491281715883
-1.0564428091142894
-1.1739279178086617
-1.4764341277647501
-0.9421432882609466
-1.043648056993475
-1.1458161473147408
-1.1596470323082162
-1.0737754299603903
-1.1242306716123942
-1.1090655043998614
-1.3334411384827631
-1.1242306716123942
-1.1822419554952577
-1.100146722013708
-1.018785020720569
-1.3649026864443248
-1.2944970428934595
-1.0422915560417891
-1.0578642961741975
-1.117123135296703
-1.1135193351755945
-1.2617987293881798
-0.6556441369329855
-1.0283432182929297
-0.9977490819492129
-0.9869632664198479
-0.8307505684636975
-0.14116574446414687
-1.1260662442167901
-1.098099677234967
-1.24798893798072
-1.092779581454315
-1.1735928776788271
-1.4354022467441272
-0.5211539249768441
-1.0194890368768652
-1.0471581293528647
-0.9724585432243049
-0.7951378067698254
-1.004961382033434
-1.2123161178545572
-1.0382354777099219
-1.2070353839740284
-1.1664681955014256
-1.0565514786123598
-1.0198066927536291
-1.090608215894076
-0.9751168888150716
-1.3603963543011997
-1.3075789378489118
-1.1620187262704467
-1.2926646426258106
-1.4077694247384862
-0.9752517635586728
-1.2078987919193056
-1.050052046976019
-1.250354131557852
-0.9439556403819469
-1.1915095173035941
-1.1242306716123942
-1.3706570858830869
-1.21787550879354
-1.286517394150005
-1.05304554214376
-1.035238019080079
-1.1306288676291985
-1.0558236236568102
-1.2777970005205534
-0.5863251933789259
-1.0747347119823099
-1.1233402544426556
-1.0280565219417495
-1.1025670059740311
-1.245554424924054
-1.1572989790176766
-1.1287083533678444
-1.2090610078696487
-1.0748206364874007
-1.0949498294333155
-1.0549124718732303
0.10655746345734829
-1.211915300346777
-1.1366453774533285
-1.1713761159992504
-1.2072420323931672
-1.1828288679923875
-1.0731062297264877
-0.9062763952860439
-0.9313295317943711
-1.436849945504851
-1.1695990089490012
-1.1863541631591055
-0.9581579841294307
-1.070370350567241
-1.1975802397121391
-1.2375277971293268
-1.065371573283013
-1.0309592545316262
-1.106099040961768
-1.0602257840504417
-1.1027502581799014
-1.2849716164658003
-0.9894537149548395
-1.1242306716123942
-1.0894191996119678
-1.187253652664417
-1.1006027742834688
-1.1363677572869397
-0.8013701318749918
-0.9853728396584149
-0.7494438480112939
-1.0168010173391357
-1.1345817316094058
-0.6893029249307665
-1.1928734171158546
-1.2523198872244397
-1.0062400854871452
-1.2186409606529078
-1.0374950863357932
-0.9015882352343472
-1.2296868284805085
-1.1233318610840175
-1.1244998413287353
-1.1989630575187098
-1.160741862000433
-1.32842686772325
-1.2210105906388309
-1.083976245271507
-1.0372061636391756
-1.0664967673265844
-1.3164689660852527
-1.0529677517295561
-1.2601737120342598
-1.1982652491319286
-0.7796155503130758
-1.2012190652047994
-1.279931626025081
-1.06396424045201
-1.0372999723315786
-0.8362252566680909
-1.0042932056210327
-1.264357088766252
-0.9672236182570859
-0.8730567854696902
-0.8743824301840447
-0.923055272970542
-1.3135354734121414
-1.124380531801332
-1.0709115054305784
-1.000565932663647
-1.063210591971652
-0.9923882730573023
-0.8316873733299017
-0.8903681429796952
-1.1853575573375628
-1.2586850421656894
-0.9266723304885751
-0.40418821343827416
-1.2676514315492202
-1.1621919391686593
-0.8590362961212941
-1.1123494104477267
-1.1194215331728048
-1.089002416276608
-1.1183892045499573
-1.118728958674371
-0.8510577661788383
-1.15642729533943
-1.0817721006503933
-1.1238246422333167
-1.2265205980468399
-1.0351029483862062
-1.158465610456781
-1.0869338987502595
-0.9554233405653738
-1.2668518045223893
-1.1396803392329002
-1.336720523112616
-1.1685108972331115
-1.0632246463928234
-1.0802433462697187
-1.1018875076879204
-1.2141035743348727
-1.141529518379218
-1.057289104544376
-1.1732293047114837
-1.199281553708674
-1.1242306716123942
-0.9622703191344099
-1.0584812725073898
-1.2598098822788752
-1.2191285959332179
-1.103933680665126
-0.9018157107402036
-1.1167994175450282
-1.259744355421165
-1.4050430960069327
-1.2003938773974694
-1.1784487316257954
-0.9873754550444521
-0.8368980921764568
-1.13883176933941
-1.2301748396460286
-1.0004374604383741
-1.116714700825029
-1.0655406608061386
-1.0644461400344472
-1.0858430279847928
-0.5159272306939323
-1.0041761001300125
-1.1576775653597744
-1.0099402637720765
-0.910165212929944
-0.6872356535511538
-0.80397967029575
-1.0074381965854933
-1.1489718499194441
-1.1242306716123942
-1.1242306716123942
-1.0593527262873221
-1.0950689393079645
-1.0184078215504213
-1.1889287664420554
-1.1299929298538993
-1.205452370278638
-1.0355451348050693
-0.9910440142461576
-1.2781366507079794
-1.1242306716123942
-1.099875317580827
-1.3150240881993822
-1.4213150186225192
-0.4174338420905104
-1.1242306716123942
-1.0138062080810133
-1.1207811189662653
-1.1433698757384558
-1.456342071132696
-1.1163461551027218
-1.1193125492492553
-1.2716398489539174
-1.2069450519102312
-1.2092861049900743
-1.3607933886695287
-1.0818054928590288
-1.0987787512631224
-1.138338925798695
-1.0797611105727314
-1.153828129330638
-1.1675394900777092
-1.3304699602479366
-0.09795338268749831
-0.7850180206845192
-1.1638378619719727
-1.0198390913011735
