-1.0533223970886754
-0.9863741525994878
-1.1339574539786703
-1.0808778020530418
-1.191051587017662
-1.0821819361068092
-0.9243835711585252
-0.938713933622604
-0.936794591602713
-1.042470291084188
-0.8947422136837561
-0.9390471367418471
-0.9602196363781489
-1.063839655286075
-1.0488218480700628
-1.033097009778471
-1.0773258866550215
-1.0460053579529118
-0.9588149958224892
-0.9887768371448034
-1.0630067835700632
-1.147160209627181
-1.0535239340811426
-0.9173089524055016
-1.025004049972119
-1.163024045046638
-1.0478052336616976
-1.1245890089643733
-0.9410584753061165
-1.1198977309819158
-0.9737523246733782
-0.9644748628801648
-1.0666454476270153
-0.9179461522239577
-1.0858990925618233
-1.087276279263243
-1.0417915870845738
-1.194292922673558
-1.0078871282863853
-1.074152932809948
-1.1721302394717859
-0.9852656482261748
-0.9716214557759001
-1.0052614315360124
-0.9540352688811697
-1.0263333981163856
-1.1198660778554343
-1.1171596312666794
-1.161204639003787
-1.1845858148359614
-1.2192963135774042
-0.9505984001873881
-0.9663741373650274
-1.0112450956131758
-1.0077651811153645
-1.057557320609313
-0.987635687032373
-1.0393858616579266
-1.048962218158087
-1.0025023473150858
-1.0001210260987472
-1.1199089405024831
-0.9412370971293005
-1.0969266874770498
-1.0125227769781744
-1.0595572804338458
-1.145256280453649
-0.971429667796293
-1.142234453744486
-0.9434829308430139
-1.002465646124577
-0.9571190670612768
-0.8816724678351713
-1.1245272750169355
-1.039287475144609
-1.0078013959078709
-0.9815520510269317
-0.9941957270006703
-1.0786245827991827
-1.0717319024455154
-1.0599303004726668
-1.0767577761678773
-1.1136496239416354
-1.0583628042474886
-1.0170998564386078
-1.0510445828984174
-0.994664795154248
-0.9164718577761143
-1.0411915831778116
-1.0038518156300962
-1.0183923308353022
-0.924617044730933
-1.1755128183574695
-1.039290698203446
-0.9792248169746129
-1.078045951225811
-1.0648330479805124
-1.0525103055895815
-1.1401211990591622
-1.0538441646492593
-1.0869833003016127
-0.9556744260270678
-1.0008776730928453
-1.0000528610928687
-1.0000528610928687
-0.9142449262049873
-1.0000528610928687
-1.0440192974472693
-1.0842077271191544
-0.9571668678327904
-1.0902772056962955
-0.799958365063811
-1.0512043395339257
-1.0709597818353431
-1.0663723202755853
-0.9700713073137316
-1.0989916888527296
-1.0236633218015974
-1.1219776630861198
-1.1522124412270638
-1.126290067224793
-1.0461981203596116
-0.9637529237493346
-1.0330711735957678
-1.0591990888127205
-1.042227691559683
-1.1087661811335627
-1.0542634844228012
-1.0163604371292145
-1.0477533680020144
-1.0431209803487411
-1.0596396948750648
-1.0813798402314754
-1.1200041379467516
-1.0431685609784245
-1.1261299625432164
-1.057560289226133
-1.043279076938522
-1.0733378285406345
-1.0975562120853048
-1.0864992994301672
-1.0243367863294197
-1.0460158773440154
-0.9233828624134065
-1.0459198768467537
-1.043420426723723
-1.0400608423196946
-1.0418826270681563
-1.0602620137030443
-1.050845521355534
-0.9491524215204421
-1.0620535026506395
-0.9781102879279111
-1.1191048104039087
-0.973141569519423
-1.098691794703485
-1.0797419119048395
-1.1238148500574883
-1.047844313919957
-1.0055244813028124
-0.7867181891655641
-0.9937334665717064
-1.0090178137329509
-1.07317797432895
-1.0364589289496076
-1.0631717758691663
-0.8257346217451031
-1.1373718698003887
-0.8968607835533162
-1.0539612142756924
-1.033812412695553
-1.0591461177996901
-1.0377378609437558
-1.0728700513260605
-1.005819176154409
-1.0880140958493016
-1.1994425697685358
-1.0891461864698755
-0.9497308852154934
-0.8027450181545079
-0.9999833665067246
-1.034014076214075
-1.0726122664479427
-0.8723918720648381
-0.8794139531857579
-1.1856963315348694
-0.9010720518321954
-1.0813727139689082
-0.9102583786119062
-0.9997994501309777
-0.9987564376478438
-0.982815747746415
-1.0469880607023239
-0.9983474465492699
-1.0713105390905517
-1.0113004579213856
-0.9164834581083086
-1.0114009889908293
-1.0000528610928687
-0.9459376626148628
-1.0166739069190776
-1.02001219217861
-0.9374127504162484
-0.799678222177043
-1.0102501217373994
-0.8191638431226584
-0.9649080591979828
-1.0158411694683604
-1.0933498531915957
-1.0267251071196122
-0.8984446675986845
-1.0671081549120747
-1.0247499390268406
-1.082898691808227
-1.0383565530074546
-0.9090521247824928
-0.922442615449016
-1.0875320616807027
-1.1246796103721541
-0.9692406649305214
-1.1017220551567009
-0.9067840670136478
-1.144733759258666
-1.0000528610928687
-1.0183522457266216
-1.0003984164981727
-0.9998046002606787
-1.1103944787249636
-1.1825713330929601
-0.955658407625123
-0.987551466912504
-1.0116161999268323
-1.0219550604925116
-1.1447592661449173
-0.44727815807552407
-0.8678721637979423
-1.063285154228843
-1.05018957506241
-1.0333235749218526
-1.067125825347902
-1.0593360446902758
-1.0384748438744353
-1.1468224921574297
-1.0307550731810042
-1.030810157240234
-1.086570621641885
-0.8979356175870434
-1.0322938653872198
-1.0001892482751669
-1.0000528610928687
-0.9581646396104656
-1.0589768448509616
-1.0630093400309368
-0.8553243647705403
-1.0577696445028621
-1.1102141089939295
-1.0226615637099017
-0.9760529986288071
-0.860253921607042
-1.0257150559324972
-1.0884522197604196
-1.047777566943936
-1.0193190278981425
-1.0230867080494437
-1.0426834189472585
-0.9643627167514439
-1.0461193872330172
-1.1638816627394544
-0.9770863790514441
-1.0444666129840452
-1.150110835915105
-0.9580868373571332
-1.0238242010544107
-0.9207853415053642
-0.9008032972951778
-0.9212325319097288
-0.9958544464079934
-1.0000528610928687
-1.073644871656665
-0.9657587632648538
-1.034528614765565
-1.104420878499906
-0.7796170700727658
-1.0235678297398412
-0.9033953727512234
-1.0178338733281245
-0.9505485677962144
-0.8921673862394022
-1.0480701723820496
-1.0777421248371217
-1.1079503333389222
-0.8989368600369531
-1.0119658439304686
-1.0000528610928687
-1.1529930687967835
-1.0308889901357627
-1.0974884886487093
-1.0316893738105333
-0.947966081185703
-1.0588987481213898
-1.0181634004995324
-1.0528033697210872
-0.9360867755550063
-1.0461268874384122
-1.0421520890288873
-0.8907054515926403
-1.092748214014226
-1.0428405530508555
-1.0527656595346326
-1.0526698368872178
-1.104420878499906
-0.9887034729077773
-1.059041841116052
-0.9314340895056298
-0.977119445803287
-0.8236755794038971
-1.1015487938272626
-0.8815435347464565
-1.1125311134673945
-0.9526027517743672
-0.7933631641022396
-0.9676156100481953
-1.1898957966399188
-0.7766611142144
-0.9775302111853172
-0.9937555276915806
-0.9179237459751458
-0.9956282698124381
-1.1798863634704846
-1.0348054643431688
-0.9885671568406221
-1.0151648630987133
-1.001240085129447
-0.9040305314656546
-0.9846912870898317
-0.9956213550120241
-0.9230242708790305
-1.0342161171998154
-0.9491937429911519
-0.8708870298188849
-0.9829640758040529
-1.0844758741513265
-1.08133615800931
-0.8447974707461668
-1.0700020041527778
-1.0451850734473418
-1.0018474264504067
-0.9869762984417416
-0.37181926878551597
-0.7588884768067319
-0.9658680313267349
-0.8919769433140924
-1.0701396933569332
-0.8069084922480166
-0.891346323525559
-1.1214776691857797
-1.078409417340464
-1.109689298815024
-1.1372213098585175
-1.0749270068307915
-1.0000528610928687
-0.916155146680517
-0.9416313248901613
-0.793518638605419
-0.8132875107248365
-0.9775351638695655
-1.0765257304899134
-1.1129803536680012
-0.903819903655529
-0.4422212931623025
-1.0437004814057356
-0.8590964491536531
-0.9474925938532579
-0.9171485193481383
-0.9291968861078246
-0.8286241048938188
-0.8470400925591953
-1.0000528610928687
-0.9443169083139886
-1.0573864296055255
-1.0340260272387012
-0.7830477670288487
-1.0655551696662726
-1.0000528610928687
-1.1211418034957328
-1.0880868285588403
-1.018334347963276
-0.9262906020910107
-0.8091548979274261
-1.0337363444818686
-1.0342434976037553
-1.077660973638966
-1.1189628659856177
-0.9869504013469661
-1.0804934463936822
-1.0681301984386997
-0.9253153680495007
-0.836289565102076
-1.1434907659493703
-0.9579525943175026
-1.066905188485181
-0.9977864611877697
-1.0599951843615922
-1.1791980655649932
-1.1577811452365971
-1.100328498028327
-1.0850780929513344
-0.911496214166441
-0.8908110485349007
-0.9926014598428997
-0.9834951029789855
-1.137763280890031
-1.000287707994208
-1.0378719282246922
-0.912123370440521
-0.9974931473314615
-0.8562622837475806
-0.9838865291703371
-1.0344857241123477
-0.8982825745079523
-1.0488416474585143
-0.9152873023714424
-1.0731162177976
-1.0125227769781744
-1.1187637151003589
-1.1037739182737487
-0.9853884713053058
-1.1027058610019986
-1.0278257256614325
-0.9029213220645689
-1.142644603321743
-0.9758647537935894
-1.0205304325807396
-1.0442590723907426
-1.1575765571146162
-1.0273418249609905
-1.1263952993426276
-1.016550283297467
-1.0563241891293818
-1.0364009362775433
-0.9571887523241223
-1.0932477432112426
-1.0448870467545193
-0.9635866210602961
-1.1292315302940266
-1.139359879489307
-0.6173631954046812
-0.8872402129660621
-1.0771858560913747
-1.0731885418226614
-1.0772922912310972
-1.109805707353489
-0.8815277892458186
-0.9310049709678151
-1.0000528610928687
-0.963273696191244
-1.1309253958074648
-1.072088031908224
-1.0443498729533616
-1.0534731777171653
-1.0925278886858647
-0.9551766484257281
-1.0001639107678653
-1.0644243125487312
-0.5828951291842834
-1.0737458381273444
-1.1264004061665795
-1.0689627264575063
-0.9644364704929449
-1.1275818157121815
-1.0431422150279546
-1.1166808887133906
-1.0596821770830969
-0.9784960504241982
-1.0630293861031883
-1.1663506508910748
-0.9743179626616871
-1.077000766357714
-1.1090891732988084
-1.0179068529924744
-0.9194828185839119
-1.090743815800955
-1.104420878499906
-0.9200647900248321
-1.0212443310125587
-1.1472116382273656
-0.8944530678082807
-0.9595817529271693
-1.109597862249731
-1.081053903662967
-1.0258072118808526
-1.1731026814910064
-0.3788861077089458
-0.8257582992590675
-1.0698435120805163
-1.0134487298118802
-1.0603373183679827
-1.103561734167969
-1.1396091634389187
-0.9266214984653925
-1.066819285060396
-1.191848441859176
-1.0457696165052863
-1.046783932338819
-1.0115097295758624
-1.0285773501542015
-0.9016685866645038
-1.0622919716176091
-0.7027839710929225
-1.0295493614894504
-1.011478166205449
-1.030255407980007
-1.0590586643551085
-0.9171144517612184
-1.0421696685346258
-1.0203265374796915
-1.0036114504583098
-0.7744814354756334
-1.0748945672993204
-0.9864432958628739
-1.0801455173462293
-1.0507040553592861
-1.121868696480086
-0.9795807673128658
-1.0000528610928687
-0.9669032333908288
-1.0000528610928687
-1.0000528610928687
-1.0769073306952839
-0.923545641002171
-1.026849247352367
-1.0259090955048977
-1.0579339695088852
-1.1380738787732758
-1.124660959328925
-0.9833256282517296
-0.9459016433569755
-1.0000528610928687
-1.047901121583733
-1.0428981941650883
-0.8818087630773641
-0.9298510626839951
-1.0313713237668218
-1.104420878499906
-1.0133279587875865
-0.954575070187529
-1.0000528610928687
-1.0526485947861999
-0.98017676343521
-1.0652954619690322
-1.1761107974177758
-1.0386047620495968
-1.0000528610928687
-1.0011394647496459
-1.1012631948369351
-1.0876303840861876
-1.03254593328151
-1.0597302704928735
-0.842143563757202
-1.071669631489233
-0.8227827879960201
-1.1164357992216984
-1.090713338558506
-0.9599047812427955
-0.8291548395397977
-1.1146178652855112
-0.8917547081017422
-1.053822021188633
-0.9500758420406806
-1.0172818664199768
-1.0868772641997921
-0.9955484999784535
-1.038902394703999
-0.9980299575695522
-1.1026001918014872
-0.976220552288376
-1.0302006280569436
-1.0000528610928687
-0.9894095253071933
-0.9098777826695825
-1.0388068835589768
-1.03482294729745
-1.0000528610928687
-1.0831842775845972
-0.9361387812073463
-1.0000528610928687
-0.9163467296323733
-1.0160884893140574
-1.0099146727789285
-1.0578001014936207
-1.014584655438107
-0.9810263595282402
-1.03917959991211
-1.0414106322463164
-0.9693296879578057
-0.8166821780529872
-0.9846903595574206
-0.9951401911069162
-0.9173657380256943
-0.9452796220774565
-0.9469416571964149
-1.0595425080049394
-0.9829897919260896
-0.943239990620881
-1.0302492436547899
-0.9894106664361757
-1.0234573947720316
-1.0400664115509448
-0.9998287951945608
-1.092205959326239
-0.9631343004253704
-0.9537069430214646
-0.9829679912374802
-0.923284193074366
-0.9785604180476508
-1.0022655822441153
-1.0215616890430235
-1.0577029457962754
-1.0416986422611623
-1.0541751710239773
-1.0258126432333503
-1.1101795237644418
-1.0471044056107057
-1.0497318657027153
-1.0400035318543361
-1.160511455658719
-0.8990407039402912
-1.0671430433741405
-0.9097969586950091
-0.99668075373241
-0.9851199342724417
-1.0856076138314648
-1.142025559032938
-1.0784450688591027
-1.017682871205516
-1.080325585006714
-0.9567969912139012
-0.9937927434935125
-1.0761074696530177
-1.0781357943262984
-1.0773849813278609
-1.0396862369927706
-0.6263764662765515
-0.8890331004615039
-1.014682961267649
-0.8149489375029935
-0.9566118868703397
-1.0087773260829398
-1.0381213840466716
-0.9696305674511576
-0.9837726542096219
-0.9645794525718128
-1.068109564275664
-0.9523193743867129
-1.0599174976696655
-1.0440697715941238
-0.929193274635621
-1.074870154011437
-1.087874609434838
-0.7927524094444736
-1.1257491082332858
-0.9315183903729851
-1.007007968811658
-0.9938182104442076
-1.0637748638189635
-1.0393921998634716
-1.091129474827865
-0.7920801920140463
-1.1246076417310256
-0.9101120274520864
-1.0414774982830965
-1.0724157188682037
-0.9455289037110912
-0.9195111180513615
-1.1304758836695081
-0.9896274544126734
-0.9687826419903405
-1.0330345076475278
-1.0552074786914019
-1.0941100531951526
-0.9371636762970544
-1.1337613128764286
-0.9208140110113716
-1.0626742534545057
-1.1661580270170162
-0.9507152985535805
-1.0586085372339422
-1.04199800130309
-1.0249510147201737
-1.0000528610928687
-1.0811103243864137
-1.0697821831910581
-0.8919697703470383
-1.1054518812707903
-1.1449289232999198
-0.9830166831191729
-1.0369600287320597
-1.0206468718267967
-0.8799381689019836
-1.0677397736637433
-1.0495033559436668
-0.9135787823153791
-1.0334882013711004
-1.0344032161367762
-1.0603013516435853
-1.0382679634472483
-1.0062092112064465
-1.1305576356587175
-0.8854589407972453
-0.9437993095221928
-0.9510150948623638
-1.0568522903792716
-1.0454852846498734
-0.9957579693725813
-0.876221980655517
-0.9726798406764307
-0.9745548216444238
-1.104420878499906
-1.0304797463463147
-0.9261350322861561
-1.0477546789695908
-0.9632197460615627
-1.033719353721406
-1.0597000387690843
-1.0002095160192825
-1.0416187620546224
-1.1259853580508854
-0.8921947424794161
-1.0003778422667393
-1.0701684379751706
-1.0640210361023081
-1.0186110018043404
-1.1805856381839162
-1.115413537411983
-0.9320359810551275
-0.8324130289518246
-0.9556958474062592
-0.7913658346862296
-1.104420878499906
-0.8899531888497015
-0.9512383184915673
-1.05555992093583
-0.9666355863423673
-1.0280555206680566
-1.0303197927423113
-1.052372201432771
-1.0466417935662267
-1.0717167595643655
-1.1989951821129616
-0.8883421136117381
-1.0423159125128554
-1.0960631065427426
-0.9870272610018411
-0.961735758905574
-0.9109806862430239
-1.0236891075291579
-1.0818315275044095
-1.057636537478651
-1.1093734735765843
-1.0094234328834586
-1.079515320359769
-1.009568150809784
-1.09220397861471
-1.0000528610928687
-1.0000528610928687
-1.104420878499906
-1.00012954217739
-1.020801635406464
-0.9194879382837987
-1.1479265546332287
-1.0649901903893901
-0.9346923154611425
-0.8023617096042438
-0.9884440473464513
-1.0785652982518914
-1.0556642045260043
-0.8779718329755714
-0.9990607761696998
-1.0559245851206422
-0.8977150088760243
-1.0000528610928687
-1.021022658721272
-1.0370141047573511
-1.0262001290081564
-1.106117009543271
-1.0062634435555395
-0.9277840832030531
-0.9317044106896122
-0.9640966530249251
-1.098922219368153
-0.7823001424143976
-1.094900286809712
-1.0386616006554759
-0.9995714061622076
-1.0391861925261292
-0.84183875118731
-0.9948606738721488
-1.0956550459723755
-0.9475110584084416
-1.0345877498322316
-0.9598324576205512
-0.8735917842599026
-1.048557159091376
-0.9764503532320716
-1.104420878499906
-1.097001505483227
-1.0600578482194658
-1.0000528610928687
-0.9694459927229915
-0.9129909801157754
-0.9405016685753163
-0.7642387800762481
-0.9963067179760614
-0.9906760888633971
-0.9518567184616541
-1.016704323807386
-0.9701714503058527
-0.9843293248282231
-0.9645317014226357
-1.041768843959893
-1.0000528610928687
-1.07081477217164
-0.7580169424911354
-0.6798623149324519
-1.0132864339239074
-0.813367563261026
-0.863507795536214
-1.0313314069544262
-1.1328388497932367
-1.0695848386240048
-0.8851926688447216
-1.050976887918504
-1.0599924887733707
-1.029767993640204
-1.0000528610928687
-1.075836230883739
-0.8752011240996354
-0.7623058761032384
-0.992121557153196
-1.0137322842847212
-0.9066106452052847
-1.0782497177684858
-1.0413391955946874
-1.0417179211994043
-1.2978378560912769
-1.0704116873646115
-1.0180475249469776
-1.0730070018100522
-1.092311352562457
-0.8271030464119773
-0.8493501312311655
-0.9275435829954808
-1.0338984850995432
-0.9655086304856393
-0.9798773370618215
-1.0020336145845596
-1.082427761235512
-1.0559189837908975
-1.081169214396519
-1.0788872048454423
-1.0436732462894538
-0.9370738840014219
-0.8658101406007345
-1.0258269257679071
-1.000818551728383
-0.820599376394398
-0.7236982167224426
-1.1212463614471833
-1.0351753246465727
-1.0560070392420398
-1.067638686731662
-0.9746848992223464
-1.0303594309487798
-1.053685116997717
-0.9846548010035225
-1.1279804569246572
-1.1260714162801162
-0.9060148001507113
-1.0520246483041862
-1.0748523365193408
-0.9976097360823498
-1.0408893360428721
-0.9739872819951273
-0.7029096181371236
-1.0380792278395978
-1.0271346484564328
-0.7453021168305941
-1.038797099844309
-1.0503490805323017
-1.0448290205411166
-1.0749239288714794
-1.0063617884831653
-1.0181987954307568
-1.0406520732433624
-1.0600631051388314
-1.000536580102536
-1.0473247895402111
-1.0395224794540667
-1.0170574712540266
-0.9323377942349875
-0.9725455396123939
-1.0157978985701581
-1.0000528610928687
-0.9169906837647774
-1.104420878499906
-0.9029874632777906
-0.9354615482956518
-0.9550656070589327
-0.7025079717306769
-1.136759028815252
-1.0161989093916701
-0.8437971125758666
-1.031749936524927
-1.0423751422310505
-1.029395970010466
-0.9788957860843484
-1.1376954059336601
-1.0316030674652827
-1.0220377543828114
-0.9095991057969981
-1.102996369742283
-0.6458483806765696
-0.9868233313590944
-0.9751298680566688
-1.0348112639657534
-0.944287062063998
-1.0868892587594994
-0.8750960828372734
-1.0404151937746455
-1.0726488648748385
-1.0874568960110014
-1.0963287642104254
-0.9895640060296098
-1.0093874139781673
-1.0531089730101497
-1.0508562476940657
-0.8890020881563196
-0.9305698474959976
-1.0656826257196572
-0.9965351790669256
-1.0540847151095143
-1.009309984997696
-0.9414682394053021
-0.9423142187617373
-0.9931909765503109
-0.8893420346178187
-0.9887646504126446
-1.0304003058704487
-0.7835530807622186
-1.0580583426541181
-1.0437392756672803
-1.0366562954085137
-0.979268618889954
-1.0311242110739072
-1.0561180824707959
-1.002514465741802
-1.0796756173144002
-0.8525034075843338
-1.0224025651428028
-1.2134734123376358
-1.0540185184730677
-1.0846627415551426
-1.145621047956293
-0.9783359700452314
-0.9532199527689781
-1.1117176124444532
-1.0345990377568848
-1.0286586824371209
-1.0923996032455192
-1.089288214703162
-1.0724218438620903
-1.0217936206277518
-1.1331550418564702
-1.0322670445500919
-1.045004964048219
-1.0924525607206943
-1.0794081195313854
-1.0708174383109228
-1.0059407623535264
-1.0656783166870323
-1.1054099882709445
-0.8437418458170469
-1.0734818751629058
-1.0671602346006537
-1.0788174421484253
-1.0615110870775706
-0.9603379808503483
-1.0371021036234813
-0.9916611353177879
-1.1252785322254182
-0.9518525489057303
-1.1170466187054502
-1.067139301635437
-1.0526703209001294
-1.1189287764192706
-1.032798537758605
-1.0000528610928687
-1.0909746966850884
-1.0372122460358448
-0.9166541504952044
-1.0374153674071291
-1.092120936395372
-0.9863105572094757
-1.0196119649189677
-1.044607916335989
-1.0254358379278905
-1.0394694816708236
-1.0415648773885684
-1.108105159427381
-0.9378355144926214
-0.9697726492963601
-0.9828993217377731
-0.9927249469897033
-0.9889259495289456
-0.9649285145739306
-1.0407176726330116
-0.8939820359080966
-1.143488691512768
-0.9743071836383363
-0.956933582987229
-1.1510174696771556
-0.9160096384999581
-0.9865532631999905
-1.0573040153791056
-1.0600767375091613
-1.008997474415383
-0.8061320047226146
-0.9953481947927938
-1.0976593716241467
-1.1096530128075208
-1.0560301367270974
-1.009317268294728
-1.0253099761975804
-1.0606248113901888
-0.9838711475876945
-1.0540145014470506
-1.0087043366574224
-1.040577402585563
-0.9474673866360246
-1.0696172601636673
-1.1514012256117163
-1.0254366509129795
-0.8969501113835563
-0.7219113871830823
-0.9685043475612738
-0.8473400964407058
-0.98445496247074
-0.9790147144456678
-0.928256206179944
-0.819195530988772
-0.9399959796367285
-0.9003139837767387
-0.8348411240426831
-0.921767942798978
-0.9400108355776639
-1.0835444418820035
-1.062921173094499
-0.8437801643739438
-0.9660749462522634
-1.1160382837801845
-1.0428380844947505
-0.8967466210024169
-0.9552858176371246
-0.9644976516143932
-1.0238370911137318
-1.0506846990143746
-1.0339739299046151
-1.0371760645712935
-1.0513423587677957
-1.014459311554032
-1.1208927154628252
-1.0888688119055079
-0.9492438678720041
-1.0429896079771916
-0.9947803504462321
-1.0244431962584182
-1.0427093189718248
-1.1733272480156092
-1.0181712861356313
-1.0311453403273543
-1.0511173314233564
-0.9983474465492699
-1.1676382648166088
-0.805426130017639
-1.120278181795142
-1.0550063226174538
-0.9739878888957334
-1.0897582990170935
-1.0056420713608667
-1.0790124450697216
-1.061035545221672
-1.0148266819439615
-1.0239378923009752
-1.023386962041689
-1.0066765479418587
-1.049705761012769
-1.0244528810741702
-1.0548230134597412
-1.0626934296910595
-1.0645982811766428
-1.02698113088744
-1.1124394912361888
-0.9052812934474156
-1.0892561646067582
-1.038054716636735
-0.9028279293579501
-1.0395027116939488
-1.0707400133093081
-0.9522576787142429
-1.028138053428573
-1.045522530994534
-1.0676452215396997
-0.9543416672122783
-0.9774779426680256
-0.9407138614332917
-1.1063233192279638
-0.9091589834696536
-0.953421450119467
-1.0289693100636073
-1.1115525260715429
-1.093782557326763
-0.9445484302011795
-0.9978407206718658
-1.0888308054899813
-0.9254979270700875
-0.9629722044338187
-1.0141823406319328
-0.9943388416756577
-0.9620708759193622
-1.0513522063575818
-1.0892045645809632
-0.9192923276992266
-1.0968342699157072
-1.0471410096950493
-1.0657858411075274
-0.9908882594069558
-1.0800028624575368
-1.0732689213779256
-1.0111248276628173
-1.0301550612463166
-1.0121463523441636
-1.0000528610928687
-1.0198364339937702
-1.0225339729431917
-1.104932968968595
-1.066099368940822
-1.0539727663169862
-0.9791751107041419
-1.050057144546351
-0.9903035747653458
-1.1084188983270298
-0.9144319609529328
-1.0467415616706799
-0.9994806972739548
-0.8656579691691173
-1.0474036385551804
-0.9795409377573894
-1.0000528610928687
-1.0000528610928687
-1.0421755518423552
-1.0797845560076373
-0.9354706202451822
-0.8858618425607327
-0.9702246198105547
-0.9650091223933812
-0.9848612349278173
-1.0117277960274984
-1.0282065471168715
-1.0025534445266613
-1.0663531029444455
-0.8987989279221953
-1.0094801924058503
-0.9845546555067967
-1.0000528610928687
-1.0330669571075741
-1.0441753297284255
-1.103532349719007
-0.9376881840851815
-0.9334239737078038
-1.0145088840974292
-0.9410073683513986
-0.9598503038452321
-1.1018694781221616
-0.9826276786958179
-0.9392567885942784
-1.1343139234803254
-1.110990160283581
-0.9162878723070649
-0.9775339882515064
-0.9796185052481297
-1.0339349377208613
-1.0726191153482
-1.050793178277464
-0.9629980805131367
-1.0624067942916038
-1.0784035210782559
-0.9497869834201109
-0.8961741897101128
-1.0751049120368799
-1.07628846849031
-0.9956258261233292
-1.0000528610928687
-1.0760247675157038
-0.998023563051767
-1.0046708437758125
-0.9843895470284808
-1.1044758136686486
-1.0437171992318022
-0.9249859033460144
-1.0452895293380422
-1.035362787482783
-1.1117648165641036
-1.0271211897523578
-1.0036826748957863
-0.9995275709442084
-1.0924976410696465
-1.0943582404707102
-1.0456866505772002
-0.982437102168887
-1.0648401649272181
-1.05581259131991
-1.059683532357477
-1.0611076458179471
-1.0250551669454908
-0.9326891759042983
-1.0215500116439644
-0.9800225978335755
-1.0714906899240815
-1.075850133638133
-1.0393158271074703
-1.2039989404348437
-1.0892109540417463
-0.9215001515436002
-0.8715366890000813
-1.070573535844186
-1.0485008733045182
-1.0314023543494066
-1.0020988902288215
-0.9310863145730598
-1.1687308999790074
-1.049164344146233
-1.0376350394929392
-0.9536577735796896
-0.8204686216325395
-1.0484931437809164
-1.085006762179888
-1.068241553747601
-1.0724401118964466
-0.9441348825806456
-0.8795228824623286
-0.991398753187355
-1.1311984546371636
-1.160418715079608
-1.1564378440932168
-1.0124373799917223
-1.011374370636548
-1.0526325147270748
-0.9738834949940517
-1.0810049949888767
-1.0200674367638047
-0.9833707727916008
-1.019460420612225
-0.9721849127140052
-0.8635354097806871
-0.8999600782813884
-1.00795267397339
-0.9291851036093361
-1.148047773382516
-0.9773649977236247
-1.1697114149266508
-1.050646048517747
-1.0639904186737315
-0.8547959567129738
-1.0351286776831756
-1.0532672719099252
-1.0671576189253855
-0.9468264602936869
-1.0248314303899955
-1.0067576790838828
-1.0435691560307903
-1.0614152782169755
-1.002870223781354
-0.8870921069695699
-1.0488718198199798
-0.9753166737091133
-0.9499156018374068
-1.0532552855165045
-1.1478106402487238
-1.097912984849744
-1.0690974592944604
-1.0348992759883933
-0.8798883087824811
-1.0268358133520108
-1.0734325485166702
-0.956077629563463
-0.994684452871254
-0.9082167438956144
-0.9513065963418887
-0.9418065862889361
-1.0772613508028142
-1.0205096117031436
-0.8876474805788414
-0.9992417374983213
-1.0184882636670571
-0.9605366498690601
-1.2127851522676532
-1.033388572431163
-1.0860107363019522
-1.192809406483058
-1.1849678002278217
-1.2038489749305823
-1.2278327797784403
-1.0726364303887561
-0.8095498560368245
-1.0000528610928687
-1.14753234281453
-0.961994335471566
-1.0626741069882202
-1.0793732898643413
-1.0691652516532975
-1.0687155443536087
-0.8975029159373799
-1.0404326857412036
-1.0892923545171849
-1.0000528610928687
-1.0378895441998992
-0.8384084416779821
-1.1915781530874843
-1.197612248447539
-1.0902350806713221
-1.1329439771738181
-1.0687517438105174
-0.9873693974945269
-1.0502824473335093
-0.902495378270151
-1.0076312730904813
-0.9245006732832781
-0.8470891472823264
-1.087593653261766
-0.9196098066062799
-1.1075841931763237
-1.0989660702940878
-1.0466109861760613
-1.1675430021660518
-1.047363012053461
-0.9262019266295657
-0.9458581848097543
-1.104104634845891
-0.8709921290091844
-1.1810320203562155
-1.1213507005296108
-0.9908412870123757
-1.0130050413056828
-0.9159422440492131
-0.9200471823529197
-1.0824391999730676
-1.1092097109637273
-0.9495547660155278
-1.0523578325993408
-1.014696647527118
-1.0758362125872973
-1.104048107620383
-1.112096447766099
-0.953442556126771
-1.0954275318811841
-0.9401408885118576
-1.0020428206036776
-1.190244730478837
-0.9503336044316771
-1.120127590020237
-1.1645125236107274
-0.9691079070250159
-1.079077099874774
-1.0357070768186456
-0.9044270324972995
-0.8538141482680929
-0.7488830298313092
-1.0109340067251864
-1.0730945298795302
-0.8229722374585535
-0.9665322404729781
-0.9148799244068069
-1.081344695312937
-1.0587435905628704
-0.9851601375800969
-1.0107868975579677
-1.0302260427221308
-1.0076519642050685
-1.083742186983882
-1.0002198513957874
-0.9403718787109602
-1.0880489870978796
-1.1005440478030648
-0.8710914767220025
-1.0169786753094703
-1.0152627467876032
-1.0269254364183593
-1.0577332696571262
-0.9451014533464073
-1.1198473920247654
-1.0674835247924719
-1.0802831564942723
-1.0504176013876034
-1.0782821667345903
-1.102308020392871
-1.0637531231296418
-0.9302672446111478
-0.9474554558079311
-0.8520533846050209
-1.075050610501183
-1.0909128878851668
-1.083535412464502
-1.1137191483089488
-0.969332492152138
-1.1352045369160226
-1.161263532562294
-1.0504174662844936
-1.0755361088385762
-1.1270222237064504
-1.1057676809159434
-1.028665977223576
-0.8367484692665154
-1.1752117306144085
-0.9294342747863859
-1.1595171257141605
-0.9911892398468116
-0.9309566005366967
-1.0052956055502313
-1.0507981116130938
-0.8756013391633992
-1.0000528610928687
-1.0000528610928687
-1.1063326648851266
-1.0615954541191646
-0.899730013135674
-1.0759474217768605
-1.0242558947524483
-1.0462884624333455
-1.0782676628096948
-1.0203384110060467
-1.009954882530656
-1.0058072763993802
-0.9600795979639709
-0.8263973256324317
-1.1262031032814008
-1.0585635448979234
-1.0690424551000703
-1.209737357484532
-1.00832861768403
-1.078930914499929
-1.036953514148793
-1.0342411550004664
-1.0000528610928687
-1.144567628895039
-1.142311153252773
-1.0000528610928687
-0.9073503869098207
-1.0577076495752586
-1.0739392680371511
-0.94823487432168
-1.0003346583801846
-1.0369060678101654
-1.0524776150886017
-1.0029266382482922
-0.9355059310128074
-1.0496327992477852
-1.020029321324496
-0.9595863156228119
-0.9322490186391492
-1.0258682802455825
-1.1373759192518973
-0.9540767079618567
-0.9653565408868632
-1.0219176194207547
-1.0392543767873097
-0.986259514578588
-0.9800287672044606
-1.0314643820340779
-1.0555132069406432
-1.004148473004898
-1.0863613977846496
-0.9724197053849085
-1.034033984526144
-0.9423627660003067
-1.0368827321993592
-0.9962719810592272
-0.8779796455740185
-0.9544107704139886
-0.981077179679287
-1.091893954217747
-0.7906457763186082
-1.013746034526441
-1.1014448584198107
-1.0342199895287463
-0.8993426573668573
-0.9357069823795432
-0.9791681782496395
-1.0436613110937214
-0.8606413582711882
-0.8925920845833659
-0.8284639526027099
-0.9215990612393963
-0.8658038967691886
-1.0000528610928687
-1.0461436142670015
-0.9563079117619567
-1.0723745822241129
-0.9215821990660243
-1.20505474625398
-0.9592612842060294
-1.0806164647118812
-1.0680606656677358
-1.0541147363489158
-1.0780511097682537
-1.103207116428049
-0.9772858592101566
-1.0865665287517954
-1.0425306761535151
-1.0351886058400341
-0.9534834526474625
-1.0958618818638293
-0.9180801840832952
-1.032600130935843
-1.1081057470629505
-1.0288269262240506
-1.01490170115367
-1.092592392317571
-0.9736051811821402
-1.042207673611077
-1.08408042465215
-1.0818746817445142
-0.995500524485273
-1.0925023640019087
-1.0307769374528
-0.94787822236734
-1.0097885838802403
-1.045729613245428
-1.06038310292766
-1.0160476450429696
-1.0511186166945907
-1.0439383115261478
-0.9832333306157226
-0.9675359210955137
-1.0426060732145808
-1.0652059681249921
-1.1156784379179585
-0.982112848545311
-1.0000528610928687
-0.9085919528503581
-0.9819196463466082
-0.9042220140702922
-1.1477658498576675
-1.0861353797354445
-1.0182957644860953
-0.949914163053193
-1.022873889200465
-1.1157682974548586
-1.0455392742574805
-1.0082727997757481
-0.8791412383048886
-0.9608229682882166
-1.0819565320337352
-1.0948294242372776
-1.0399818471880011
-0.984638385639047
-1.118630574670223
-1.164965591191734
-1.050392522926036
-1.0530574476872077
-1.0416080794942215
-0.8568899825708993
-1.09031957424292
-0.6075119521031069
-0.6110960512632511
-1.1999538160510566
-1.1021746939838646
-1.080594255955515
-0.9324726936359631
-1.050070131596003
-1.0699068588785499
-1.0242094223420468
-1.0112410222050299
-1.0401022933685344
-0.943048506256323
-0.98239304307412
-1.046438924272464
-0.9121608780969348
-0.9120395081270086
-0.9835403456124979
-1.0383668012458618
-1.0307115398895454
-0.9421974816600576
-0.8719407095531888
-1.0375190493687378
-1.1069588839412858
-1.066453399234763
-1.072527326147895
-1.133940566747749
-1.0016894286170333
-1.0811950364017715
-1.1196732092831252
-0.953119808859045
-1.0757475772516445
-1.0383172188833425
-0.8793241392824411
-1.0003012949508259
-1.0109533048122343
-0.9538436812006137
-1.012716694578023
-0.9953152183168201
-0.907647124854609
-1.0086188485448198
-1.0547227384362197
-0.9515119620555219
-1.0084774981611435
-1.0164790302461109
-1.104201994581732
-1.019660667902984
-0.9093081813631326
-0.974818032482746
-0.8313541946029726
-1.0470175846377063
-1.062020005668844
-0.9786825971382289
-0.992212894794295
-0.9280422331436144
-0.9229528937045424
-1.015318920994117
-1.183132075203114
-0.9917082864567884
-1.0721712877331835
-1.0000528610928687
-1.1087694787827183
-0.9691564142433009
-0.951162458454556
-1.0691846578041666
-0.8602118456507633
-1.039653170238628
-1.0097101290786101
-1.0528926289878777
-0.9853538610092702
-1.164548060772734
-1.0408144894094036
-1.1013966847901093
-1.1352442286308309
-1.0309866017762208
-1.0536726394210774
-1.104420878499906
-0.9855241685492963
-1.1968410474115467
-1.1803933518731238
-1.0765943779677725
-1.1329516006530231
-0.9396730061045009
-1.1149331358434809
-0.9644247604233194
-1.1454719653452683
-1.1195315881823031
-1.0955597283750205
-1.028121213163614
-1.0830144049103905
-1.0000528610928687
-1.0000528610928687
-1.0625868865517782
-0.9738178357815737
-0.90614916862107
-1.1171157625771633
-1.1096958874451723
-0.9417705628432773
-1.1092970920992369
-1.082194637788735
-1.1233897513533269
-1.0000528610928687
-1.0506201654777083
-0.8611692867854035
-1.0496600240010605
-1.0820864481497976
-1.0000528610928687
-0.912021448183878
-1.0888924834120426
-0.9768144036215616
-1.0164924577001018
-0.800989644000415
-0.9765000817648999
-0.8564079867242613
-0.9922754636985711
-1.021744276132925
-0.9927836998442171
-0.8360986922987097
-1.0100673726054596
-1.0236927548865133
-1.1519402996925558
-0.869238534493064
-1.0554915169953438
-0.889628805137162
-1.0210320426079096
-1.1249168204060451
-1.0130432166068188
-1.0531818313142227
