-1.035868856668993
-0.9631870009665154
-0.9998140384441025
-1.0524853863705672
-0.9998140384441025
-1.0208333793776392
-1.054114001254025
-1.0110465107277558
-0.8746962045639718
-0.9805027779667579
-0.9998140384441025
-0.9998140384441025
-0.9998140384441025
-1.002222267766887
-1.002222267766887
-0.9998140384441025
-1.076558672627069
-0.9814332023466112
-1.0778984442424184
-1.0175704389714109
-1.0606537233902393
-0.9081475853868863
-1.0456204934334108
-1.0073404308740714
-1.0030954302063024
-1.0916514241798698
-1.0482885612145967
-0.9998140384441025
-0.9533141174157235
-1.0566512497303404
-1.0391627530187044
-0.9594737498562825
-0.9399979590665948
-0.9384829813372728
-0.9998140384441025
-0.9998140384441025
-0.9998140384441025
-1.0019585752530054
-1.0019585752530054
-0.9869534317084622
-1.0227631625173466
-1.022897657524169
-0.9999097499485046
-0.9511743762776993
-1.0277684881877391
-1.042309203083197
-0.954070287219899
-0.9555514995542912
-1.0000224811589458
-1.0672205193245012
-1.020426932068241
-1.0051253956067654
-0.9998140384441025
-0.9998140384441025
-1.0486537935241367
-1.0870112592900925
-0.9998140384441025
-0.9998140384441025
-0.9998140384441025
-0.9998140384441025
-0.9998140384441025
-0.9998140384441025
-0.9998140384441025
-0.9998140384441025
-0.9998140384441025
-0.9998140384441025
-0.9998140384441025
-0.90822165938075
-1.0018119650384765
-1.0050185218159764
-1.0327089034447001
-0.9998140384441025
-0.9999097499485046
-0.9998140384441025
-0.9809188280257859
-0.941729090781196
-1.0226843764569333
-1.1008470819282477
-0.9858597715456783
-1.0044205108687396
-0.9998140384441025
-0.9998140384441025
-0.9639806818010618
-1.03799052814038
-0.9923847807534127
-0.9732700768535986
-0.975195104594076
-0.9498913733436017
-1.0455434664605165
-0.9987145592765346
-0.9758168182218203
-0.9921929074820337
-0.9733854433641966
-0.9998140384441025
-0.941506511120372
-1.097144261464798
-0.9998140384441025
-0.9998140384441025
-0.9998140384441025
-1.1310096200452073
-1.0344075457269726
-0.997707346675698
-0.9085151189753229
-0.9998140384441025
-0.9998140384441025
-1.0131848374952301
-0.9998140384441025
-0.9874949221211508
-0.9998140384441025
-0.9301166398797652
-0.9998140384441025
-0.9998140384441025
-0.9996435791970154
-0.9998140384441025
-1.0947434635399635
-1.0404251664400428
-1.0067275762904841
-0.9951988121822759
-0.9998140384441025
-0.9998140384441025
-0.9998140384441025
-1.0693730738857958
-1.0413357547449096
-1.0856067082646728
-1.074835932053246
-0.9998140384441025
-1.061992531046044
-1.061992531046044
-1.012689774292005
-0.9998140384441025
-1.0074103823308374
-0.9998140384441025
-0.9998140384441025
-0.9948121190477072
-0.9948121190477072
-1.117943663333465
-0.9998140384441025
-0.9998140384441025
-1.040837867032642
-1.0330849013644923
-0.9998140384441025
-0.9948121190477106
-1.0618600033715995
-1.0201232741953659
-1.026451179507708
-1.026451179507708
-0.9998140384441025
-0.9998140384441025
-1.026451179507708
-0.9998140384441025
-0.9998140384441025
-1.0919701156101458
-0.908624420545286
-1.0292298117828844
-1.0101207255491453
-1.0528888738496034
-1.0267988230592238
-1.0957486346040939
-1.0957486346040939
-0.9756324603733939
-0.9998140384441025
-1.0366778729443815
-1.091152372331686
-1.0622142930442326
-1.11138870984558
-1.0059987668027282
-1.0000224811589458
-1.0513582553065561
-0.9294838912872164
-0.9998140384441025
-1.0045430088262466
-1.0408856659444579
-0.9998140384441025
-1.0000224811589458
-0.9938865055672035
-0.9938865055672035
-0.967114959280778
-0.7428949926839039
-0.9998140384441025
-1.003917628925307
-1.0126187751435476
-0.9847533226239238
-1.0783854636105055
-0.9999097499485046
-1.0122071474374732
-0.9995922216885504
-1.0146976047015848
-1.0182342850887032
-0.9791657624031636
-0.999559448658584
-1.0561692508900031
-1.0877589768110398
-1.045520539270243
-0.9849617337106775
-0.9998140384441025
-0.9799469402360446
-1.0117523477160795
-0.9999097499485046
-0.9998140384441025
-0.9524989026401406
-0.8982590540336803
-0.8419707073970546
-1.068674498306555
-0.9305712905995656
-1.006847875203397
-0.9887112980084088
-1.0015669050568776
-1.0856067082646728
-0.9915139897580878
-1.0160808464817552
-0.961343616222742
-0.9645819578632421
-0.9998140384441025
-1.0258052685151358
-0.9941280499666936
-0.942766774363817
-0.8355773887027924
-1.0286687716723422
-1.0587980178301029
-0.9998140384441025
-0.9939438845179439
-0.9293703236015074
-1.0334831149484967
-0.9998140384441025
-1.026451179507708
-1.0805431482537347
-1.045292114770814
-0.9998140384441025
-1.049184619196836
-0.9877953421050956
-1.0066388561308088
-0.9790340612048486
-1.0419699990444788
-1.107415896326223
-1.0527355129628932
-0.9998140384441025
-0.9660853065682973
-0.9998140384441025
-0.9998140384441025
-1.102451278295164
-0.9153373158814342
-0.9998140384441025
-0.9998140384441025
-0.9153373158814342
-0.9998140384441025
-0.9998140384441025
-0.9998140384441025
-0.9998140384441025
-0.9998140384441025
-0.9998140384441025
-0.9998140384441025
-0.9998140384441025
-1.0825573208320534
-0.9998140384441025
-1.0961320161909884
-1.0242829331218966
-1.0084294518999457
-1.017287928281368
-0.9445182220178809
-0.9445182220178809
-0.9664765673182241
-0.969277311446134
-0.9436326927310577
-1.0329739816033674
-1.0487824644313286
-0.9688938516136902
-0.9998140384441025
-0.9688938516136902
-0.9998140384441025
-1.0018338434705722
-0.9998760676865712
-1.0653575400791053
-1.0225478088538615
-0.8835044023289091
-1.050997521044598
-0.8679531691324779
-1.0465344652774966
-0.9998140384441025
-1.071035360537665
-0.9971631575131232
-1.0413154751194669
-0.9998140384441025
-0.926409603745025
-1.052150866798708
-0.9674374032485186
-1.077569773170948
-1.044908096907021
-0.9855206050636339
-1.04311358007077
-1.0810182626554532
-0.9167260075539745
-0.9282838131921698
-1.071174200481758
-0.9998140384441025
-1.0597536919464587
-1.0094102843328359
-1.075806866463744
-1.0020220759917013
-1.0531385990230264
-1.050504760437003
-0.9940252402080085
-0.9998140384441025
-1.0539557660352215
-0.9998140384441025
-1.0426842287420708
-0.9999097499485046
-0.9998140384441025
-0.9998140384441025
-0.9562349329312683
-1.0089458544088945
-0.9998140384441025
-0.9560897563381633
-1.0630260880296334
-1.0630260880296334
-0.9402248088474622
-1.0220463379932232
-0.9580359216972338
-0.9501797965151378
-1.0319222496017655
-0.9934414003683798
-0.9998140384441025
-0.9998140384441025
-0.9566973750589257
-0.9878540821763782
-0.9998140384441025
-0.9983901506358718
-0.966919601198987
-0.8687171141341474
-1.0181906117275028
-1.0668370413976218
-0.9298537393448474
-0.9863016527090565
-1.0116127034259716
-0.9684208912321486
-1.11195817234603
-1.0291333575657808
-0.9917818696004022
-1.0442268737905742
-1.0337588106701017
-0.9117436417638963
-1.0257634988947086
-0.9998140384441025
-0.9998140384441025
-0.9717876146249734
-0.979718430887694
-1.0412451028088316
-1.015257174725514
-0.9829327371973736
-1.0368305995180191
-0.9691628052669347
-0.9998140384441025
-0.9998140384441025
-0.9998140384441025
-1.052335429117144
-0.9998140384441025
-0.9633270078570066
-1.0637800109927718
-1.0844199049748138
-1.0672205193245012
-0.9074684418224266
-0.9998140384441025
-0.9500733024933866
-0.9987938789797588
-1.0102244663953739
-1.0015962722928307
-1.0290482799644116
-0.9790841718562373
-0.8972168707036674
-1.0672205193245012
-1.0000224811589458
-1.0053573494489738
-0.9767199713854408
-0.9650411520058821
-1.0992129130115667
-0.9664251954011738
-0.9728024363694261
-1.03329649918757
-0.9998140384441025
-0.9050262455463116
-0.9808792066979863
-1.080202546873043
-0.9670780306963586
-0.9858387581247384
-0.9998140384441025
-1.0069389989330213
-0.9715445624343154
-1.0518670622392137
-0.9982890668430779
-1.003946781816915
-1.0311970863898527
-1.0297776753451058
-1.051790602959416
-0.9699216666010386
-1.0333557555150108
-0.9567754610115377
-0.9998140384441025
-1.1421355231782606
-0.9554589284357455
-1.0564190678005014
-1.0564190678005014
-0.9672932167179924
-0.937325980195695
-1.0687458103541074
-0.9852144328069724
-0.9395691154949245
-1.093316749507288
-0.9998140384441025
-1.0286823212242857
-1.1217276433391774
-0.9542017655746736
-1.1030746987949651
-1.040067016912014
-0.926681681223714
-1.0844199049748138
-1.0729262670869961
-0.9913108793454662
-0.9843555166321392
-1.0898679814702539
-0.9999097499485046
-0.9348462290822284
-1.0707929803242175
-0.9998140384441025
-0.9275247546388614
-0.9752135261607815
-0.9752135261607815
-0.9752135261607815
-1.030668965105512
-1.0014231680554195
-1.0309797059513235
-0.9907800995012987
-0.9998140384441025
-0.9539707627271365
-0.9943127253894387
-0.9998140384441025
-0.9998140384441025
-1.0749687632096179
-1.0434110829245071
-1.0000224811589458
-0.9998140384441025
-0.9998140384441025
-1.0242343713404034
-1.0220897923436745
-0.9398455364413532
-1.0329589018447074
-1.0394730086335915
-0.9998140384441025
-1.0401867597878567
-0.9790586942512263
-0.9998140384441025
-1.00697567224175
-1.044293707760265
-1.1327817484194354
-1.005613103987714
-0.9998140384441025
-0.9998140384441025
-1.045346256512898
-1.073162688092304
-1.073162688092304
-0.9712442670348302
-0.9998140384441025
-0.9998140384441025
-0.9969781924826547
-0.9804879792856164
-0.9998760676865712
-0.970368772584264
-0.9998140384441025
-1.0327473053604788
-0.9977847375787877
-0.9998140384441025
-1.01821023822874
-1.031391155267061
-0.9843228082624342
-1.0247560917021479
-1.0116840905324247
-1.0242705184893461
-1.01143711320207
-0.8614738706165079
-0.9927960507022126
-1.035119971197644
-1.001616650855805
-0.7994774006926035
-1.1327817484194354
-0.9998140384441025
-1.0222081579199362
-0.9417979439076011
-1.0920578562933279
-0.9965903827149494
-1.0033038239213343
-0.99848612263949
-1.0278442552416993
-1.069992712127422
-1.039974913100192
-1.0137774324275648
-1.0131085808513176
-1.0131085808513176
-0.9998140384441025
-1.076071570763921
-1.0000224811589458
-1.119934498646737
-0.9998140384441025
-1.0684592584996953
-1.003525917652342
-1.0439952779077954
-0.9998140384441025
-0.9998140384441025
-0.9635102370182558
-0.9908157221115307
-0.9999097499485046
-0.9834242929203273
-0.9998140384441025
-1.0055285933714175
-0.9998140384441025
-1.021843875853245
-0.9886937115293253
-1.0643807541841395
-0.9721123818654296
-0.9999097499485046
-0.9998140384441025
-0.9998140384441025
-0.8750556077713548
-0.9637655489830055
-0.8562709273747062
-0.8562709273747062
-1.0230066964674247
-0.9998140384441025
-0.9998140384441025
-0.9998140384441025
-0.9998140384441025
-1.0564303283106533
-0.9366042141960207
-0.9999097499485046
-0.9476914973582715
-1.0546467586593815
-1.0128882996638278
-0.9472353414716663
-0.9433296931803179
-1.0068848995371558
-0.9998140384441025
-0.9670436945414611
-1.0039242872715681
-1.0438340717616164
-0.9186254204445167
-1.0272099111147814
-0.9998140384441025
-0.9883527264511871
-0.9910398401040965
-0.9998140384441025
-1.120951225279818
-1.0740250756790146
-1.0358135407421616
-1.0154478507656362
-1.0296098412535502
-0.9998140384441025
-1.079488780749395
-1.077001398866899
-1.0934336711636177
-1.007764454932798
-0.9801502248405325
-1.0690461966272957
-1.0607499013505253
-0.9560412401596078
-0.9662312610450312
-1.028439341858825
-0.999558081158187
-0.9970896905605697
-0.8971439346801127
-1.0170175432101811
-1.0877809283596938
-1.0415274640993541
-1.0138272654352083
-1.0224416250428194
-0.9616665624449228
-1.0263560325637435
-0.9940042252275034
-1.0209332571082868
-0.9749100641646684
-1.0131998626245515
-0.9998140384441025
-0.995039320388004
-1.050781659514646
-0.9531254638949161
-1.0121363634757774
-0.9998140384441025
-1.0239964577377505
-0.9801406703956814
-0.9998140384441025
-0.9708927061457908
-0.9999097499485046
-0.9523313593378988
-1.0303140314887744
-0.9998140384441025
-0.9998140384441025
-0.9494679387870965
-1.126185695060028
-0.9998140384441025
-0.9710769904788827
-1.0057125566030871
-1.0230473607955062
-0.9485894325791733
-0.9878687157628196
-0.9286577528584534
-0.9569898301836174
-1.0033775856806233
-0.995070381824436
-1.0377051850438372
-0.9584672386071221
-0.9940982074844384
-0.9848204653371981
-0.9910181480609191
-1.0672205193245012
-1.0182272460642552
-1.0591707420165188
-0.9998140384441025
-1.027835579942435
-1.0316017996102456
-0.9815062417701952
-1.0301814589129739
-1.0435279689815498
-1.0728895805620948
-0.9558404759628243
-0.9640997261829697
-1.0086239617612813
-0.9798401508140293
-0.9836726226851691
-1.025844617855885
-1.0102882232517185
-0.9469197436304381
-1.0426136097071619
-1.0155633401790665
-0.9812688684280956
-1.015548991294138
-1.0391189775363712
-0.9432817853683327
-1.0363568913164338
-0.975183731475477
-0.9650849175269094
-0.9871347468036007
-1.1135090887799275
-0.9948121190477105
-0.9790153925193134
-0.9998140384441025
-0.9998140384441025
-0.9870896668183402
-0.9998140384441025
-0.8760021365240647
-1.0183573864643858
-0.9805637139794394
-0.9846101131987668
-0.9259141141864622
-0.9990150871664216
-0.9990150871664216
-0.9943237996797862
-0.9943237996797862
-1.078818704008113
-0.9547939185337413
-0.9547939185337413
-1.0453676325711772
-0.9955607875298348
-1.1343833668346572
-0.9998760676865712
-1.1054215784213675
-1.0277039296576145
-1.0198787982657123
-0.9220470703608695
-1.0358497300430054
-0.9998140384441025
-0.9998140384441025
-0.9921133474364172
-1.0139444229281553
-1.0164943921477678
-0.9623085970954145
-1.005256654303488
-0.9812823747254869
-0.9999097499485046
-1.0381421600303637
-0.99175556742981
-1.0164577949676565
-0.9990988870236652
-1.0257330071954436
-1.0478089110240005
-0.9557966870517891
-1.0599017526227994
-1.0000224811589458
-1.0211312787462743
-1.141729015184035
-0.9542414777816389
-0.9891693365466327
-1.0000025622600228
-1.052264111265782
-0.9998140384441025
-0.9999097499485046
-1.1339037604045694
-0.9998760676865712
-1.0151620304181326
-1.0433864095555265
-1.0277564567978124
-0.9490574392325359
-0.926030592762336
-0.8986402955157902
-0.9998140384441025
-1.007325023280562
-0.950288559937132
-0.9998140384441025
-0.9967999502073528
-0.9998140384441025
-0.9557237584873923
-0.9809499335796438
-0.9483453809690591
-1.003423685123745
-1.013629656324256
-0.9320378684964465
-0.9613052299795501
-1.0063988936385608
-1.017582580661096
-0.9496286782953915
-0.9998140384441025
-0.9747260721565371
-0.9998140384441025
-0.9998140384441025
-0.9998140384441025
-0.9998140384441025
-0.9998140384441025
-1.0067188026485023
-0.9655462664232038
-0.9531375834102574
-0.9998140384441025
-0.9998140384441025
-1.0018593065027113
-0.9993316651295262
-1.055411728916412
-0.9993988626282175
-1.0042948341380895
-1.00098684838557
-1.0218013885767911
-0.9803807857447123
-1.002038683844205
-1.0523401272692647
-1.0184708150994006
-0.9998140384441025
-0.9876246161198338
-0.9998140384441025
-1.0967073212919942
-0.9232932427202527
-0.9998140384441025
-1.0343481414096733
-0.9998140384441025
-1.0692694855861047
-1.055391130325024
-1.0327032749827978
-0.9560514630549519
-0.9564512852364238
-0.9998140384441025
-0.9915053597951278
-0.9844137346810629
-0.9844137346810629
-0.9767696228899186
-0.9998140384441025
-0.9767696228899186
-1.0044205108687396
-1.053095683936298
-1.0811552416608907
-1.0407572430327798
-1.0171022697129848
-0.9998140384441025
-0.9998140384441025
-0.9998140384441025
-1.051580492712786
-0.9998140384441025
-1.0263346735685512
-0.9998140384441025
-1.0064417353022916
-0.9689186753488285
-0.9244084574793144
-1.1327817484194354
-1.044206080982449
-0.9053451527709729
-0.9248598117189565
-1.0009614553517827
-0.9999097499485046
-1.0566255091619254
-0.9998140384441025
-1.0536885232503002
-1.0651307701074255
-0.9730900630649038
-1.063108004026979
-0.9651561702325313
-0.9775633980136056
-0.9534279142043194
-0.9470557696722031
-0.9779405500128504
-0.948406004523523
-1.014927337287085
-0.9999097499485046
-1.0000111636145623
-1.0131411869472422
-1.0025860861666909
-1.028633936402368
-1.028633936402368
-1.1236868315822348
-0.9345542409638565
-1.001811726715792
-0.9999097499485046
-1.0438340717616164
-0.9998140384441025
-0.9998140384441025
-0.9998140384441025
-0.9808901263812853
-0.9998140384441025
-0.8933733644852971
-1.0497913431460544
-0.9842206352641094
-0.9916762663607793
-0.9734488420878508
-1.0856067082646728
-1.0856067082646728
-1.0653619745314769
-0.9379467564535877
-1.0798620851775176
-1.0157175348935301
-1.034702843285575
-0.9998140384441025
-1.028607899028966
-0.9837962682479602
-1.0788534688671094
-1.0041181782329363
-1.131750276894116
-0.9114533858763572
-0.9712774379841158
-1.0025516917058155
-0.8581868054898381
-0.9449246906273293
-1.0312152736747908
-1.0630862325226906
-0.9422695135861451
-0.9998140384441025
-1.0281912491757097
-0.9422871539381429
-0.9533700580716369
-0.9959339876324925
-0.9796392702912136
-0.9982509402967478
-0.9934091775828555
-1.0703834566746728
-1.0703834566746728
-0.9998140384441025
-1.0483439528950431
-0.8307574916256086
-0.9998140384441025
-1.0527912286408352
-1.0645168603057562
-0.9319625920866924
-0.9765902583559124
-1.0391129843076898
-0.9804680920883043
-0.9870932458656895
-1.0000224811589458
-0.9743528268221656
-0.9989290235007157
-0.9584832132887714
-0.9369601696264449
-1.0089223241678242
-0.9088348969574948
-0.9998140384441025
-0.9304565139692397
-0.9702866371584353
-0.9746668756523985
-0.9705096248499681
-1.0110433889294734
-1.0260809493856522
-0.9998760676865712
-1.0222561942760646
-0.9949120159282294
-1.0023193699423336
-0.9998140384441025
-0.9998140384441025
-0.9998140384441025
-0.9998140384441025
-0.9940150557975709
-0.9940150557975709
-1.0584506703828798
-0.9682831019918897
-1.0591817546818774
-0.9308931588633673
-0.9740123714246921
-0.9832671812671429
-1.0438340717616164
-0.9778486658597059
-0.9998140384441025
-1.0032559403955015
-0.9998140384441025
-0.9668370104673627
-0.9998140384441025
-1.0026858854141325
-0.96048592184994
-1.1327817484194354
-0.9465307894277477
-0.9998140384441025
-0.9998140384441025
-0.9998140384441025
-0.9080533462389664
-0.9301303274294146
-0.9916507936378883
-0.9998140384441025
-0.9533842732732641
-0.9998140384441025
-0.9514016152943849
-0.9234020104783994
-0.8639909505060751
-0.9998140384441025
-0.9998140384441025
-0.9665603581082268
-0.9653427637644978
-0.853660250989017
-1.0493388725779136
-0.9788273136000598
-0.9998140384441025
-1.0291014625321164
-1.0092369925694582
-1.0619800222231002
-0.965276108850487
-1.0169966452288595
-0.9852728659294854
-0.9489812670446321
-0.9998140384441025
-1.0139348120873588
-0.9491460229996582
-1.065273289503419
-0.9613871150378508
-0.9998140384441025
-1.0672205193245012
-0.9998140384441025
-0.99565996550348
-1.0255033226720955
-0.9575769292097386
-1.0284705868592443
-1.0117166878877726
-1.0395772919569044
-0.9889720166616665
-1.0399429938847318
-0.9680706990867841
-1.0439952779077954
-0.9900805139890854
-0.9982635835490743
-1.0011301897867462
-0.9814689501301256
-0.9999097499485046
-0.8012077429156521
-0.9601539455035312
-0.9518653582327019
-0.947046666745776
-1.0353469316063912
-0.9998140384441025
-0.9815764605710996
-1.0083050139390282
-1.0173778977662846
-1.1354162599656314
-0.9998140384441025
-0.9778621862148158
-1.041933646328499
-0.9998140384441025
-1.0103377325587803
-0.9998140384441025
-0.9998140384441025
-0.9787960010679609
-1.0899998906515802
-1.0350038623600366
-1.0700030584290403
-1.0700030584290403
-1.0796526383987914
-1.0753729284274307
-0.9998140384441025
-1.0889953111755486
-0.9948121190477068
-0.9648170107247287
-0.9998140384441025
-0.9840137782635405
-1.0419102658016053
-0.9946178592571393
-1.0717744845989143
-1.0213332777991733
-1.0213332777991733
-1.0111747611583832
-0.9999097499485046
-0.9772040466836032
-0.9999097499485046
-0.9588801015849662
-0.9422852891907841
-1.0076535352513702
-0.9998140384441025
-1.012361295561339
-0.9998140384441025
-1.0000224811589458
-0.910762960116352
-0.9672694017267214
-0.9672694017267214
-0.9613159699059804
-0.9998140384441025
-0.9998140384441025
-1.0873480265477768
-0.8926301282420714
-0.9998140384441025
-0.9689245265198415
-0.9996760007566456
-1.001369887804732
-1.0267495741723782
-0.9998140384441025
-0.9948121190477053
-0.8927924618800783
-1.0672205193245012
-1.035868856668993
-1.0528888738496034
-1.1004964211038377
-0.9777746718245309
-1.058925598285368
-1.0077676583963195
-1.011220845780226
-1.011220845780226
-1.0694886792962273
-1.0003099305131482
-1.0053150941594755
-0.9992951965632042
-0.9835932084843553
-0.9847883995671831
-1.0543113619162678
-0.9851451749586078
-0.9617224772151838
-0.9800402910266803
-0.9998140384441025
-0.9929814051812564
-1.0092657142252033
-1.0177716830495434
-1.013056905426964
-0.9909964736964878
-1.0688558624613842
-1.1226362625365076
-1.041275414943491
-1.0266574825209642
-1.0092179999381403
-1.072404894544778
-0.91985959226877
-1.0672205193245012
-1.0729958208528039
-0.9972744888956875
-0.99438348785487
-1.0844199049748138
-0.9419996426140984
-1.0000224811589458
-1.125183073201688
-0.9998140384441025
-0.9474388620232932
-0.9855843752414338
-1.0196863090831128
-0.9301001158796739
-0.9831591144258318
-0.9244049707178266
-1.052193708332868
-0.989772486591596
-0.9368988973524467
-1.0636389501156787
-0.9839035839751415
-0.9168595573212731
-1.0118240545047608
-1.0336069453618844
-0.9808213653488386
-1.0219316332285868
-1.0350956361119308
-1.0000224811589458
-0.9870837080933497
-0.9708302102384365
-0.9998140384441025
-0.9998140384441025
-1.0608592926602283
-1.0826499220389998
-1.0007566721962626
-0.944642925063642
-1.0904644472898668
-1.1181114966761179
-1.0598845108373482
-1.010072795790368
-1.0157873085797773
-1.0661790709704828
-0.9849617337106775
-0.9760325590669474
-0.9570550203131031
-0.9718951436354308
-0.9877632173805826
-0.9985958876211631
-1.0580669117033112
-0.8596303235257017
-1.0723330531464543
-0.9375604811617295
-0.9756797372840492
-1.0686354881310747
-0.9468785026589512
-0.978434959387436
-0.9556945187565868
-1.0079776036151822
-0.9758892670498456
-0.9768889604332335
-1.050781659514646
-1.0438340717616164
-1.0250311277957866
-0.9998140384441025
-1.073713288775854
-1.0977173428226146
-1.0116651022162382
-0.9998140384441025
-1.0145276649724688
-1.0123190377139781
-0.9372539064423916
-1.0176688745160014
-1.0354399683225326
-1.0466464501485289
-0.9636372215419904
-1.0507396343856819
-0.9808966601129394
-0.9998140384441025
-0.9897583033393705
-1.0014035139315949
-1.0454215413875092
-1.1104265212509077
-0.9999097499485046
-1.084071530720566
-1.0214330157457818
-1.0280351828735386
-0.9914180531565673
-0.9119074911970556
-1.041805116242556
-0.9642305849616571
-0.995073981559742
-0.9998140384441025
-0.9998140384441025
-0.9494433237688477
-0.9785221186665509
-1.0286643923987582
-1.0572557963275762
-1.0481978784559645
-1.0347952518284076
-1.0048875707822449
-1.0057848948521917
-0.9776939962476595
-0.9998140384441025
-1.0542215075543717
-0.9845051056457403
-1.083245783670544
-0.9081662948453904
-0.9998140384441025
-0.952904636246876
-1.0506595475938496
-0.9836976961141739
-0.9338825779072599
-1.0413797942499068
-1.0413797942499068
-0.9666288735824894
-1.0783840772422606
-1.0783840772422606
-0.9996034254756209
-0.9998140384441025
-0.9998140384441025
-1.0182125184967417
-1.0139470642216928
-0.9875113124596107
-0.983660294549397
-1.031127780210785
-1.0738462510174729
-1.0117096710955549
-1.0114483262694391
-0.9972098729936527
-1.08077613651241
-1.08077613651241
-0.9969222661098441
-0.9874356203617649
-0.9171474496859384
-0.9998140384441025
-1.000792769190046
-1.0646365171829097
-0.9999097499485046
-0.9978445722123792
-0.9998760676865712
-1.0844199049748138
-1.1034030817377782
-0.9803820548111922
-1.0302843659305234
-0.938924801962551
-0.996478558220291
-1.0132134073390338
-1.0132134073390338
-0.9998140384441025
-1.038107122938833
-1.0972711697516992
-1.0675894742290601
-1.0193895355383922
-1.0020330445660874
-1.0543730678180627
-1.046490326687195
-1.011252165616306
-0.9805231142740972
-0.9072325899884652
-0.9998140384441025
-1.024540218825564
-1.117411880960687
-0.9998140384441025
-1.0047154008129198
-0.9623133622936323
-0.9998140384441025
-0.9956707932437207
-1.0267107079009168
-0.9249442377293933
-0.9444818231065382
-1.0844199049748138
-0.9516553668503274
-1.1327817484194354
-0.9722679267258016
-1.01229528207815
-0.9998140384441025
-0.9998140384441025
-0.9362977182446277
-0.9589250260390602
-0.9589250260390602
-0.9764667773210963
-0.997540103208659
-1.0856067082646728
-1.0281809278053442
-0.9998140384441025
-0.9998760676865712
-0.9525537182666555
-0.9999097499485046
-0.945477804889144
-1.0153171790778173
-1.0040591195754962
-1.0656203594633864
-1.0065861701414711
-0.9965814732379937
-0.9998140384441025
-1.0282028968640915
-1.0246086927891143
-1.013788321974619
-1.0000224811589458
-0.9438205817110037
-1.0524998176895985
-0.9668367963468809
-1.046458080209423
-1.0630552568643634
-0.9845314564956387
-0.9198779126125893
-0.9198779126125893
-1.0155479781066366
-1.0319130701612442
-0.9970080784816476
-0.9999097499485046
-1.0156252625137845
-1.0528888738496034
-0.9998140384441025
-1.0079728660540652
-1.0192553457158386
-0.9681548325945836
-1.0496528962806388
-0.9998140384441025
-1.1020965314985633
-1.0335901449859106
-1.0772948078470264
-0.9009026435635922
-0.9667577455080317
-1.02917526111334
-0.9031382446725337
-1.0135302246203348
-0.9134008459217395
-0.9775096037866856
-1.0153626495693833
-1.0068233099875552
-0.9487201500763793
-1.073713288775854
-1.066142359491788
-1.0565077614965777
-1.0512251966355162
-1.0304914818486999
-0.9999097499485046
-1.0656045778346153
-0.927777745120075
-0.9900541690068141
-0.9922263081453913
-0.944613802744078
-1.038106066884732
-0.9664016332781551
-0.998000330678418
-1.0356382380214852
-0.9998140384441025
-1.037833784807412
-0.9983233797752971
-0.98021003441618
-0.9880619273152748
-0.9817591101877058
-0.9998140384441025
-1.0143472402686378
-0.9941446388955479
-0.9952206754148137
-1.13498233566975
-1.0844199049748138
-1.0072980162766578
-1.0844199049748138
-0.9998140384441025
-0.9953418210447378
-0.9953937532393425
-0.9569800165235581
-0.9531475648035799
-1.0723668223133362
-0.9309441322433316
-1.0751904864669084
-0.9998140384441025
-0.9998140384441025
-1.0672205193245012
-0.9998140384441025
-0.9998140384441025
-0.9875057153418363
-0.9998140384441025
-0.9998140384441025
-1.1310096200452073
-1.0024126163980367
-0.9998140384441025
-0.9998140384441025
-0.9099465756000846
-0.9352475559204902
-0.9998140384441025
-0.9863254810221963
-0.9998140384441025
-1.0624166137957889
-0.9680417311914905
-1.0672205193245012
-1.0929641191861803
-0.9998140384441025
-1.0929641191861803
-1.0086869039037993
-0.9736929697943029
-1.0087972096825482
-1.032572950498727
-1.032572950498727
-1.078855638746048
-1.0173141313174805
-1.0392073357700784
-1.0396429300123597
-1.0992599158330671
-1.0446807421020026
-1.0696445001863721
-0.9417083750224988
-1.0046021087558212
-0.9278283675915924
-0.9999097499485046
-1.000926869677778
-1.0019927744529715
-1.026544703961183
-1.0380999718782111
-1.0301228404140577
-0.910450449042022
-1.0195690659949739
-1.0566101413817097
-0.9966466520499615
-1.0581015929654762
-1.0540256826610293
-0.999621881902381
-0.892324429416393
-1.1027733725312938
-0.9618636484458345
-1.0419169610732375
-1.0041570103045996
-0.9616595674809502
-0.9998140384441025
-1.0100582468501387
-1.0100779238259772
-1.011590216553279
-0.9998140384441025
-0.9999097499485046
-0.9560782808079146
-1.0135934430745666
-0.959078431433928
-0.9292827861684015
-0.9755151623839734
-0.9483965016474413
-0.9478541086835817
-0.9615384511350895
-0.9506595417694242
-0.974220587104279
-0.9612088539150804
-0.9668367963468814
-0.9429270116263966
-0.979430084060721
-1.1266978741330838
-1.0268108037247194
-1.0616911681024566
-1.0368480337327013
-0.9593608338262232
-1.029617139140025
-0.9875823785175617
-1.0336370418120542
-0.92659166255936
-0.9927951781265223
-1.0310154922885972
-1.0049199393152344
-1.0575039766187206
-0.9674468766611588
-1.0540972454748019
-0.9671295965270913
-0.9663019103874438
-1.060126470054965
-1.0856067082646728
-1.013131151924117
-1.0695705165552922
-1.0014042757873773
-0.9998140384441025
-1.0276009302584879
-1.106295354516022
-0.929414876611752
-1.0127892996628292
-1.0084979135553118
-0.9998140384441025
-0.9998140384441025
-0.9569935397625979
-1.0256964000574615
-0.9998140384441025
-1.0256964000574615
-0.9998140384441025
-1.0078169112164972
-1.01409532439701
-0.9998140384441025
-0.9998140384441025
-1.01409532439701
-0.9091162889580259
-1.1394458905935136
-0.9830172367833606
-0.9830172367833606
-1.0305006861683554
-0.9998140384441025
-0.9998140384441025
-0.9998140384441025
-1.0522498721461977
-1.0824723197260817
-1.0388595178076994
-0.9617192048634714
-1.0960471699116485
-1.026451179507708
-1.0438340717616164
-1.0077599063723315
-0.9998140384441025
-1.0762067288154866
-0.9944679580313828
-1.129307177633361
-0.9813209223591404
-1.0463104147824125
-1.0672205193245012
-1.0327627232261423
-1.0542993882950964
-0.9998140384441025
-1.087118193917348
-0.9998140384441025
-1.0109586770770198
-1.101545423759027
-0.9998140384441025
-0.9705391906000778
-0.9999097499485046
-0.9998140384441025
-1.0559450240407924
-1.0256704800285223
-1.0316862573068601
-0.9998140384441025
-1.0316862573068601
-1.0000224811589458
-0.9999097499485046
-1.0575929657661238
-1.0039109482789574
-0.9585027725998552
-1.086062040174739
-0.8999295460435084
-1.090851853838434
-1.0888983484289525
-0.9999901006601888
-0.9939113630787593
-0.9998140384441025
-0.9675720415361395
-0.9903557179422309
-1.0659445361505926
-1.039643472013295
-1.0318179500248545
-0.9909547755596805
-0.9930301725873408
-1.0231218583974022
-1.0108876271578089
-1.0301720538398136
-1.0264406664316692
-1.002357728225434
-1.0087733734313546
-1.0087733734313546
-1.0638254847694044
-1.0892409285482754
-0.9623033872113477
-0.9623033872113477
-1.0458549523517249
-1.0351901235787486
-1.0262224294398323
-0.996763057580816
-1.0199434419549034
-0.9803910185104685
-0.9788421191769382
-0.9701508073771515
-1.0715098445257234
-0.9998140384441025
-1.0593404113276057
-0.9998140384441025
-0.9459755213033131
-0.9617920281111552
-0.9603847511941886
-1.0031957748166442
-0.9998140384441025
-0.9976423294966381
-0.953030145411535
-0.9998140384441025
-0.9998140384441025
-1.0621553297546429
-1.073258603016674
-0.9936387800610467
-0.9896029934281683
-0.9900185014664135
-1.0075541440939695
-1.022130578480205
-0.9285528607731266
-0.9998140384441025
-0.9677086617183394
-0.9998140384441025
-1.0736715080242463
-0.9692899509710364
-0.98351632516032
-0.9898166337823717
-0.9788490862884877
-1.0233999025484235
-0.9284191799520982
-0.9961126791763107
-1.0453650811760185
-0.9849855152031918
-1.0084128225540465
-1.035868856668993
-0.9998140384441025
-1.0504353657855925
-1.0392020159581414
-0.9961763089063279
-0.9998140384441025
-0.9998140384441025
-1.0051952871460266
-0.9651969247912373
-0.9998140384441025
-0.9998140384441025
-1.0772281893115845
-0.9940485920371868
-0.9934365050393804
-0.9772161267026118
-1.0223180514418884
-0.9835087011809882
-0.8997769354103321
-0.8997769354103321
-1.0325666960082862
-1.0325666960082862
-0.9835942775998759
-0.9669672291913952
-1.0141833179638848
-0.9998140384441025
-1.0000224811589458
-1.0301670503363447
-1.0288035854691737
-1.0048875707822449
-0.9716106615761151
-1.0453868134989468
-1.072712525985026
-0.9778353530887879
-1.0144710831062123
-1.033745941196711
-1.0001632312054396
-1.0291662691581176
-1.0961539528292956
-0.9998140384441025
-0.9872271887192696
-1.0494493853221003
-0.9929455977492682
-1.0050033006635815
-1.072089649852407
-1.0348371411953057
-1.007368533136014
-1.0490007518508302
-1.022384132692481
-1.0060879226363113
-1.0066787634943495
-1.0310993361530394
-0.9914943230250997
-1.0093320156295884
-1.0877919274367114
-1.053813301238502
-0.9612031009205837
-1.0591305057066804
-0.9998140384441025
-0.9998140384441025
-0.9998140384441025
-0.9998140384441025
-0.9764706319539096
-1.0459709577717005
-1.0672205193245012
-1.0288501573718707
-1.019285019322059
-0.9325598979010491
-0.9538372896511041
-1.001054206488703
-0.953897118147484
-1.015377497440515
-0.9221313210007215
-0.9874869029649449
-0.9485417241333607
-0.9346889438679441
-0.9588648135264266
-1.0772470191745294
-0.8721576156532708
-1.0354374611991453
-1.0579329358219014
-1.0127924525066683
-1.0684937236941479
-0.9802102051411774
-0.8749584075791279
-0.9646833255161607
-1.0647669452617863
-1.042018622034969
-0.9970059369678606
-1.0433832615299508
-0.96287463032984
-1.0462633444615042
-0.971571913491093
-1.022692061111882
-1.0451143952581077
-0.9998140384441025
-0.989424513081484
-0.968034596603599
-0.9674241056068213
-1.0303835051915282
-1.0531073535861666
-1.0531073535861666
-0.9999097499485046
-0.9949286383134789
-1.0321055222113202
-1.019530136383399
-0.9998140384441025
-1.126830607960017
-0.9998140384441025
-0.9998140384441025
-1.1196887375689608
-0.9998140384441025
-1.021160698109167
-0.9998140384441025
-0.9998140384441025
-1.0712400604328534
-0.9998140384441025
-0.896579272513184
-1.0316679028807265
-0.9999097499485046
-0.9998140384441025
-0.9998140384441025
-1.0888699808431141
-1.0511980766360967
-1.055116863003303
-0.9998140384441025
-0.9998140384441025
-0.9514952970272397
-0.9774513294432738
-0.9653703417506452
-1.0464385565763674
-1.0000224811589458
-1.055011010298414
-0.9998140384441025
-1.0462748878323342
-1.0672205193245012
-0.9998140384441025
-0.9999097499485046
-1.0234629364256205
-0.9894001697784657
-1.0631865219499144
-0.9998140384441025
-1.0000224811589458
-0.9998140384441025
-0.9983626877201951
-0.8495616088391211
-0.9536337205639729
-1.0201122011561305
-0.8891668744262915
-0.9998760676865712
-1.0844199049748138
-1.0074488671013893
-0.9908702483881073
-0.9809101891375709
-0.9627133627002789
-0.9627133627002789
-1.0151872602210068
-0.9663500255166252
-0.9611028638776845
-0.9611028638776845
-0.9998140384441025
-0.783675802272082
-1.024149835702447
