-0.9998014456004352
-0.87435081324525
-0.9996792330905007
-0.9802136491453515
-0.9996792330905007
-1.014464716549102
-1.0256529652882085
-1.0016959310368585
-0.996687885371432
-1.013220638496198
-0.9996792330905007
-0.9996792330905007
-0.9996792330905007
-0.9975258401592241
-0.9975258401592241
-0.9996792330905007
-0.6821857586325358
-1.0287439533607907
-0.9505838105048491
-0.6894756049805262
-0.9751614761481631
-1.0309235886312313
-1.024352339518579
-0.9887705703126437
-0.9640766600776247
-0.5060610671262272
-0.853222443462362
-0.9996792330905007
-0.9894694250267464
-1.0263089350917298
-1.0007405487898438
-0.8814574992420898
-1.02745580307523
-0.9719093208216159
-0.9996792330905007
-0.9996792330905007
-0.9996792330905007
-0.6726180271656353
-0.6726180271656353
-0.9021446409721643
-0.946540066715966
-0.8818045800856417
-0.9999529042835718
-1.031773735211059
-1.0899519176903683
-1.0451749768156173
-1.04337607865298
-0.9627349631253183
-0.9998364277574323
-1.0000131366116405
-0.5475504675463934
-0.9776128175966226
-0.9996792330905007
-0.9996792330905007
-0.966198150651831
-1.059226010336808
-0.9996792330905007
-0.9996792330905007
-0.9996792330905007
-0.9996792330905007
-0.9996792330905007
-0.9996792330905007
-0.9996792330905007
-0.9996792330905007
-0.9996792330905007
-0.9996792330905007
-0.9996792330905007
-1.0313131608830064
-0.9876655703144626
-0.8040266047200075
-1.0004429918110394
-0.9996792330905007
-0.9999529042835718
-0.9996792330905007
-1.0615439115959315
-1.0396891382580054
-0.9495434969334944
-0.6885597625287151
-1.0397978779286716
-0.9999462630183077
-0.9996792330905007
-0.9996792330905007
-1.034096512931657
-0.8712937037033499
-1.0169049263288676
-1.0378427953805212
-0.9269509492992906
-0.9999356318281645
-1.1023042561307435
-1.0111704923423603
-0.9811927931033007
-1.0047745239605068
-1.0222501115507443
-0.9996792330905007
-1.02421338174776
-0.9322387713805987
-0.9996792330905007
-0.9996792330905007
-0.9996792330905007
-1.0593670741749543
-0.9656453350647304
-0.9625622726201805
-1.0073492455831194
-0.9996792330905007
-0.9996792330905007
-1.0213991370071052
-0.9996792330905007
-0.9160136793195961
-0.9996792330905007
-0.9860287879478212
-0.9996792330905007
-0.9996792330905007
-0.24254340013848674
-0.9996792330905007
-0.3678989742579327
-0.8543554593235891
-0.9958001230144817
-0.9761130730375782
-0.9996792330905007
-0.9996792330905007
-0.9996792330905007
-0.8921150544868159
-1.0100326627578629
-1.0004877812842883
-0.6897665826791128
-0.9996792330905007
-0.9719465044560748
-0.9719465044560748
0.6646973592831893
-0.9996792330905007
-0.9926463779625831
-0.9996792330905007
-0.9996792330905007
-0.9760961738333749
-0.9760961738333749
-1.044191499651709
-0.9996792330905007
-0.9996792330905007
-0.44055469704154526
-1.0205365233664099
-0.9996792330905007
-0.9760961738333749
-0.605926506023416
-0.8340982085025072
-1.0112039830582604
-1.0112039830582604
-0.9996792330905007
-0.9996792330905007
-1.0112039830582604
-0.9996792330905007
-0.9996792330905007
-0.9434691259509433
-1.0075901066434059
-0.9411707008858378
-0.9834350478847937
-0.999732707244755
-0.9874169952090076
-0.6873206333438091
-0.6873206333438091
-1.0185073803080125
-0.9996792330905007
-1.0036459959473616
-1.070360781397221
-0.9846874576059732
-0.970053285196519
-0.9927947046765078
-0.9998364277574323
-1.0143134278426533
-1.0340726304123258
-0.9996792330905007
-1.000472029595079
-1.007869784197302
-0.9996792330905007
-0.9998364277574323
-1.0350336103020417
-1.0350336103020417
-1.050372289791477
-1.0376343861799788
-0.9996792330905007
-1.0237176538391242
-0.9851603882633108
-0.8441963419114715
-0.9287358135576176
-0.9999529042835718
-1.0071818610419327
-0.9566367568314479
-1.0028146084956875
-0.9962376309482612
-0.9912418807650842
-1.0135375786847385
-0.8945992489460963
-1.1391213091787962
-1.0671957939035255
-0.9094706663242376
-0.9996792330905007
-1.0304622143318634
-1.0138305849060996
-0.9999529042835718
-0.9996792330905007
-1.0053818879563248
-1.1428190534669926
-1.1221414182052194
-0.9359719342167152
-1.0242784826133724
-1.0124531037154656
-0.9558999254847078
-1.0464024347187235
-1.0004877812842883
-0.9685061813648868
-0.9840629143936124
-1.0376633651830067
-1.0038768864428165
-0.9996792330905007
-1.0061216693861086
-1.0340131513187676
-1.026576115508469
-1.0251909260634164
-1.0004098253406923
-1.0695124353867902
-0.9996792330905007
-1.030334833007232
-1.0363061959372777
-1.0143590030411533
-0.9996792330905007
-1.0112039830582604
-0.7800729263756392
-0.32767905324243607
-0.9996792330905007
-0.9999144043112309
-0.9841714017972208
-1.0003470355363497
-1.0374374148998438
-0.9806353406207122
-0.9554948321271439
-1.0989246723428483
-0.9996792330905007
-1.1139405367639732
-0.9996792330905007
-0.9996792330905007
-1.0732201297406818
-0.9247965815130424
-0.9996792330905007
-0.9996792330905007
-0.9247965815130424
-0.9996792330905007
-0.9996792330905007
-0.9996792330905007
-0.9996792330905007
-0.9996792330905007
-0.9996792330905007
-0.9996792330905007
-0.9996792330905007
-0.9355437102416294
-0.9996792330905007
-0.9977091512440802
-1.0212729170891666
-0.7960897626794605
-0.9720412743621685
-0.9986259688747571
-0.9986259688747571
-1.021025810994443
-0.9514937742341188
-1.0399459451700417
-1.0620225321108472
-0.678503890054121
-1.057974642841663
-0.9996792330905007
-1.057974642841663
-0.9996792330905007
-0.9122731816880252
-1.0337776155552905
-1.0313448167212056
-1.0900859570928387
-1.1216082314429743
-1.027329958759737
-0.9322569376362119
-1.0163564317340081
-0.9996792330905007
-0.969277311592186
-1.0525075486341737
-1.0979087770830984
-0.9996792330905007
-0.9847787432172701
-1.012654583430949
-1.1015070510645848
-0.9444883181798064
-0.9491290325344689
-1.048967971168365
-1.034228653172892
-0.8833950934335952
-1.034479045418267
-1.0698621451523536
-1.0052521033672872
-0.9996792330905007
-1.0794029766029447
-0.977184489254326
-0.9660842132842244
-0.9088917364818133
-0.9163583605838239
-1.0308993030099753
-1.047700391628133
-0.9996792330905007
-0.9612905135331042
-0.9996792330905007
-1.0941594133028572
-0.9999529042835718
-0.9996792330905007
-0.9996792330905007
-0.965500577250068
-0.8994001014148862
-0.9996792330905007
-1.0056915933107822
-0.9308972428998779
-0.9308972428998779
-1.0030010846277424
-1.0664253015252112
-1.0722724463621158
-1.1074513817613867
-1.045360025389657
-0.9853329518141334
-0.9996792330905007
-0.9996792330905007
-1.0129851727508092
-1.0534608280083015
-0.9996792330905007
-0.9184167267084413
-1.0226113998460147
-1.0313910656283838
-1.0230111159982174
-0.9592889526356688
-1.0765077836583659
-0.9129742405020208
-1.007792811617382
-1.0880111304251918
-0.9305396357281805
-0.9723282128665807
-1.0314909829457626
-1.066177730999121
-0.8228169928325786
-1.1088538904281051
-1.0014643316385479
-0.9996792330905007
-0.9996792330905007
-1.0267563752146982
-0.9970533987248219
-1.0049725444543012
-1.045365857417931
-1.0888253396375964
-1.1016129103138121
-0.9895466333751024
-0.9996792330905007
-0.9996792330905007
-0.9996792330905007
-1.0655850971311314
-0.9996792330905007
-1.0268877783002364
-1.1299110105589099
-1.1106391338173416
-1.0000131366116405
-1.0775892676752297
-0.9996792330905007
-1.0068004776409727
-0.9459866939186388
-1.041294228357878
-1.0871961042611398
-1.0735373734460145
-1.1000782704497067
-0.8972275661538807
-1.0000131366116405
-0.9998364277574323
-1.0531434886410675
-0.9218168160222455
-1.1109106738827292
-1.0668322303268278
-1.0525401888357908
-0.9388632696030218
-1.0266047021808133
-0.9996792330905007
-1.083462370751816
-1.0606126302644137
-0.9006387970855715
-1.0039196700142679
-1.0458332865744784
-0.9996792330905007
-1.0545968952391696
-1.1032027426345885
-0.9868322845403745
-0.9619102267833997
-0.9766221824817686
-0.9249727024278499
-0.9300556333862047
-0.9739631260189451
-1.0486950452063384
-1.0190183048209558
-0.9578669487463642
-0.9996792330905007
-0.9893610796854824
-1.0329393868023913
-1.0307106287334125
-1.0307106287334125
-1.0280962419073494
-1.0633909928086438
-1.0247359131101512
-1.009228422377274
-1.0029355821175132
-0.9899732547125157
-0.9996792330905007
-0.9601042536716162
-0.9174750700531339
-0.906728571710498
-0.9802624450738925
-1.0668682477944849
-1.1792247486489924
-1.1106391338173416
-1.0446560502595643
-0.9541166670751688
-0.8975980194551074
-1.053494703961624
-0.9999529042835718
-1.0018316704444188
-1.037407810851355
-0.9996792330905007
-0.9930845438505858
-0.9480826963843673
-0.9480826963843673
-0.9480826963843673
-1.030860947305753
-0.9904101704956614
-0.8258971673472003
-1.045614140898396
-0.9996792330905007
-1.0112576913972986
-0.995106983922293
-0.9996792330905007
-0.9996792330905007
-0.7731565843437729
-0.8853676276625944
-0.9998364277574323
-0.9996792330905007
-0.9996792330905007
-0.9786190687661014
-1.028344401638911
-0.996236114511523
-0.9389396069246154
-0.9851977339845661
-0.9996792330905007
-1.05398370257443
-0.974103466006259
-0.9996792330905007
-1.0576041726616783
-0.9323580528759404
-1.0002339195952714
-1.0433903835672012
-0.9996792330905007
-0.9996792330905007
-0.9850342989455421
-0.8750757364848462
-0.8750757364848462
-1.0334274404332702
-0.9996792330905007
-0.9996792330905007
-0.9760961738333751
-1.0297023851449831
-1.0337776155552905
-1.0411456111830608
-0.9996792330905007
-0.5735082849361129
-1.0108268028888245
-0.9996792330905007
-1.0001441561656539
-0.8147927463535825
-1.0425926393568443
-0.9505760269125044
-0.962846210270739
-1.1396414548927734
-1.0153410699579921
-1.0949304285883334
-0.9987824442666571
-1.0063354071742585
-0.9877937093175935
-1.0248683707940494
-1.0002339195952714
-0.9996792330905007
-1.0131398582234692
-1.0375995297774447
-0.9541321615379219
-1.0246142703706598
-0.9789960638092715
-0.9595517887534483
-0.7327206750014315
-1.049659795458896
-0.8258586101233611
-1.16347311417214
-0.9583729509208886
-0.9583729509208886
-0.9996792330905007
-0.9871210938894064
-0.9998364277574323
-1.0185388972335065
-0.9996792330905007
-1.0845113228725505
-1.017787979757202
-1.0132523817228234
-0.9996792330905007
-0.9996792330905007
-0.9841593237931191
-1.0230273204476443
-0.9999529042835718
-0.9761516514461973
-0.9996792330905007
-1.097949401449228
-0.9996792330905007
-0.9560441297827305
-1.1022992883153326
-0.9676569333864764
-0.9619146748275984
-0.9999529042835718
-0.9996792330905007
-0.9996792330905007
-1.011800462420249
-1.0403956078062653
-1.0016678900558866
-1.0016678900558866
-1.0325519875561235
-0.9996792330905007
-0.9996792330905007
-0.9996792330905007
-0.9996792330905007
-1.1055186778130135
-1.0331305812029128
-0.9999529042835718
-1.0315076526840727
-0.9749494520190227
-0.9986799789075238
-0.9086704265737379
-0.993192055179558
-1.0074588878799642
-0.9996792330905007
-1.0274062630546157
-0.9727187355780273
-1.0000940344330282
-0.9940410150666821
-0.9675883222122368
-0.9996792330905007
-1.058368091644532
-1.034423326981332
-0.9996792330905007
-0.8103928047136448
-1.055157138198424
-1.0989083734771143
-1.0346133406226934
-0.9242219845459427
-0.9996792330905007
-0.9392195018670705
-1.0223989064162453
-0.6487194848339981
-1.0469081793140833
-1.0345301769080673
-1.024366158167318
-0.9947025392251979
-1.008709899110071
-0.9882082917099413
-0.9833971945718651
-0.9805320393313955
-1.0128141497222967
-1.0771773771683073
-1.0622053027936964
-1.0679243453873724
-0.9855430840367231
-1.0343020708289894
-1.0837357966773453
-1.0386530652559998
-0.9925554713697503
-0.9990429614492417
-1.0004090399066092
-1.0318443338707106
-0.9960874974693472
-0.9996792330905007
-1.0011219150644455
-1.127483168932488
-1.061124736049588
-1.0086147464719013
-0.9996792330905007
-0.9956504411791345
-0.9888850389874176
-0.9996792330905007
-1.003147018258391
-0.9999529042835718
-1.0662667887310562
-0.9935535849475207
-0.9996792330905007
-0.9996792330905007
-0.986985750638183
-1.0622816319741726
-0.9996792330905007
-0.982221407569745
-1.0549661770829475
-0.9320612357249847
-1.0075499198470692
-0.954949340137484
-0.9821696027784075
-0.9133907647448894
-0.9865359998191452
-0.9784436266062717
-0.9387723985573495
-1.001067251635295
-0.9969460404604867
-0.9455464615984128
-1.0612214476946429
-1.0000131366116405
-1.0004543933144994
-1.0863856194327952
-0.9996792330905007
-1.0402950786805738
-1.0464834512690309
-1.1120067758082985
-1.0960358099020469
-1.0404342716188055
-0.9476422301464056
-1.0472971622986291
-1.0995928097026155
-1.0929323476917334
-1.0075680696611589
-1.000563680170009
-1.0038995295714268
-0.9463786360772387
-1.0069711887061974
-1.061596015981897
-0.9851169284855682
-1.0236926772776598
-1.057615547484867
-0.9139769903192119
-1.0319686442657228
-0.9994384691785031
-1.0303748998398885
-0.9868632702566291
-1.0616980818422745
-0.8868436079719091
-0.976096173833375
-0.9752546848264548
-0.9996792330905007
-0.9996792330905007
-0.9944690172295805
-0.9996792330905007
-1.018603687892828
-0.9516955897213392
-1.1032165115788581
-0.9590171891660857
-1.0143066664767497
-1.036865072631332
-1.036865072631332
-1.0529169769673596
-1.0529169769673596
-0.9668157057189694
-1.0025549070579285
-1.0025549070579285
-1.0661577729354197
-1.1436470775532768
-1.0532500928663344
-1.0337776155552905
-1.0665481879467609
-0.9889987259110183
-0.9539730583610531
-1.0969390233645298
-1.0493829822190792
-0.9996792330905007
-0.9996792330905007
-0.9889135088130458
-1.0429622086363457
-1.059008355658437
-1.0902606079882726
-1.0220908716384993
-0.9933341661198138
-0.9999529042835718
-1.0870210686197919
-1.030443547598483
-0.8243511388864682
-1.0708009452985645
-1.0121682187255057
-0.955506498446982
-1.0179734564545515
-0.9315808099974955
-0.9998364277574323
-0.933788294030243
-0.9160699740621121
-0.8786672889452849
-1.052113420939902
-1.0379517086767154
-0.7821722866171943
-0.9996792330905007
-0.9999529042835718
-0.8265844646464534
-1.0337776155552905
-1.053095012664668
-0.9473521330211885
-0.9857721468569829
-1.0134550370404076
-1.0079438369519333
-1.032681367500398
-0.9996792330905007
-0.9842568725453432
-1.006957563566683
-0.9996792330905007
-0.9357062558954135
-0.9996792330905007
-1.0482376739256898
-1.1306967251428668
-1.0954306190718461
-1.015828787711537
-1.021764001839808
-1.0386939263941355
-0.9747438938525865
-1.0527339486036418
-1.0602368684012344
-1.05523595442931
-0.9996792330905007
-1.001901953912708
-0.9996792330905007
-0.9996792330905007
-0.9996792330905007
-0.9996792330905007
-0.9996792330905007
-0.9913391122784732
-1.0333943182591534
-1.0214585503000821
-0.9996792330905007
-0.9996792330905007
-0.9780466314234608
-0.9923059156200369
-1.0107159287719718
-0.9204727234087267
-1.1012187531624764
-1.1220958312870921
-1.054106165675493
-0.9232987615588394
-1.0429311953644
-1.0707171053513975
-1.043995360487257
-0.9996792330905007
-1.0780894867654296
-0.9996792330905007
-1.1021511797550378
-1.0890129877700243
-0.9996792330905007
-1.0181117377236135
-0.9996792330905007
-1.041860884885482
-0.8031757125788468
-0.9775077702519004
-0.9990404056652872
-1.0322842639769085
-0.9996792330905007
-0.9796997839340578
-0.9645003598112527
-0.9645003598112527
-1.0770699929700795
-0.9996792330905007
-1.0770699929700795
-0.9999462630183077
-1.0475636700708184
-1.033338328784225
-0.9010265174709738
-0.9427697387776817
-0.9996792330905007
-0.9996792330905007
-0.9996792330905007
-0.9998055841220452
-0.9996792330905007
-1.0288370300604082
-0.9996792330905007
-0.7882498847051354
-0.9758498814886102
-1.0363944184431322
-1.0002339195952714
-1.0875379781055288
-1.051523393855795
-1.0212980951950634
-1.0401578660719093
-0.9999529042835718
-1.0856936005379516
-0.9996792330905007
-1.020725528440081
-1.0064365758022293
-1.0521457448529834
-1.035479668742121
-1.007356272583933
-0.9821942730587356
-0.9868343350557143
-1.0451430764294019
-0.9749408261359942
-1.056344039896847
-1.089581008369133
-0.9999529042835718
-1.0532104554060886
-1.0148989861154896
-0.9320635477263814
-0.9673926871904062
-0.9673926871904062
-0.988427308680467
-1.100109888789509
-1.0735657228598225
-0.9999529042835718
-1.0000940344330282
-0.9996792330905007
-0.9996792330905007
-0.9996792330905007
-0.9336625525705369
-0.9996792330905007
-1.0487672583007355
-1.0729359825117684
-0.9899114584980997
-1.1321183057179438
-1.0758683208344972
-1.0004877812842883
-1.0004877812842883
-0.9626994926613482
-1.0864577644749356
-0.9642357047909367
-1.050230553905139
-1.0093496458343783
-0.9996792330905007
-0.9955080804642396
-1.0391957997218795
-0.937619925568046
-0.9810197656112949
-1.0470726979620621
-1.0588073442605406
-1.0033508761597805
-0.9838591383789237
-1.1115806820912928
-1.0961766678777076
-0.7846252568282566
-0.9080230581867369
-0.9688280876063404
-0.9996792330905007
-0.9080556938549031
-0.9906526400536415
-1.0253971181734154
-0.9917486739001484
-0.9920350286805313
-0.9526968349176436
-0.9440205990420505
-0.9724240426302979
-0.9724240426302979
-0.9996792330905007
-1.0674054356058078
-1.0410794544770303
-0.9996792330905007
-0.943026801893136
-1.0743450898191818
-1.0018114214528175
-1.0431725178474203
-0.9630515071677248
-0.9980526344250241
-1.0314241372945634
-0.9998364277574323
-1.0906503029542522
-0.950092677329772
-0.9871823699358385
-1.0697087735626583
-1.0010298905134585
-1.0799965237272506
-0.9996792330905007
-1.081583803024038
-0.9841230059299412
-1.0952993790490606
-0.9884296000263858
-0.9153574004425984
-0.9823529883594526
-1.0337776155552905
-1.0125249829603709
-0.976096173833375
-0.9821050156255945
-0.9996792330905007
-0.9996792330905007
-0.9996792330905007
-0.9996792330905007
-0.9389376080498537
-0.9389376080498537
-0.786825935684965
-1.0616057619108576
-1.0689019074072736
-1.0474937556510333
-0.9968759156595461
-0.9745652832097007
-1.0000940344330282
-1.067652058312122
-0.9996792330905007
-1.109466379836005
-0.9996792330905007
-1.0161075237403847
-0.9996792330905007
-1.022097497937605
-0.9945572362108915
-1.0002339195952714
-1.0441501812392435
-0.9996792330905007
-0.9996792330905007
-0.9996792330905007
-1.0143928210819688
-1.1255717170592927
-1.0152726446447948
-0.9996792330905007
-1.0075838418544025
-0.9996792330905007
-1.0156743954767053
-1.0584553466209186
-1.03323721651953
-0.9996792330905007
-0.9996792330905007
-1.0328491490160998
-1.008743837916461
-1.0548560455428324
-1.0001362676161256
-0.972380520638517
-0.9996792330905007
-0.9595340969183532
-0.9838638947911197
-1.0401746397711473
-0.9615384031123058
-0.9835194199044464
-1.0630908965107595
-1.0023449556367763
-0.9996792330905007
-1.0819592014501358
-1.0330131127365505
-1.0482815347738355
-1.0290017025459628
-0.9996792330905007
-1.0000131366116405
-0.9996792330905007
-0.9793536555789903
-0.9970864889480843
-1.0837271954890217
-0.9645103918253557
-1.0825609003775907
-1.0556852648533488
-1.0336547925137203
-1.065867015610455
-1.0059426991396436
-1.0132523817228234
-1.0971356706822866
-1.0552753042010674
-0.9772580629489814
-1.0376822177900948
-0.9999529042835718
-1.045530781675183
-0.995984570509759
-1.1262118879958427
-1.0510600142481332
-0.8992904599696374
-0.9996792330905007
-0.8955405267277464
-1.0244134183948932
-0.9582588327687355
-0.869710458511023
-0.9996792330905007
-1.03960699891768
-0.9508744873711086
-0.9996792330905007
-1.0002695080257813
-0.9996792330905007
-0.9996792330905007
-1.130576216159525
-0.9371963707274154
-0.9490952773901847
-1.060449793951567
-1.060449793951567
-1.0420797906801933
-1.0130546301103964
-0.9996792330905007
-0.901193336774469
-0.9760961738333752
-0.9564497836352993
-0.9996792330905007
-1.0213387370835496
-1.0304087963324682
-1.0110332234678905
-0.9960212671771917
-0.9951972988345126
-0.9951972988345126
-0.9837048713431416
-0.9999529042835718
-0.9997371852793667
-0.9999529042835718
-1.0564589594390337
-0.8879446231432618
-1.00689769052341
-0.9996792330905007
-0.8063918550238907
-0.9996792330905007
-0.9998364277574323
-1.0349186946127893
-0.9710671551166136
-0.9710671551166136
-1.0116743463467857
-0.9996792330905007
-0.9996792330905007
-1.0367543524313347
-1.0085176710995218
-0.9996792330905007
-1.0266256814847083
-0.924376678861005
-0.9805034111441333
-1.006526398097271
-0.9996792330905007
-0.9804737920910989
-1.101939414161486
-1.0000131366116405
-0.9998014456004352
-0.999732707244755
-1.0779159179605715
-1.1119467458046899
-1.045164783440064
-0.8836620632192238
-1.0024681460056126
-1.0024681460056126
-1.031139729165509
-0.9944165244360729
-0.9256774607151822
-1.1649449845029793
-1.0185242726345196
-1.0025433135852648
-1.0890799375202898
-0.9558200552959104
-0.9312959823069719
-1.0196968809982079
-0.9996792330905007
-0.8775717144426332
-1.0195267672065946
-1.0723997317964822
-1.0676268060314749
-1.0269796299241705
-1.0384205736370942
-1.1213203017051623
-1.0167947916044195
-0.9769099743982631
-0.9902309612915621
-0.9411578960257762
-1.0575743555742911
-1.0000131366116405
-0.9718152891853066
-0.9784522160502407
-1.0257688136124394
-1.1106391338173416
-0.9922226763295678
-0.9998364277574323
-0.9957196333892081
-0.9996792330905007
-1.012012525465333
-1.0253427653803502
-1.099035492446411
-1.0246876464475796
-1.0695650804155774
-1.0926518805201657
-0.9382451641794088
-1.0365215621018111
-1.0758103852843086
-0.8979694738240809
-0.9847211090915359
-0.9964342288185029
-1.053971197635494
-1.0671181930483025
-1.0304481119569104
-0.9982655437127533
-0.7071304148882983
-0.9998364277574323
-0.9280610968639973
-0.9628826697795777
-0.9996792330905007
-0.9996792330905007
-1.0186212722471326
-1.0698786886801595
-1.0344251071329742
-0.9829336146552926
-0.9530159051669632
-0.9658533768763866
-0.9836223073548871
-1.155240220334088
-0.9794721822057766
-0.8169534580626974
-0.9094706663242376
-1.0531225065809267
-1.0407925447821738
-0.9838473125613365
-1.0612045636706928
-1.0451051020115254
-0.9183450350316112
-1.0245573563051584
-1.0177518903967626
-0.9954110870528002
-1.0262864660441453
-1.0332183984698984
-1.0288426367584456
-1.0613061329342925
-1.0402924911300102
-1.021768822068031
-1.0260631340203865
-1.0038426941849843
-1.127483168932488
-1.0000940344330282
-0.9663593847526685
-0.9996792330905007
-1.0227638513524622
-0.9751011500779014
-0.906054523516745
-0.9996792330905007
-1.0410517907377523
-0.9790302801896682
-1.0409595818742807
-0.9904690056736349
-1.0071098195366177
-1.0949456597905924
-1.022850401771275
-0.9073038255058203
-1.0632091666611587
-0.9996792330905007
-1.087197420564806
-0.9124235018141991
-1.0990009882727418
-0.9868726459348531
-0.9999529042835718
-1.089350568470594
-1.0041249771265401
-1.110721113261967
-0.9836919627980225
-1.0476424886387699
-1.0562638540558122
-1.0562586448814044
-0.9760961738333751
-0.9996792330905007
-0.9996792330905007
-0.9626205400253308
-1.0485545811328805
-1.036900904254117
-1.0558065680202278
-1.0449507378670564
-0.9418520081681891
-0.999874656930858
-1.013039552559561
-0.8466294670771732
-0.9996792330905007
-0.6533386585326908
-0.9872499795917614
-0.9555099876646619
-1.0070071224575083
-0.9996792330905007
-1.0132197741729057
-0.9684785513893651
-1.048664101300801
-1.043638101738199
-1.0399286790984734
-1.0399286790984734
-1.0244065655939456
-1.0876325571432013
-1.0876325571432013
-1.0286845185258935
-0.9996792330905007
-0.9996792330905007
-0.9871552904309769
-1.0320442865745962
-1.037150378032674
-1.0955855909128365
-0.9707437126113563
-1.0186224479457435
-0.9061358932182775
-1.0160057358960308
-1.138552877961018
-1.0421125037639256
-1.0421125037639256
-1.094178874754055
-1.029497900138468
-1.0356598468783533
-0.9996792330905007
-0.9865505020729963
-1.0098223200210479
-0.9999529042835718
-0.9000484709608455
-1.0337776155552905
-1.1106391338173416
-1.0139555341816793
-1.1042721821904233
-0.8767232430804893
-1.0265978327136225
-0.9602011850891474
-1.05946861516143
-1.05946861516143
-0.9996792330905007
-1.1164921056447932
-1.01493484251146
-1.0977807173313192
-0.9146481604018393
-0.9314411415709469
-1.071859625417627
-0.9849539421010581
-0.9784915303992716
-0.9950579877468071
-1.0362367031223
-0.9996792330905007
-1.1145187335587092
-1.0583017499417184
-0.9996792330905007
-1.033480386023973
-0.9916430254737498
-0.9996792330905007
-0.9768112485331338
-1.0033638761332633
-1.1248429825719524
-1.0583588146354006
-1.1106391338173416
-1.0491195918591172
-1.0002339195952714
-1.0531839487047348
-0.9955545565993078
-0.9996792330905007
-0.9996792330905007
-1.0515345963817933
-0.9881213365615005
-0.9881213365615005
-1.0066860221333656
-0.9831485975359446
-1.0004877812842883
-0.9727978694956587
-0.9996792330905007
-1.0337776155552905
-0.9804644765016214
-0.9999529042835718
-1.0378546115626577
-1.013413591803574
-0.9552346654279336
-0.9160361123037772
-0.9526637751145911
-0.971902605716783
-0.9996792330905007
-1.0210356879724103
-0.9719936000634236
-1.0110670652498852
-0.9998364277574323
-1.038432383872228
-0.9623323632928704
-1.0408450686576336
-0.9824067746847179
-1.0276497092825063
-1.0461706517677873
-0.9634838651061961
-0.9634838651061961
-1.0039661018536914
-0.8339098892580268
-1.0022419935578568
-0.9999529042835718
-0.9102508646947804
-0.999732707244755
-0.9996792330905007
-1.0429944907399724
-1.022484933807639
-1.014404399041062
-1.0028721583405866
-0.9996792330905007
-1.0258390405641857
-1.0370352279817694
-0.9581918293841667
-1.049677753598283
-1.0665909917645158
-1.0183893469045904
-1.08341346675398
-1.049182656375601
-0.9938347243308003
-1.0348704262862705
-1.0533049622442903
-0.971220689516078
-0.9675324575698343
-1.0227638513524622
-0.9956913769949486
-1.0186656490421597
-1.0077342060540844
-1.0618017785001872
-0.9999529042835718
-0.955885903507235
-1.1035343240252482
-0.9947890122379832
-0.9889034824027949
-1.0342045240498277
-0.9319700442497212
-0.9959129109331089
-0.9986667302105783
-1.0233076109329198
-0.9996792330905007
-1.0219549916081367
-0.9850243440992877
-1.047293980154689
-0.9751809423645326
-1.1245529117897581
-0.9996792330905007
-1.0425579931477338
-1.0030119755663425
-0.9645595571053722
-1.0107688955668381
-1.1106391338173416
-0.9114418922469761
-1.1106391338173416
-0.9996792330905007
-0.9128464152574245
-1.04264088627811
-1.0137312556735791
-1.009810830315207
-1.0600886072028015
-0.9940861872354493
-1.1002225539919304
-0.9996792330905007
-0.9996792330905007
-1.0000131366116405
-0.9996792330905007
-0.9996792330905007
-1.0336640575583813
-0.9996792330905007
-0.9996792330905007
-1.0593670741749543
-1.0001996458219047
-0.9996792330905007
-0.9996792330905007
-0.9004203023960503
-1.0600786740222008
-0.9996792330905007
-1.0921061611750784
-0.9996792330905007
-0.9177470050736682
-1.0106815072656126
-1.0000131366116405
-0.8846140426081682
-0.9996792330905007
-0.8846140426081682
-0.9784345152096241
-1.0430366780982099
-0.9491442494892229
-0.9757874818502308
-0.9757874818502308
-0.9916481838589859
-1.0650328125041282
-1.0100256619006098
-1.0090874534089893
-0.9893854276916034
-1.0949536147744237
-0.9768238879164053
-0.9864921252223261
-0.9767924949787622
-1.0002862651812128
-0.9999529042835718
-0.25476702425447406
-1.0676167859981882
-1.0028920327726814
-1.1294083136898108
-0.9523626306886646
-1.034408257946772
-1.0000219293087627
-1.050188664677433
-0.9761760549376963
-1.018699971673979
-1.0354447381002407
-1.0760902967555759
-0.9887489190551031
-1.123280698041497
-1.0052549345419806
-0.9754886258272137
-1.0153259027601897
-0.9933076125346394
-0.9996792330905007
-1.0346506323184452
-1.043643510784198
-0.9903838224347495
-0.9996792330905007
-0.9999529042835718
-1.0524241005104429
-1.0000853361284159
-1.0417043314838412
-1.001286975048667
-1.002667127150764
-0.989071251029757
-1.0237288371607474
-0.9967222760158526
-1.026560610866728
-1.0234468951822484
-1.0110529381178048
-1.0408450686576336
-1.0367558137487616
-1.1335032150583948
-0.8721684540256858
-0.9204811307636434
-1.0401634421128583
-1.0353909055281318
-1.0392443307189818
-1.0097401692930987
-1.0246567835489846
-0.9579092675325387
-1.0363833689606907
-0.93100044047267
-1.0203491015683541
-0.9824937061132126
-1.0512676105886218
-0.9227723665031805
-0.563986241881313
-1.0348162560136622
-1.0625970821392716
-1.0891049730031053
-1.0004877812842883
-1.0859088091096507
-0.8908712317208627
-1.011466702471889
-0.9996792330905007
-1.0474323085896244
-0.9659637160981533
-1.064635930833576
-0.9778250373096601
-0.9796363557383452
-0.9996792330905007
-0.9996792330905007
-1.0435633071619521
-1.0474873862473817
-0.9996792330905007
-1.0474873862473817
-0.9996792330905007
-1.016989015764364
-1.0640389050001504
-0.9996792330905007
-0.9996792330905007
-1.0640389050001504
-1.1851600401801252
-1.0161881219601274
-0.8655225308148542
-0.8655225308148542
-0.9819889048612036
-0.9996792330905007
-0.9996792330905007
-0.9996792330905007
-1.0256202877606653
-0.906763453717967
-1.017742913926249
-0.9147494899945183
-1.0439558893797436
-1.0112039830582604
-1.0000940344330282
-1.1222776075879166
-0.9996792330905007
-0.9391309183307832
-1.0857553566414837
-1.034884009779586
-1.0532077578141352
-1.0159590890118368
-1.0000131366116405
-1.0208780191428164
-1.0299702734446394
-0.9996792330905007
-1.1146834708597912
-0.9996792330905007
-1.0031611592252325
-1.0476314698664697
-0.9996792330905007
-1.0933189472185405
-0.9999529042835718
-0.9996792330905007
-0.9533253874382457
-0.9971189868358508
-1.0110525071949972
-0.9996792330905007
-1.0110525071949972
-0.9998364277574323
-0.9999529042835718
-1.0145417343831995
-0.966598482000063
-1.0311382586403157
-0.9223025024986348
-1.0373820540085354
-0.37062951840193525
-1.1057023048816756
-1.016833052590265
-0.9761578001972535
-0.9996792330905007
-0.9820356417856044
-1.0123718151710748
-1.0400372364154364
-1.0313902673206545
-0.950889973060494
-0.996728298841777
-1.0113650837159718
-1.013366136034819
-1.0084556880883009
-0.9244893466884074
-0.9638778584694375
-0.7563272472551925
-0.8773186181722072
-0.8773186181722072
-0.8235150835455379
-0.9989152744838766
-0.9676168694203497
-0.9676168694203497
-0.9522757670794613
-0.7985434197742969
-0.8586944807544313
-1.108266081776075
-1.006668929992304
-1.0752510564067954
-1.0951362198818453
-1.0513519203011965
-0.9581250381603239
-0.9996792330905007
-0.9704005539619823
-0.9996792330905007
-1.0688481900542879
-0.9926048821615469
-0.8990998238738654
-0.9351799442069941
-0.9996792330905007
-0.9897056773744902
-0.919036539134281
-0.9996792330905007
-0.9996792330905007
-0.9698916096464427
-0.8302125623251712
-1.071478749459444
-0.9926011852640148
-0.950052791089712
-1.0118216332545527
-1.0078561662202263
-1.003457608191709
-0.9996792330905007
-0.9562180842813146
-0.9996792330905007
-1.036692667431805
-0.9391464232210714
-0.9388028943446709
-0.9914297426064562
-1.0164376999263687
-1.0342372340555763
-1.0275821098338158
-0.8017951280267904
-1.0039715507036941
-1.0442554217589235
-0.9639975765043747
-0.9998014456004352
-0.9996792330905007
-0.871768213727528
-0.8877003314053515
-0.9967202930223737
-0.9996792330905007
-0.9996792330905007
-1.017741805147221
-0.9477798378584972
-0.9996792330905007
-0.9996792330905007
-0.9477397596119895
-0.9702160569784928
-1.068853416320439
-1.0366025765660702
-0.7378021504954106
-0.983354186649533
-1.0452069024124628
-1.0452069024124628
-1.0846977105802136
-1.0846977105802136
-1.0472408611096213
-0.9801334149489157
-0.9783917937514441
-0.9996792330905007
-0.9998364277574323
-1.0526371672375137
-1.0244530414385051
-0.999874656930858
-0.9836508509431601
-0.9786638700263106
-0.8399563973600254
-1.0394433881598644
-0.9946550680515028
-0.9734499867722572
-0.9307199239770925
-0.9433411629736367
-0.9587982553988131
-0.9996792330905007
-1.0582243651873127
-0.8696636116827712
-1.0023488655213033
-1.0355390773459379
-1.0885389219321526
-1.017589309497006
-1.0127527546895245
-1.072189459929713
-0.6869339821940712
-0.9368786182609223
-1.0389713864132268
-0.8011541085905504
-1.005959783943214
-0.9834308991267889
-1.039557163314597
-0.8795295175523236
-1.0477499377594688
-0.8513565775127601
-0.9996792330905007
-0.9996792330905007
-0.9996792330905007
-0.9996792330905007
-1.0243392255256953
-1.018994547917055
-1.0000131366116405
-0.9261035444164052
-0.932815024647442
-0.9652228742649054
-1.0578465843304585
-1.0145966037252538
-1.0566420176366405
-1.0075054259323761
-1.060412149677023
-0.9761632920780362
-1.0432021468246373
-1.084793231929174
-1.0517749791132358
-1.0012546093874968
-1.0607535216495083
-0.9882593124671166
-1.0623656297887676
-0.9132496666657437
-1.006199560922086
-1.0405003139799138
-1.0599182956541913
-0.9447064142679381
-0.9776684940937905
-0.8780401535612958
-1.0552465800951774
-1.0528597476617891
-1.0097633971048854
-0.9932970003363395
-1.1638186497873484
-0.9605524610178913
-0.9263450687427891
-0.9996792330905007
-1.0772974279940515
-1.032108518482422
-1.026530396176582
-0.9136313118477126
-0.918896786282473
-0.918896786282473
-0.9999529042835718
-0.9761330196043337
-1.0029954582992264
-1.0332301637667756
-0.9996792330905007
-1.003837233312547
-0.9996792330905007
-0.9996792330905007
-0.9978771790080796
-0.9996792330905007
-0.8891700693823659
-0.9996792330905007
-0.9996792330905007
-1.0504176863883021
-0.9996792330905007
-1.0110927174980389
-1.0120861247805686
-0.9999529042835718
-0.9996792330905007
-0.9996792330905007
-0.889162051698625
-0.9209964086412488
-0.9869696786809118
-0.9996792330905007
-0.9996792330905007
-0.9812387846325412
-1.045276073776935
-1.0054263696293921
-0.8086904557483539
-0.9998364277574323
-0.9890350934029734
-0.9996792330905007
-0.9777936727354751
-1.0000131366116405
-0.9996792330905007
-0.9999529042835718
-1.0354592729341543
-0.9771526618669856
-1.0040521866797043
-0.9996792330905007
-0.9998364277574323
-0.9996792330905007
-1.0246485900450601
-1.1487556497014353
-1.0291268704844374
-1.035312135190774
-1.0916674339367722
-1.0337776155552905
-1.1106391338173416
-1.0500926104693389
-1.046973132236626
-1.1427331327113108
-1.0323144762659704
-1.0323144762659704
-0.9697318728418287
-0.9122238879106335
-1.0297023851449831
-1.0297023851449831
-0.9996792330905007
-1.001646932717996
-0.9638085984176621
