-1.0528206494958294
-1.0358707784330303
-0.9997995335147944
-1.0296399109576289
-0.9997995335147944
-1.0196934726532723
-0.8849665376936815
-0.8243251847099948
-0.9593131175974162
-1.0505781271771173
-0.9997995335147944
-0.9997995335147944
-0.9997995335147944
-0.795472088192972
-0.795472088192972
-0.9997995335147944
-0.9251870772951865
-1.0557321789515635
-0.876800382404971
-1.0617642047796152
-0.8751811860352199
-0.7915693885184225
-1.0197147176806534
-0.9778176815338421
-1.0786233872586408
-1.0857463194653483
-1.0245115614441493
-0.9997995335147944
-0.8507861067680134
-0.8451794648699721
-1.016752783719547
-0.9912429706837445
-0.9221792849579576
-0.9242025893733516
-0.9997995335147944
-0.9997995335147944
-0.9997995335147944
-1.0565468614811715
-1.0565468614811715
-0.9260123817418717
-1.002745968938599
-0.9980511431502535
-1.0070476268194262
-0.8856424437389911
-0.8585729269707106
-1.0616617862831421
-0.9332021533946142
-0.9926677978483486
-1.0003841294056277
-1.042223007768183
-1.0678137309941083
-0.9682412260472189
-0.9997995335147944
-0.9997995335147944
-0.9349563174415308
-1.0081907153309857
-0.9997995335147944
-0.9997995335147944
-0.9997995335147944
-0.9997995335147944
-0.9997995335147944
-0.9997995335147944
-0.9997995335147944
-0.9997995335147944
-0.9997995335147944
-0.9997995335147944
-0.9997995335147944
-0.9847748624783437
-0.7480938316561072
-0.8919336495348146
-1.0177596026611138
-0.9997995335147944
-1.0070476268194262
-0.9997995335147944
-0.9921394508315039
-0.9857128530420907
-1.0057329191032027
-1.0771892271074655
-0.9841665811715716
-1.0002266965093276
-0.9997995335147944
-0.9997995335147944
-1.0680229078890138
-1.0192631341752802
-0.8389245047497579
-0.9771219480241298
-0.9545041738740652
-1.0790625585718951
-0.9370832095097286
-0.842299311685028
-1.03390674336725
-1.0097152569542678
-0.9965601294260298
-0.9997995335147944
-0.9621265328603377
-1.0661474562525197
-0.9997995335147944
-0.9997995335147944
-0.9997995335147944
-1.0320781446981513
-0.9732404300555808
-1.0505866930990109
-1.0550914689088824
-0.9997995335147944
-0.9997995335147944
-1.0114607207428419
-0.9997995335147944
-1.035169441102799
-0.9997995335147944
-1.0139155063020844
-0.9997995335147944
-0.9997995335147944
-1.0717970822042882
-0.9997995335147944
-1.0925792575253055
-0.9585171056277373
-1.0182735064423987
-0.9828021654055685
-0.9997995335147944
-0.9997995335147944
-0.9997995335147944
-1.0656270239373398
-1.0072193467711932
-1.0460062125687206
-1.0442289620224379
-0.9997995335147944
-1.0627207247918353
-1.0627207247918353
-1.0270786860029955
-0.9997995335147944
-1.0236114796837417
-0.9997995335147944
-0.9997995335147944
-0.9831193114104548
-0.9831193114104548
-1.0443245552867404
-0.9997995335147944
-0.9997995335147944
-1.0518733886305756
-0.9264576938022876
-0.9997995335147944
-0.9838829925354289
-0.945566307303406
-1.040173540114278
-1.016369110181536
-1.016369110181536
-0.9997995335147944
-0.9997995335147944
-1.016369110181536
-0.9997995335147944
-0.9997995335147944
-0.8637006475851526
-0.8791612990479473
-0.9419785169091006
-0.9888823817931356
-1.0577523536817797
-1.0114207259594887
-0.9947426857449293
-0.9947426857449293
-1.0043067297650157
-0.9997995335147944
-1.022014240641736
-1.0228806224905533
-1.0835996681737978
-0.9418817513317311
-1.0114102870352668
-1.0003841294056277
-1.0291193977076492
-0.8027209437108207
-0.9997995335147944
-0.9972320120403747
-1.0442086148554366
-0.9997995335147944
-1.0003841294056277
-0.9800194332986354
-0.9800194332986354
-0.9940863900806893
-1.001651339684788
-0.9997995335147944
-0.9578844002967293
-0.9455158762483818
-1.0078919516195488
-0.9752462033911344
-1.0070476268194262
-1.048039998093991
-1.016980283585961
-0.9826012616844096
-1.0195141971710415
-0.8439811368317659
-0.9695887279887859
-1.0337774513163804
-0.9894201433216933
-0.9940667154558095
-1.0213361241867394
-0.9997995335147944
-1.046578991812722
-0.9901656934025794
-1.0070476268194262
-0.9997995335147944
-0.8941052616289227
-1.0028783590853658
-1.0413415812914613
-1.0071804336901258
-0.8480113176701736
-1.0234630900011024
-0.9778999079547389
-0.8877083366726692
-1.0460062125687206
-0.9895600560576718
-1.0003294261427071
-0.9512545628917789
-1.0355160275274888
-0.9997995335147944
-1.0074448923723127
-1.008712662816135
-0.8035171176173836
-0.9949301186492476
-0.9783108263139932
-1.0001885205935517
-0.9997995335147944
-1.0616351132901467
-0.7530164487051603
-0.984169066965598
-0.9997995335147944
-1.016369110181536
-1.0066505862504975
-1.1329299907220671
-0.9997995335147944
-1.031662976310792
-0.9623425201537469
-0.9112280937817195
-0.9173956265592959
-1.118404804591795
-1.0624040704044229
-0.3812029082970908
-0.9997995335147944
-0.9289488041917294
-0.9997995335147944
-0.9997995335147944
-1.0217084844029383
-0.9967257242945317
-0.9997995335147944
-0.9997995335147944
-0.9967257242945317
-0.9997995335147944
-0.9997995335147944
-0.9997995335147944
-0.9997995335147944
-0.9997995335147944
-0.9997995335147944
-0.9997995335147944
-0.9997995335147944
-0.924757801894172
-0.9997995335147944
-1.0575950895510224
-0.9745068659506347
-0.8596358436136938
-1.0230135880048015
-0.9090476457470617
-0.9090476457470617
-0.8805396860709787
-0.9806427846338197
-0.6757838192890737
-0.8739615005463508
-1.0379435293212942
-0.950309408146067
-0.9997995335147944
-0.950309408146067
-0.9997995335147944
-0.9339875047765964
-1.0229406352651997
-1.0366321767211346
-1.024059361289086
-0.9875866006144286
-0.8453623315187184
-1.0279548130725267
-0.969464966640087
-0.9997995335147944
-0.936618183914808
-1.0609978458470977
-0.9496997011368049
-0.9997995335147944
-0.9056011493918033
-1.0241256617355743
-0.9345620917204911
-0.9852015004094928
-0.7892606993052208
-0.7488223737918468
-0.8059428307044345
-0.9616540537938331
-0.6941862775721129
-0.8941746056605521
-1.0307464343778405
-0.9997995335147944
-0.9336706442888472
-0.972359121182907
-1.0237626629832781
-0.9247315382879584
-0.9886727991820232
-1.031916527990624
-0.9953855360430347
-0.9997995335147944
-0.9552301568785714
-0.9997995335147944
-1.0097441855253808
-1.0070476268194262
-0.9997995335147944
-0.9997995335147944
-0.9418422487457336
-0.9911857505812771
-0.9997995335147944
-0.9468493972609554
-1.072960844968341
-1.072960844968341
-0.962144431173336
-0.5704393449854379
-0.8333362569690781
-0.8345805401952258
-1.0634389168277596
-0.9924193783835835
-0.9997995335147944
-0.9997995335147944
-0.9670583838332907
-0.7018405767700274
-0.9997995335147944
-1.0421502615503029
-0.39803888363951423
-0.9643902165795037
-1.0410004411137843
-1.0373145612916326
-0.9038052141230493
-0.8897116166767638
-1.039477111510253
-0.8533680790088715
-1.0246399466416447
-1.0280197047875959
-1.0338748875891621
-1.063690952064326
-0.9225314912586859
-0.950958505182886
-0.8886821683457006
-0.9997995335147944
-0.9997995335147944
-0.6056984645314635
-0.910268871784164
-0.7903457712548865
-1.080151097203174
-0.9223372473326756
-0.6309065942796585
-0.8147126689285077
-0.9997995335147944
-0.9997995335147944
-0.9997995335147944
-1.048123170208831
-0.9997995335147944
-0.7242004501876842
-1.0279536109872984
-1.0255331152184728
-1.042223007768183
-1.0368659750577907
-0.9997995335147944
-0.9126444083190159
-1.07397977978672
-1.0750580742522853
-0.7239286937350766
-1.0714352584997544
-0.9955515898180345
-0.9811627830006269
-1.042223007768183
-1.0003841294056277
-0.7226186660141092
-1.0045044521539572
-1.0328412996792748
-1.050227766437579
-0.7178343301080679
-1.100383177039197
-0.9637851187913284
-0.9997995335147944
-0.5305763650873317
-0.9634826278971221
-1.0806324756932424
-0.6563552070269324
-0.9302268712902495
-0.9997995335147944
-0.9739962428819845
-1.065933972078366
-0.988905641620719
-0.9996315400856212
-0.9922822954175504
-1.0016978441587414
-0.9189022006234446
-1.006896122289223
-0.9340043295972003
-0.9917761019882497
-1.026920852685993
-0.9997995335147944
-1.093020634260088
-0.7538715541930106
-1.0188621337918238
-1.0188621337918238
-1.1040676565232712
-0.8231271181605173
-1.0455589924795776
-0.9432601795289749
-1.0289015387411258
-1.0279832108868847
-0.9997995335147944
-0.9972998932579406
-0.9909155610812105
-1.0392451715521527
-0.932054626295427
-1.0830469793682562
-0.7730262918609265
-1.0255331152184728
-1.0531700830587745
-1.0546990837988353
-0.9255085100705616
-1.0123995527427083
-1.0070476268194262
-0.76927930320999
-0.9591068881222777
-0.9997995335147944
-0.9715930657337367
-0.9942405797015303
-0.9942405797015303
-0.9942405797015303
-0.9750398804417323
-1.020373486667444
-1.0067000064226646
-1.048159390313249
-0.9997995335147944
-1.0455102545227808
-0.7672078590469292
-0.9997995335147944
-0.9997995335147944
-1.0309813164406705
-0.879915669345849
-1.0003841294056277
-0.9997995335147944
-0.9997995335147944
-0.9829990577614597
-0.9953697935485026
-0.9588091660045487
-0.9770002861817706
-1.0645420238084733
-0.9997995335147944
-0.2633177586677097
-0.7252618534608335
-0.9997995335147944
-0.8715636148209468
-0.9786887722696929
-1.0002655440544317
-0.7194189498797539
-0.9997995335147944
-0.9997995335147944
-0.9680488419355737
-1.0284049955996715
-1.0284049955996715
-1.0259171808818925
-0.9997995335147944
-0.9997995335147944
-0.9769569342971752
-1.0216928885416796
-1.0229406352651997
-0.9028962882022287
-0.9997995335147944
-0.9782383418674567
-1.0326288680762041
-0.9997995335147944
-1.013404773533178
-0.9824351707228374
-0.9727567198627789
-0.9940653825852291
-0.9795829229083649
-1.0053238668958906
-1.0158762428475319
-1.0961459346003442
-0.8768706322898181
-0.9976002814738545
-1.0341346815846058
-0.8985244780425535
-1.0002655440544317
-0.9997995335147944
-1.0640469289636822
-1.0146119047387703
-1.096201731537682
-0.9456967620478108
-0.9971041275614428
-0.9804457535718033
-1.0760700292010272
-1.0595872944783382
-1.0754785971775735
-0.7932180203217127
-0.9978602340230988
-0.9978602340230988
-0.9997995335147944
-0.9322595738516731
-1.0003841294056277
-1.0567271498872888
-0.9997995335147944
-0.9482947403930566
-0.9216549588904125
-1.0360634751574576
-0.9997995335147944
-0.9997995335147944
-0.9698646010464201
-0.9871524065849123
-1.0070476268194262
-0.846186372153496
-0.9997995335147944
-0.9861533395510766
-0.9997995335147944
-1.0071333932327817
-0.6791187290547257
-0.9752672190139124
-0.9897068772199451
-1.0070476268194262
-0.9997995335147944
-0.9997995335147944
-0.895178272433933
-0.7882739630911219
-0.8314433461514237
-0.8314433461514237
-0.9963811885164298
-0.9997995335147944
-0.9997995335147944
-0.9997995335147944
-0.9997995335147944
-1.052601134362741
-0.7711472406946208
-1.0070476268194262
-1.0013807896757918
-0.9670714022154763
-0.9937987032625961
-1.103728128420349
-0.9402386626952824
-0.8277628504841044
-0.9997995335147944
-1.0703963623628756
-1.062327800871087
-1.0564173355350737
-0.9099431188972884
-0.9213238981425769
-0.9997995335147944
-0.9490194074057219
-0.8678240290722311
-0.9997995335147944
-0.9829770529664086
-0.9916847893881399
-1.0065686341876976
-1.1411786440640297
-0.9668890658551509
-0.9997995335147944
-1.0391155773831184
-1.062280617639915
-1.0637901406331238
-0.8975372943731943
-0.9275083007549182
-0.8707762200386986
-1.0085244342276236
-0.9371085487619046
-0.8626884081120418
-0.9673800063282338
-0.9869611582539769
-1.012538759404733
-0.9837758838010071
-0.9903482590705054
-1.023530999308203
-0.8874194429623656
-1.0110686721890607
-0.8676490786910723
-0.8246389559872712
-1.0276511572094884
-0.9980358220398219
-0.9997791492569983
-0.9660090546705107
-0.9060443146581941
-0.9997995335147944
-0.95492971709427
-1.0107728998751218
-0.882736224485739
-1.016387226803054
-0.9997995335147944
-0.8221499679991283
-0.8934668764887059
-0.9997995335147944
-0.9839812911753675
-1.0070476268194262
-1.0257225539921206
-0.9854436043702964
-0.9997995335147944
-0.9997995335147944
-1.1052834162676817
-1.0164102686266347
-0.9997995335147944
-0.7125092983263033
-0.790563373796111
-0.9954669827760246
-1.0045368188597674
-0.9428263158999216
-1.1139999782506913
-1.014551758929788
-0.9960405760073635
-0.9998655703593512
-1.0179243692219728
-0.9730944062210741
-0.9524255289372207
-1.080840274750293
-0.9860426122394719
-1.042223007768183
-1.000119546660376
-0.992987734282492
-0.9997995335147944
-0.9038262951851843
-1.0253699297767402
-1.026017100132515
-1.0063706764686846
-1.1225724083179618
-0.9537011100889712
-0.9879490390643229
-1.0705680768888037
-0.9707504453797625
-0.9101405682934751
-0.8332621627449528
-1.112010213197968
-1.1069350702380079
-0.918570408593772
-0.9918720128875859
-0.9200157280351613
-0.8907055325860225
-1.075741595304057
-0.9405369954408336
-0.9109705964211374
-0.9806045812777786
-1.0210131317009405
-0.9901935518878355
-0.8162033007778994
-1.0191882242080132
-0.98311931141046
-0.9601118692387836
-0.9997995335147944
-0.9997995335147944
-0.9409534319170295
-0.9997995335147944
-0.9216830587776358
-1.00508669924224
-0.9139750312430648
-0.9164424123458911
-0.9209320264112626
-0.9688942844519941
-0.9688942844519941
-0.9312474558248933
-0.9312474558248933
-0.9534576662719855
-1.0152688918105712
-1.0152688918105712
-1.036790192135389
-1.076553657870122
-0.9984377648932989
-1.0229406352651997
-0.9608635714800917
-1.0167454332510264
-0.9662534055377763
-0.9233038218393834
-1.0303252422070375
-0.9997995335147944
-0.9997995335147944
-0.9690365062904343
-0.9713553791046994
-0.7807510356599674
-0.9982781016413704
-1.0684596860954625
-1.113637740246198
-1.0070476268194262
-1.0517354038320954
-0.9892040952357947
-1.0607859251321163
-0.9972060436085084
-1.077002886438407
-0.9687673314951754
-0.9712824376066629
-0.9895519176692207
-1.0003841294056277
-0.9735576645931061
-1.053694815265238
-1.057979233067857
-1.042051239288607
-1.031711197709332
-0.9816437425796394
-0.9997995335147944
-1.0070476268194262
-0.9048411375490315
-1.0229406352651997
-1.0262136205041372
-0.9564872190968108
-0.8575343369773494
-0.8074217548592656
-0.7270742422448928
-1.0443350112398262
-0.9997995335147944
-1.0361418155821522
-0.8013300171085094
-0.9997995335147944
-1.042848385179401
-0.9997995335147944
-0.9455865987851539
-1.0951978145288224
-1.0585740482640478
-0.8705794119331367
-0.6671882652272143
-0.8194527992911271
-0.973206778300716
-0.8671474998313737
-0.9389185236394751
-1.034466626436571
-0.9997995335147944
-0.8958844386518218
-0.9997995335147944
-0.9997995335147944
-0.9997995335147944
-0.9997995335147944
-0.9997995335147944
-1.014744759403763
-0.962928280217592
-0.987859527442771
-0.9997995335147944
-0.9997995335147944
-1.006822975044391
-0.9183035254270151
-0.8901205848671416
-1.026960538741149
-0.8933916630371108
-0.9801742680256695
-1.0504593234452229
-1.0567392672153868
-0.976867729603403
-0.9467930504929137
-0.8987383580391967
-0.9997995335147944
-0.8128264793084482
-0.9997995335147944
-1.0719062375230017
-1.0619013733332239
-0.9997995335147944
-0.9593252870034521
-0.9997995335147944
-1.0130191650311928
-1.067768749595662
-1.0917181537366636
-0.9792482333922002
-1.0055124371394057
-0.9997995335147944
-0.9230254812210243
-1.0248080465137543
-1.0248080465137543
-0.9773041363213535
-0.9997995335147944
-0.9773041363213535
-1.0002266965093276
-1.0448461098465964
-0.8683120504718145
-1.0367136903988112
-0.9843760538329002
-0.9997995335147944
-0.9997995335147944
-0.9997995335147944
-1.003581707828607
-0.9997995335147944
-0.9578627156169628
-0.9997995335147944
-1.04156887807553
-1.0121340324096142
-0.8958332816245811
-1.0002655440544317
-0.9670669267524991
-0.7800572380971439
-0.9675480780461878
-0.905764501055593
-1.0070476268194262
-1.0156336677395146
-0.9997995335147944
-0.9226548203667044
-1.0420691104656041
-0.9748410294786372
-0.885216110436697
-0.8169895322008748
-0.9473967543525159
-0.9921912181690029
-0.9229852295887025
-0.8999332664519647
-0.9284602898063508
-1.019141589299148
-1.0070476268194262
-1.0003278482821985
-0.9771335099467833
-0.8965744900282142
-0.819965291507487
-0.819965291507487
-1.0092310177670152
-0.9569306120209298
-1.046815189231596
-1.0070476268194262
-1.0564173355350737
-0.9997995335147944
-0.9997995335147944
-0.9997995335147944
-1.0164484685349016
-0.9997995335147944
-0.9460890763289597
-0.8923501072362527
-1.0356377918705233
-0.9053403150462852
-0.8314103072025449
-1.0460062125687206
-1.0460062125687206
-1.0748029737409572
-1.0708937307054835
-0.9990239114352809
-1.0408385039360402
-1.005332411493058
-0.9997995335147944
-1.0123190972034872
-0.7334382176770429
-0.9086337923975822
-0.8421379074677635
-1.0247636299197165
-0.8962522513146408
-0.9725528387993232
-1.005389306410362
-0.9784596494914664
-0.9656879990003386
-1.0671685005153106
-1.0314477089792677
-0.9572224332657087
-0.9997995335147944
-0.9334402361152049
-1.0289989805186734
-0.9485710206297208
-1.0111906982935446
-1.022103069137994
-1.051083907281216
-0.9581294131234064
-1.0654040612310647
-1.0654040612310647
-0.9997995335147944
-1.0357709728756856
-1.0105248558034898
-0.9997995335147944
-1.010036875971645
-0.9221910262003277
-0.9495291294901864
-0.8498800859260001
-0.9635666829488426
-1.005101567188319
-1.0178091137607643
-1.0003841294056277
-0.9179235641162621
-0.850354882527242
-0.8178481887364535
-0.9708701867627846
-1.0586003006563345
-1.0733501050174112
-0.9997995335147944
-0.9610052281644965
-0.9791197663362065
-1.0362115327438362
-0.9022407445288487
-1.0369680749044257
-0.9150489859779444
-1.0229406352651997
-0.9503355576588928
-0.983542602433448
-0.7799143451643454
-0.9997995335147944
-0.9997995335147944
-0.9997995335147944
-0.9997995335147944
-1.0541144658802462
-1.0541144658802462
-1.0257217639036973
-0.8689500596334626
-0.9153783028096104
-0.8196295178673989
-0.7717777102100334
-1.0251036211696094
-1.0564173355350737
-0.9660066103482203
-0.9997995335147944
-0.9660446343680296
-0.9997995335147944
-0.9945738256396935
-0.9997995335147944
-0.9733602758900988
-0.9083824236937386
-1.0002655440544317
-0.9731424921972138
-0.9997995335147944
-0.9997995335147944
-0.9997995335147944
-0.8827595844457121
-1.056548561106222
-0.8301427545060218
-0.9997995335147944
-0.9005689338212303
-0.9997995335147944
-0.9729511399434345
-0.9174363482361265
-0.6402393697052163
-0.9997995335147944
-0.9997995335147944
-1.0378804682424154
-0.9189282522874437
-0.7532890698824942
-1.0084142778016543
-0.8729835246199491
-0.9997995335147944
-1.0083248506173017
-1.000506975871651
-1.0308437759102436
-0.9621840416147575
-0.9552374877631722
-0.885305097200185
-0.9294593381534311
-0.9997995335147944
-0.8449692701820642
-0.6894721790275231
-0.780334069060489
-0.9675516092238788
-0.9997995335147944
-1.042223007768183
-0.9997995335147944
-0.985988741273081
-0.8577547039624676
-0.9935792877490497
-0.9272349766741685
-0.7142989600040933
-0.9937917477982906
-0.9207335359332488
-1.0135164315639642
-0.761987440121857
-1.0360634751574576
-0.9157515807148502
-0.9932407187645171
-1.0084191383998786
-1.0352996938462433
-1.0070476268194262
-0.9683007265048611
-0.9792615507727317
-1.0191018646053813
-0.7993698004594573
-0.9699326351923766
-0.9997995335147944
-0.9804175695588254
-1.0252978670100654
-0.8011326261089684
-1.0603796648019157
-0.9997995335147944
-0.8502795149179969
-1.0881525986052092
-0.9997995335147944
-1.0000604325295392
-0.9997995335147944
-0.9997995335147944
-0.9774373692576563
-1.1058209406152864
-0.8994652788881773
-1.0069288683004791
-1.0069288683004791
-1.039902835264249
-0.973801532578431
-0.9997995335147944
-1.0460290570851414
-0.9831193114104553
-1.0530031896726375
-0.9997995335147944
-0.9018991398052916
-1.024551598388377
-1.0118560479143761
-1.0989731034030805
-0.8961746405148538
-0.8961746405148538
-0.9968602772335393
-1.0070476268194262
-1.0107164504187538
-1.0070476268194262
-0.9328372594370011
-0.9196597512321506
-1.009535650316117
-0.9997995335147944
-0.9561365572338777
-0.9997995335147944
-1.0003841294056277
-1.0595632134974098
-0.9570812254143488
-0.9570812254143488
-0.9305681709878071
-0.9997995335147944
-0.9997995335147944
-1.0519987568988816
-1.058070606753608
-0.9997995335147944
-0.9530050523112099
-1.0133862720380165
-0.9674721422717508
-1.1064786550862622
-0.9997995335147944
-0.9867381959198462
-0.9513408605339984
-1.042223007768183
-1.0528206494958294
-1.0577523536817797
-1.0535777828670914
-0.8619007862734289
-0.9170241918067616
-0.9351916539413836
-1.0195488577604892
-1.0195488577604892
-0.9819729761414403
-1.0296630181203852
-0.7705136056667
-1.1047621092564222
-1.0192614540222564
-0.9900788281172405
-1.0197952214916897
-0.9903999529119111
-0.8574713829195446
-0.7401394303291218
-0.9997995335147944
-1.0199374175708074
-0.987672196076576
-0.8095625460331589
-0.9210569373716202
-0.7460749558905792
-0.7915648155399442
-1.0892902868930656
-1.0153825603265112
-1.0389028743603157
-0.9270643279885433
-0.908943719770964
-0.9218099231210799
-1.042223007768183
-0.9871879068075203
-0.9727191694499534
-0.8153322785244355
-1.0255331152184728
-0.9551163775489788
-1.0003841294056277
-1.0238484144229705
-0.9997995335147944
-1.0323283149880274
-0.9599903979027964
-0.7357660275165168
-0.8302057108295199
-0.9099773386565653
-1.023159962603628
-0.963604031283847
-1.043501981805286
-0.9751093400313239
-0.7614835166127958
-0.9509941132685612
-0.8635424936061301
-0.9459553928717854
-0.9750107629697656
-0.9640204694239586
-0.918005877243612
-1.0253458794731203
-1.0003841294056277
-1.043970760933847
-0.7419160784161383
-0.9997995335147944
-0.9997995335147944
-0.9720925235278204
-0.7958440303084291
-0.980869503055463
-1.034264981211725
-1.0203252929692566
-1.098065478902056
-0.9512198454282137
-0.9634364430412151
-0.9010300822960234
-0.9757688094633878
-1.0213361241867394
-0.9721343068822919
-0.9702170582300328
-1.0003424696496857
-1.091719950328131
-0.855862621375021
-1.0945742323365009
-0.9170552747637545
-0.950946571308791
-0.9355470072970904
-0.9625471921464352
-0.9869218252186873
-0.9459760871723419
-0.9820321982378711
-0.8617159529258577
-0.9853398726271754
-0.8570785419852303
-0.9659616167789761
-1.0107728998751218
-1.0564173355350737
-1.1739681545076546
-0.9997995335147944
-1.0639001800119232
-1.013627985396551
-0.9169637987053512
-0.9997995335147944
-1.080987764787238
-0.9560000062959805
-1.0220923648336475
-0.9808803929547893
-0.9557163077467672
-0.9967129340026317
-0.8153999407457192
-1.0491235928269185
-0.9980480121693407
-0.9997995335147944
-0.9704934836230585
-0.9746825153280769
-0.9519140587392813
-1.0635742640440198
-1.0070476268194262
-0.8530431972782614
-0.9562753758470306
-0.9692908832917416
-0.8470674266484675
-1.0177568530407766
-1.1126425052689974
-1.0588624311480133
-0.9570677587734169
-0.9997995335147944
-0.9997995335147944
-1.0023365222112912
-0.9560114947207943
-1.081479767590924
-1.0083339969600595
-1.0523172222059345
-1.003312313867023
-1.0543340496895597
-0.914403321087539
-1.0209193265474112
-0.9997995335147944
-1.0909893424570385
-0.9990653261777429
-1.0362242461226259
-1.0492335095391288
-0.9997995335147944
-1.0093107567224453
-1.034400320835292
-0.8659213552323628
-1.0287632612361715
-0.9345320307992437
-0.9345320307992437
-0.7404987579706774
-1.0126925840696523
-1.0126925840696523
-0.9135134919521637
-0.9997995335147944
-0.9997995335147944
-0.7979245223203376
-0.947717059970574
-0.8942761506696469
-0.9161601248802744
-1.0954329042444853
-0.9704014720462559
-0.8994689403459246
-1.1278046677787452
-1.0266927605199605
-1.0566911267220376
-1.0566911267220376
-0.9560621071710753
-1.0230568792606904
-0.9899918050427906
-0.9997995335147944
-0.9997650270665799
-1.03038046219846
-1.0070476268194262
-0.9941863926086081
-1.0229406352651997
-1.0255331152184728
-1.069210382665096
-0.8975090738020117
-0.9900189391758779
-0.9389410761326027
-0.9498188301260695
-1.0436311670176075
-1.0436311670176075
-0.9997995335147944
-0.9538317759806954
-0.8794559251654032
-0.9556611853941226
-0.9117866780895627
-0.9794950937077165
-0.8454779851765156
-1.0407432304864215
-0.975243179581371
-1.072839724069653
-0.636903356568849
-0.9997995335147944
-0.9053492944444608
-0.9150473375012169
-0.9997995335147944
-0.9592362414372844
-1.0137128002183324
-0.9997995335147944
-0.9840227602740846
-1.0088658867495992
-0.9689584668710104
-0.9910506397695715
-1.0255331152184728
-1.0404220329378742
-1.0002655440544317
-0.9993004757780066
-0.9650793354260936
-0.9997995335147944
-0.9997995335147944
-0.8234764342247123
-0.9532278180486491
-0.9532278180486491
-1.006506542654948
-0.9829654454290402
-1.0460062125687206
-1.0638953995268687
-0.9997995335147944
-1.0229406352651997
-0.9373052727084623
-1.0070476268194262
-1.042539155587903
-0.9847867909910228
-1.0287525289416954
-1.1003174495748842
-1.0070761460874138
-1.0214781838883895
-0.9997995335147944
-1.0443488598794493
-1.0470789557922409
-0.9221124304773781
-1.0003841294056277
-0.9100741773262078
-1.0279215563193116
-1.043934085831295
-0.9934036806821771
-1.0511037378333297
-1.0332126030308078
-1.0108577452691683
-1.0108577452691683
-0.8093064246084638
-0.9979589981041705
-0.9942835243044136
-1.0070476268194262
-0.9351237986387979
-1.0577523536817797
-0.9997995335147944
-1.0412517273758202
-0.9556543038347605
-0.8873152864383594
-1.0383343514926044
-0.9997995335147944
-1.0570898575837613
-0.968532916877124
-1.0260942607673957
-0.9587237705391077
-0.9534902603650417
-0.964228852042913
-0.9468563894602839
-0.9462599250941366
-1.089213932337951
-0.8635440380336004
-1.0350993613476487
-0.9856458190903252
-1.0001846296590717
-1.0639001800119232
-1.042580189494101
-0.9926250019939877
-0.9472691243085759
-0.9873972358649931
-1.0070476268194262
-0.988589690157826
-0.9034892755997495
-0.9801547082121677
-0.9708060625832695
-0.8109265010560219
-1.0273021452265907
-0.9598264442242919
-1.0451852451549102
-1.0083784410803394
-0.9997995335147944
-1.0059423772204603
-0.9276469315807565
-0.9227688886556947
-0.9855989894617572
-1.0105698681118702
-0.9997995335147944
-1.0160075708768734
-0.9883183640060615
-0.9171839573605174
-1.0584282860747736
-1.0255331152184728
-0.9613949534120797
-1.0255331152184728
-0.9997995335147944
-0.9548477334703552
-0.9566935752698622
-0.8819819939900247
-1.0237069640087566
-1.016685487334876
-1.0091153933672499
-1.0781465965042372
-0.9997995335147944
-0.9997995335147944
-1.042223007768183
-0.9997995335147944
-0.9997995335147944
-0.9942770526721585
-0.9997995335147944
-0.9997995335147944
-1.0320781446981513
-1.0001658065689214
-0.9997995335147944
-0.9997995335147944
-1.0424935919015805
-0.8390001313357123
-0.9997995335147944
-0.9565637569175189
-0.9997995335147944
-1.090490891560715
-0.9620603693118096
-1.042223007768183
-1.0430239492607563
-0.9997995335147944
-1.0430239492607563
-0.8317893838718018
-0.8054257199679808
-1.085959405636562
-0.9694523294681378
-0.9694523294681378
-0.9688827225539091
-0.9333421074004736
-0.9707615261847857
-0.7915363146926535
-1.0586086346944072
-1.0598210867000073
-1.0002051528450449
-0.9880558950484308
-0.8098472240774034
-0.9409017116107686
-1.0070476268194262
-1.0092274524910605
-1.0598136487190493
-1.011709934806654
-0.9605551109409984
-0.8847565959763776
-0.7356620694258734
-1.0239415665633687
-0.8915322087854309
-0.9877544521972539
-0.9623893595770476
-1.0262028312779519
-1.044699591000493
-0.9819718004294343
-0.9723181719898158
-0.9281272639154433
-1.0414185730340446
-1.0185093677639605
-0.9625828446810676
-0.9997995335147944
-0.9964488751111867
-1.0326231662571335
-0.9926302209779113
-0.9997995335147944
-1.0070476268194262
-0.9330776366436825
-1.0257238984807358
-0.8076939821198716
-0.7744831656736664
-0.8705179659839399
-0.8957360760008128
-0.9436205490558924
-0.8241738130639893
-0.8955203686570358
-0.8958594049003852
-0.8065094368459385
-1.0439340858312953
-1.086482525174006
-0.9763435194081984
-1.0276859992744454
-0.9389196988506133
-0.7169970379954953
-0.9869464912463652
-0.9546205919202149
-0.8990273916821253
-0.9944984766509347
-0.9908714833795308
-0.5554135397231044
-0.9217728008340654
-1.0400842555780618
-0.9551480860160864
-0.9996507201000927
-0.9389860169279394
-0.9882740468259514
-0.9304941907082295
-0.9561603844184763
-0.9923754356687973
-1.0460062125687206
-0.9236746249628142
-1.0304149588988358
-1.0222201108134912
-0.9997995335147944
-1.0250844621954978
-1.0138065060093184
-1.120187503110225
-1.0234359052506472
-0.9781370375555731
-0.9997995335147944
-0.9997995335147944
-0.9377252053068433
-0.9576980135611225
-0.9997995335147944
-0.9576980135611225
-0.9997995335147944
-0.9721115740612022
-0.8639690732505371
-0.9997995335147944
-0.9997995335147944
-0.8639690732505371
-1.0038447034580238
-1.0122488363959814
-1.0162623337312193
-1.0162623337312193
-0.9452401970023209
-0.9997995335147944
-0.9997995335147944
-0.9997995335147944
-1.0649238396940668
-0.8243991665052146
-1.0135936524053346
-0.9234475373802333
-1.0004193263436258
-1.016369110181536
-1.0564173355350737
-0.9226692898679572
-0.9997995335147944
-1.019177560957245
-0.9522214102926131
-0.9975937365355522
-1.015024453595045
-1.1684178546022401
-1.042223007768183
-1.0511952430307634
-0.9009523217887988
-0.9997995335147944
-1.0637073922243863
-0.9997995335147944
-1.1555775534871453
-1.0474269605554336
-0.9997995335147944
-0.9559547895537144
-1.0070476268194262
-0.9997995335147944
-0.9485518445388865
-1.0518668415428323
-1.0024670823197281
-0.9997995335147944
-1.0024670823197281
-1.0003841294056277
-1.0070476268194262
-0.9553244673685576
-0.9411258656386587
-1.01832829836069
-1.0031266825600365
-0.948172248028062
-1.0781275452497938
-1.02413003112727
-1.0000519842415074
-0.9860366891345842
-0.9997995335147944
-0.9173304311080848
-1.003369723087605
-1.021020203658633
-0.932194233981619
-0.9556802821873824
-1.006496739653222
-0.9433748207306333
-0.9993643795979102
-1.0897860012116611
-0.9949323254932602
-0.9912271331240546
-1.0405077040844826
-1.0254400137439443
-1.0254400137439443
-1.035092097842497
-0.9609657382085455
-0.8111904057488865
-0.8111904057488865
-0.9574327573446926
-1.0568483960603403
-1.0495207509865516
-1.023498808002704
-1.0081183919764667
-0.8842542735757408
-0.8169383551390652
-0.9798457766325556
-0.8703635765811063
-0.9997995335147944
-1.0169502755677784
-0.9997995335147944
-1.0081389200301634
-1.128027560071576
-0.93667642104692
-0.9121472504159737
-0.9997995335147944
-1.0289730202909173
-0.9083730783507561
-0.9997995335147944
-0.9997995335147944
-0.936816373465698
-0.9486256678565098
-1.0319091381499943
-1.0249805683047275
-0.9812689669783571
-0.966443639722633
-1.0157716027597241
-0.9865261528790874
-0.9997995335147944
-0.9262760541143779
-0.9997995335147944
-0.8971313137366482
-0.9512064547682729
-0.9730226560410162
-0.8714147244067441
-1.0130632870136478
-1.0655220101751581
-0.9679891752256284
-1.0444411423546667
-0.909534856895993
-0.9389698884249739
-0.9688701167615826
-1.0528206494958294
-0.9997995335147944
-1.041129828606301
-0.9955043664266245
-0.9297397094939328
-0.9997995335147944
-0.9997995335147944
-0.9536070125374828
-0.86263590673392
-0.9997995335147944
-0.9997995335147944
-0.9909496175868653
-0.9684703261285621
-0.8588299868646636
-1.0123513335503473
-1.0437131883911461
-0.8905930704003311
-1.0625696432823784
-1.0625696432823784
-0.8507533191046772
-0.8507533191046772
-1.0357751003592628
-1.008399865624949
-0.9515458856764066
-0.9997995335147944
-1.0003841294056277
-0.9699335807538446
-0.9877168690492193
-1.0543340496895597
-0.9818689473078228
-0.9798179179066325
-1.0009475150914933
-0.964015370199757
-0.9986457573104508
-0.9991715124140549
-1.0131570480115817
-0.9998810412565975
-1.0393706414323658
-0.9997995335147944
-0.9355423437014502
-0.8660284071436226
-1.0634996712145741
-1.0872523829427114
-1.0924290919975634
-0.8702521988509845
-1.0046277178133611
-0.9947484343667746
-1.0474766988044983
-0.7012451432036777
-0.8349072176582979
-1.0438971036116511
-0.922270836063774
-0.9513520011550095
-1.0072873421161734
-0.8279079977508887
-1.0978405694067117
-0.9377607831779522
-0.9997995335147944
-0.9997995335147944
-0.9997995335147944
-0.9997995335147944
-0.858527509937591
-0.9060833325677229
-1.042223007768183
-1.0382563228034387
-1.0542343177466031
-1.000179432614947
-0.8979803512043311
-0.9286056683661519
-0.7881763072919405
-1.0302665525903383
-0.813021839782605
-0.8635554370186276
-0.8969908382189
-0.889554732467446
-1.0583291106454675
-1.0921881990238589
-0.9038326484531946
-0.9167107719079947
-0.9728383231043314
-0.9938653141026276
-1.0087004351228073
-0.8371751889241152
-0.9096989616722037
-1.063980233935774
-1.0767047506524556
-0.9970401222350062
-1.0212856401311723
-0.9734188705370675
-0.8605556284071959
-0.9499384522677428
-1.0014432233857453
-1.0026668214801129
-0.9345708225039167
-0.9997995335147944
-0.9292390936058085
-0.9370756753373026
-1.0171472968104307
-1.0290801282551758
-1.0436988321091816
-1.0436988321091816
-1.0070476268194262
-0.9836046552666368
-0.9588800106417569
-1.0276949339135293
-0.9997995335147944
-1.051588863549694
-0.9997995335147944
-0.9997995335147944
-0.9747922794919188
-0.9997995335147944
-0.9128830446298448
-0.9997995335147944
-0.9997995335147944
-0.9591102488837426
-0.9997995335147944
-0.9908224609051993
-1.011918086590196
-1.0070476268194262
-0.9997995335147944
-0.9997995335147944
-1.0502569465064444
-1.0569524132016574
-1.029955590042138
-0.9997995335147944
-0.9997995335147944
-0.9381951695034356
-0.8994298289023785
-0.974650092165416
-1.0426389721695304
-1.0003841294056277
-0.9938566481479549
-0.9997995335147944
-1.0349577502795426
-1.042223007768183
-0.9997995335147944
-1.0070476268194262
-0.9391945744710032
-0.7800740916367145
-1.0080381752239431
-0.9997995335147944
-1.0003841294056277
-0.9997995335147944
-0.9540233148809946
-1.0055967415830898
-0.9195222732002977
-1.03793070358125
-0.9688877203086568
-1.0229406352651997
-1.0255331152184728
-1.024055810909857
-1.0233779398955605
-0.8534669781336799
-1.0196983513891802
-1.0196983513891802
-0.9734759907047823
-1.0383680367616523
-1.022271997751897
-1.022271997751897
-0.9997995335147944
-1.0666696730996967
-1.0339610162437323
